{"/home/yibo/Desktop/TestGeneration/ProjectTest/jstest/GPT3.5/ProjectTest/JS/original_fix/aggregate/aggregate.js": {"path":"/home/yibo/Desktop/TestGeneration/ProjectTest/jstest/GPT3.5/ProjectTest/JS/original_fix/aggregate/aggregate.js","statementMap":{"0":{"start":{"line":12,"column":34},"end":{"line":22,"column":1}},"1":{"start":{"line":13,"column":2},"end":{"line":15,"column":3}},"2":{"start":{"line":14,"column":4},"end":{"line":14,"column":10}},"3":{"start":{"line":17,"column":2},"end":{"line":19,"column":3}},"4":{"start":{"line":18,"column":4},"end":{"line":18,"column":70}},"5":{"start":{"line":21,"column":2},"end":{"line":21,"column":41}}},"fnMap":{"0":{"name":"(anonymous_0)","decl":{"start":{"line":12,"column":34},"end":{"line":12,"column":35}},"loc":{"start":{"line":12,"column":53},"end":{"line":22,"column":1}},"line":12}},"branchMap":{"0":{"loc":{"start":{"line":13,"column":2},"end":{"line":15,"column":3}},"type":"if","locations":[{"start":{"line":13,"column":2},"end":{"line":15,"column":3}},{"start":{},"end":{}}],"line":13},"1":{"loc":{"start":{"line":17,"column":2},"end":{"line":19,"column":3}},"type":"if","locations":[{"start":{"line":17,"column":2},"end":{"line":19,"column":3}},{"start":{},"end":{}}],"line":17}},"s":{"0":0,"1":0,"2":0,"3":0,"4":0,"5":0},"f":{"0":0},"b":{"0":[0,0],"1":[0,0]}}
,"/home/yibo/Desktop/TestGeneration/ProjectTest/jstest/GPT3.5/ProjectTest/JS/original_fix/aggregate/descriptors.js": {"path":"/home/yibo/Desktop/TestGeneration/ProjectTest/jstest/GPT3.5/ProjectTest/JS/original_fix/aggregate/descriptors.js","statementMap":{"0":{"start":{"line":2,"column":30},"end":{"line":10,"column":1}},"1":{"start":{"line":4,"column":2},"end":{"line":9,"column":4}}},"fnMap":{"0":{"name":"(anonymous_0)","decl":{"start":{"line":2,"column":30},"end":{"line":2,"column":31}},"loc":{"start":{"line":2,"column":59},"end":{"line":10,"column":1}},"line":2}},"branchMap":{},"s":{"0":0,"1":0},"f":{"0":0},"b":{}}
,"/home/yibo/Desktop/TestGeneration/ProjectTest/jstest/GPT3.5/ProjectTest/JS/original_fix/animation/AnimationAction.js": {"path":"/home/yibo/Desktop/TestGeneration/ProjectTest/jstest/GPT3.5/ProjectTest/JS/original_fix/animation/AnimationAction.js","statementMap":{"0":{"start":{"line":8,"column":2},"end":{"line":8,"column":22}},"1":{"start":{"line":9,"column":2},"end":{"line":9,"column":20}},"2":{"start":{"line":10,"column":2},"end":{"line":10,"column":30}},"3":{"start":{"line":11,"column":2},"end":{"line":11,"column":29}},"4":{"start":{"line":13,"column":17},"end":{"line":13,"column":28}},"5":{"start":{"line":14,"column":13},"end":{"line":14,"column":26}},"6":{"start":{"line":15,"column":18},"end":{"line":15,"column":38}},"7":{"start":{"line":17,"column":30},"end":{"line":20,"column":3}},"8":{"start":{"line":22,"column":2},"end":{"line":28,"column":3}},"9":{"start":{"line":22,"column":16},"end":{"line":22,"column":17}},"10":{"start":{"line":24,"column":23},"end":{"line":24,"column":60}},"11":{"start":{"line":25,"column":3},"end":{"line":25,"column":35}},"12":{"start":{"line":26,"column":3},"end":{"line":26,"column":46}},"13":{"start":{"line":30,"column":2},"end":{"line":30,"column":50}},"14":{"start":{"line":32,"column":2},"end":{"line":32,"column":36}},"15":{"start":{"line":35,"column":2},"end":{"line":35,"column":48}},"16":{"start":{"line":37,"column":2},"end":{"line":37,"column":26}},"17":{"start":{"line":38,"column":2},"end":{"line":38,"column":32}},"18":{"start":{"line":40,"column":2},"end":{"line":40,"column":36}},"19":{"start":{"line":41,"column":2},"end":{"line":41,"column":33}},"20":{"start":{"line":43,"column":2},"end":{"line":43,"column":25}},"21":{"start":{"line":44,"column":2},"end":{"line":44,"column":24}},"22":{"start":{"line":48,"column":2},"end":{"line":48,"column":25}},"23":{"start":{"line":52,"column":2},"end":{"line":52,"column":16}},"24":{"start":{"line":54,"column":2},"end":{"line":54,"column":21}},"25":{"start":{"line":55,"column":2},"end":{"line":55,"column":31}},"26":{"start":{"line":57,"column":2},"end":{"line":57,"column":18}},"27":{"start":{"line":58,"column":2},"end":{"line":58,"column":28}},"28":{"start":{"line":60,"column":2},"end":{"line":60,"column":30}},"29":{"start":{"line":62,"column":2},"end":{"line":62,"column":22}},"30":{"start":{"line":63,"column":2},"end":{"line":63,"column":22}},"31":{"start":{"line":65,"column":2},"end":{"line":65,"column":33}},"32":{"start":{"line":67,"column":2},"end":{"line":67,"column":31}},"33":{"start":{"line":68,"column":2},"end":{"line":68,"column":29}},"34":{"start":{"line":76,"column":2},"end":{"line":76,"column":38}},"35":{"start":{"line":78,"column":2},"end":{"line":78,"column":14}},"36":{"start":{"line":84,"column":2},"end":{"line":84,"column":40}},"37":{"start":{"line":86,"column":2},"end":{"line":86,"column":22}},"38":{"start":{"line":92,"column":2},"end":{"line":92,"column":22}},"39":{"start":{"line":93,"column":2},"end":{"line":93,"column":22}},"40":{"start":{"line":95,"column":2},"end":{"line":95,"column":16}},"41":{"start":{"line":96,"column":2},"end":{"line":96,"column":24}},"42":{"start":{"line":97,"column":2},"end":{"line":97,"column":25}},"43":{"start":{"line":99,"column":2},"end":{"line":99,"column":41}},"44":{"start":{"line":105,"column":2},"end":{"line":106,"column":67}},"45":{"start":{"line":113,"column":2},"end":{"line":113,"column":45}},"46":{"start":{"line":119,"column":2},"end":{"line":119,"column":25}},"47":{"start":{"line":121,"column":2},"end":{"line":121,"column":14}},"48":{"start":{"line":127,"column":2},"end":{"line":127,"column":19}},"49":{"start":{"line":128,"column":2},"end":{"line":128,"column":33}},"50":{"start":{"line":130,"column":2},"end":{"line":130,"column":14}},"51":{"start":{"line":141,"column":2},"end":{"line":141,"column":23}},"52":{"start":{"line":144,"column":2},"end":{"line":144,"column":52}},"53":{"start":{"line":146,"column":2},"end":{"line":146,"column":27}},"54":{"start":{"line":153,"column":2},"end":{"line":153,"column":31}},"55":{"start":{"line":159,"column":2},"end":{"line":159,"column":48}},"56":{"start":{"line":165,"column":2},"end":{"line":165,"column":48}},"57":{"start":{"line":171,"column":2},"end":{"line":171,"column":36}},"58":{"start":{"line":172,"column":2},"end":{"line":172,"column":26}},"59":{"start":{"line":174,"column":2},"end":{"line":185,"column":3}},"60":{"start":{"line":176,"column":26},"end":{"line":176,"column":45}},"61":{"start":{"line":177,"column":22},"end":{"line":177,"column":50}},"62":{"start":{"line":179,"column":20},"end":{"line":179,"column":52}},"63":{"start":{"line":180,"column":20},"end":{"line":180,"column":52}},"64":{"start":{"line":182,"column":3},"end":{"line":182,"column":54}},"65":{"start":{"line":183,"column":3},"end":{"line":183,"column":45}},"66":{"start":{"line":187,"column":2},"end":{"line":187,"column":14}},"67":{"start":{"line":193,"column":2},"end":{"line":193,"column":60}},"68":{"start":{"line":199,"column":28},"end":{"line":199,"column":51}},"69":{"start":{"line":201,"column":2},"end":{"line":206,"column":3}},"70":{"start":{"line":203,"column":3},"end":{"line":203,"column":34}},"71":{"start":{"line":204,"column":3},"end":{"line":204,"column":64}},"72":{"start":{"line":208,"column":2},"end":{"line":208,"column":14}},"73":{"start":{"line":219,"column":2},"end":{"line":219,"column":29}},"74":{"start":{"line":220,"column":2},"end":{"line":220,"column":57}},"75":{"start":{"line":222,"column":2},"end":{"line":222,"column":28}},"76":{"start":{"line":229,"column":2},"end":{"line":229,"column":34}},"77":{"start":{"line":235,"column":2},"end":{"line":235,"column":50}},"78":{"start":{"line":237,"column":2},"end":{"line":237,"column":28}},"79":{"start":{"line":243,"column":2},"end":{"line":243,"column":26}},"80":{"start":{"line":244,"column":2},"end":{"line":244,"column":36}},"81":{"start":{"line":246,"column":2},"end":{"line":246,"column":28}},"82":{"start":{"line":252,"column":2},"end":{"line":252,"column":60}},"83":{"start":{"line":258,"column":16},"end":{"line":258,"column":27}},"84":{"start":{"line":259,"column":9},"end":{"line":259,"column":19}},"85":{"start":{"line":260,"column":15},"end":{"line":260,"column":29}},"86":{"start":{"line":262,"column":20},"end":{"line":262,"column":46}},"87":{"start":{"line":264,"column":2},"end":{"line":269,"column":3}},"88":{"start":{"line":266,"column":3},"end":{"line":266,"column":49}},"89":{"start":{"line":267,"column":3},"end":{"line":267,"column":44}},"90":{"start":{"line":271,"column":16},"end":{"line":271,"column":46}},"91":{"start":{"line":272,"column":12},"end":{"line":272,"column":36}},"92":{"start":{"line":274,"column":2},"end":{"line":274,"column":19}},"93":{"start":{"line":275,"column":2},"end":{"line":275,"column":30}},"94":{"start":{"line":277,"column":2},"end":{"line":277,"column":43}},"95":{"start":{"line":278,"column":2},"end":{"line":278,"column":41}},"96":{"start":{"line":280,"column":2},"end":{"line":280,"column":14}},"97":{"start":{"line":286,"column":31},"end":{"line":286,"column":57}},"98":{"start":{"line":288,"column":2},"end":{"line":293,"column":3}},"99":{"start":{"line":290,"column":3},"end":{"line":290,"column":37}},"100":{"start":{"line":291,"column":3},"end":{"line":291,"column":67}},"101":{"start":{"line":295,"column":2},"end":{"line":295,"column":14}},"102":{"start":{"line":303,"column":2},"end":{"line":303,"column":21}},"103":{"start":{"line":309,"column":2},"end":{"line":309,"column":20}},"104":{"start":{"line":315,"column":2},"end":{"line":315,"column":46}},"105":{"start":{"line":325,"column":2},"end":{"line":332,"column":3}},"106":{"start":{"line":329,"column":3},"end":{"line":329,"column":30}},"107":{"start":{"line":330,"column":3},"end":{"line":330,"column":10}},"108":{"start":{"line":334,"column":20},"end":{"line":334,"column":35}},"109":{"start":{"line":336,"column":2},"end":{"line":353,"column":3}},"110":{"start":{"line":340,"column":23},"end":{"line":340,"column":59}},"111":{"start":{"line":341,"column":3},"end":{"line":351,"column":4}},"112":{"start":{"line":343,"column":4},"end":{"line":343,"column":18}},"113":{"start":{"line":348,"column":4},"end":{"line":348,"column":27}},"114":{"start":{"line":349,"column":4},"end":{"line":349,"column":44}},"115":{"start":{"line":357,"column":2},"end":{"line":357,"column":45}},"116":{"start":{"line":358,"column":19},"end":{"line":358,"column":48}},"117":{"start":{"line":363,"column":17},"end":{"line":363,"column":43}},"118":{"start":{"line":365,"column":2},"end":{"line":395,"column":3}},"119":{"start":{"line":367,"column":24},"end":{"line":367,"column":42}},"120":{"start":{"line":368,"column":26},"end":{"line":368,"column":48}},"121":{"start":{"line":370,"column":3},"end":{"line":393,"column":4}},"122":{"start":{"line":374,"column":5},"end":{"line":379,"column":6}},"123":{"start":{"line":374,"column":19},"end":{"line":374,"column":20}},"124":{"start":{"line":374,"column":26},"end":{"line":374,"column":45}},"125":{"start":{"line":376,"column":6},"end":{"line":376,"column":45}},"126":{"start":{"line":377,"column":6},"end":{"line":377,"column":55}},"127":{"start":{"line":381,"column":5},"end":{"line":381,"column":11}},"128":{"start":{"line":386,"column":5},"end":{"line":391,"column":6}},"129":{"start":{"line":386,"column":19},"end":{"line":386,"column":20}},"130":{"start":{"line":386,"column":26},"end":{"line":386,"column":45}},"131":{"start":{"line":388,"column":6},"end":{"line":388,"column":45}},"132":{"start":{"line":389,"column":6},"end":{"line":389,"column":58}},"133":{"start":{"line":401,"column":15},"end":{"line":401,"column":16}},"134":{"start":{"line":403,"column":2},"end":{"line":429,"column":3}},"135":{"start":{"line":405,"column":3},"end":{"line":405,"column":24}},"136":{"start":{"line":406,"column":23},"end":{"line":406,"column":46}},"137":{"start":{"line":408,"column":3},"end":{"line":427,"column":4}},"138":{"start":{"line":410,"column":29},"end":{"line":410,"column":62}},"139":{"start":{"line":412,"column":4},"end":{"line":412,"column":31}},"140":{"start":{"line":414,"column":4},"end":{"line":425,"column":5}},"141":{"start":{"line":416,"column":5},"end":{"line":416,"column":23}},"142":{"start":{"line":418,"column":5},"end":{"line":423,"column":6}},"143":{"start":{"line":421,"column":6},"end":{"line":421,"column":27}},"144":{"start":{"line":431,"column":2},"end":{"line":431,"column":33}},"145":{"start":{"line":432,"column":2},"end":{"line":432,"column":16}},"146":{"start":{"line":438,"column":18},"end":{"line":438,"column":19}},"147":{"start":{"line":440,"column":2},"end":{"line":472,"column":3}},"148":{"start":{"line":442,"column":3},"end":{"line":442,"column":30}},"149":{"start":{"line":444,"column":23},"end":{"line":444,"column":49}},"150":{"start":{"line":446,"column":3},"end":{"line":470,"column":4}},"151":{"start":{"line":448,"column":29},"end":{"line":448,"column":62}},"152":{"start":{"line":450,"column":4},"end":{"line":450,"column":34}},"153":{"start":{"line":452,"column":4},"end":{"line":468,"column":5}},"154":{"start":{"line":454,"column":5},"end":{"line":454,"column":24}},"155":{"start":{"line":456,"column":5},"end":{"line":466,"column":6}},"156":{"start":{"line":459,"column":6},"end":{"line":459,"column":25}},"157":{"start":{"line":464,"column":6},"end":{"line":464,"column":33}},"158":{"start":{"line":474,"column":2},"end":{"line":474,"column":39}},"159":{"start":{"line":475,"column":2},"end":{"line":475,"column":19}},"160":{"start":{"line":481,"column":19},"end":{"line":481,"column":38}},"161":{"start":{"line":482,"column":15},"end":{"line":482,"column":24}},"162":{"start":{"line":484,"column":13},"end":{"line":484,"column":34}},"163":{"start":{"line":485,"column":18},"end":{"line":485,"column":33}},"164":{"start":{"line":487,"column":21},"end":{"line":487,"column":42}},"165":{"start":{"line":489,"column":2},"end":{"line":495,"column":3}},"166":{"start":{"line":491,"column":3},"end":{"line":491,"column":40}},"167":{"start":{"line":491,"column":28},"end":{"line":491,"column":40}},"168":{"start":{"line":493,"column":3},"end":{"line":493,"column":75}},"169":{"start":{"line":497,"column":2},"end":{"line":630,"column":3}},"170":{"start":{"line":499,"column":3},"end":{"line":506,"column":4}},"171":{"start":{"line":503,"column":4},"end":{"line":503,"column":24}},"172":{"start":{"line":504,"column":4},"end":{"line":504,"column":42}},"173":{"start":{"line":508,"column":3},"end":{"line":536,"column":4}},"174":{"start":{"line":510,"column":4},"end":{"line":524,"column":5}},"175":{"start":{"line":512,"column":5},"end":{"line":512,"column":21}},"176":{"start":{"line":514,"column":11},"end":{"line":524,"column":5}},"177":{"start":{"line":516,"column":5},"end":{"line":516,"column":14}},"178":{"start":{"line":520,"column":5},"end":{"line":520,"column":22}},"179":{"start":{"line":522,"column":5},"end":{"line":522,"column":23}},"180":{"start":{"line":526,"column":4},"end":{"line":527,"column":30}},"181":{"start":{"line":526,"column":34},"end":{"line":526,"column":53}},"182":{"start":{"line":527,"column":9},"end":{"line":527,"column":30}},"183":{"start":{"line":529,"column":4},"end":{"line":529,"column":21}},"184":{"start":{"line":531,"column":4},"end":{"line":534,"column":8}},"185":{"start":{"line":540,"column":3},"end":{"line":560,"column":4}},"186":{"start":{"line":544,"column":4},"end":{"line":558,"column":5}},"187":{"start":{"line":546,"column":5},"end":{"line":546,"column":19}},"188":{"start":{"line":548,"column":5},"end":{"line":548,"column":64}},"189":{"start":{"line":556,"column":5},"end":{"line":556,"column":64}},"190":{"start":{"line":562,"column":3},"end":{"line":620,"column":4}},"191":{"start":{"line":566,"column":22},"end":{"line":566,"column":51}},"192":{"start":{"line":567,"column":4},"end":{"line":567,"column":33}},"193":{"start":{"line":569,"column":4},"end":{"line":569,"column":39}},"194":{"start":{"line":571,"column":20},"end":{"line":571,"column":48}},"195":{"start":{"line":573,"column":4},"end":{"line":614,"column":5}},"196":{"start":{"line":577,"column":5},"end":{"line":578,"column":31}},"197":{"start":{"line":577,"column":35},"end":{"line":577,"column":54}},"198":{"start":{"line":578,"column":10},"end":{"line":578,"column":31}},"199":{"start":{"line":580,"column":5},"end":{"line":580,"column":41}},"200":{"start":{"line":582,"column":5},"end":{"line":582,"column":22}},"201":{"start":{"line":584,"column":5},"end":{"line":587,"column":9}},"202":{"start":{"line":593,"column":5},"end":{"line":604,"column":6}},"203":{"start":{"line":597,"column":22},"end":{"line":597,"column":35}},"204":{"start":{"line":598,"column":6},"end":{"line":598,"column":55}},"205":{"start":{"line":602,"column":6},"end":{"line":602,"column":49}},"206":{"start":{"line":606,"column":5},"end":{"line":606,"column":33}},"207":{"start":{"line":608,"column":5},"end":{"line":608,"column":22}},"208":{"start":{"line":610,"column":5},"end":{"line":612,"column":9}},"209":{"start":{"line":618,"column":4},"end":{"line":618,"column":21}},"210":{"start":{"line":622,"column":3},"end":{"line":628,"column":4}},"211":{"start":{"line":626,"column":4},"end":{"line":626,"column":27}},"212":{"start":{"line":632,"column":2},"end":{"line":632,"column":14}},"213":{"start":{"line":638,"column":19},"end":{"line":638,"column":44}},"214":{"start":{"line":640,"column":2},"end":{"line":669,"column":3}},"215":{"start":{"line":642,"column":3},"end":{"line":642,"column":42}},"216":{"start":{"line":643,"column":3},"end":{"line":643,"column":40}},"217":{"start":{"line":649,"column":3},"end":{"line":657,"column":4}},"218":{"start":{"line":651,"column":4},"end":{"line":651,"column":89}},"219":{"start":{"line":655,"column":4},"end":{"line":655,"column":44}},"220":{"start":{"line":659,"column":3},"end":{"line":667,"column":4}},"221":{"start":{"line":661,"column":4},"end":{"line":661,"column":85}},"222":{"start":{"line":665,"column":4},"end":{"line":665,"column":44}},"223":{"start":{"line":675,"column":16},"end":{"line":675,"column":27}},"224":{"start":{"line":675,"column":35},"end":{"line":675,"column":45}},"225":{"start":{"line":676,"column":20},"end":{"line":676,"column":43}},"226":{"start":{"line":678,"column":2},"end":{"line":683,"column":3}},"227":{"start":{"line":680,"column":3},"end":{"line":680,"column":49}},"228":{"start":{"line":681,"column":3},"end":{"line":681,"column":41}},"229":{"start":{"line":685,"column":16},"end":{"line":685,"column":46}},"230":{"start":{"line":686,"column":12},"end":{"line":686,"column":36}},"231":{"start":{"line":688,"column":2},"end":{"line":688,"column":19}},"232":{"start":{"line":689,"column":2},"end":{"line":689,"column":26}},"233":{"start":{"line":690,"column":2},"end":{"line":690,"column":30}},"234":{"start":{"line":691,"column":2},"end":{"line":691,"column":27}},"235":{"start":{"line":693,"column":2},"end":{"line":693,"column":14}}},"fnMap":{"0":{"name":"(anonymous_0)","decl":{"start":{"line":6,"column":1},"end":{"line":6,"column":2}},"loc":{"start":{"line":6,"column":74},"end":{"line":70,"column":2}},"line":6},"1":{"name":"(anonymous_1)","decl":{"start":{"line":74,"column":1},"end":{"line":74,"column":2}},"loc":{"start":{"line":74,"column":8},"end":{"line":80,"column":2}},"line":74},"2":{"name":"(anonymous_2)","decl":{"start":{"line":82,"column":1},"end":{"line":82,"column":2}},"loc":{"start":{"line":82,"column":8},"end":{"line":88,"column":2}},"line":82},"3":{"name":"(anonymous_3)","decl":{"start":{"line":90,"column":1},"end":{"line":90,"column":2}},"loc":{"start":{"line":90,"column":9},"end":{"line":101,"column":2}},"line":90},"4":{"name":"(anonymous_4)","decl":{"start":{"line":103,"column":1},"end":{"line":103,"column":2}},"loc":{"start":{"line":103,"column":13},"end":{"line":108,"column":2}},"line":103},"5":{"name":"(anonymous_5)","decl":{"start":{"line":111,"column":1},"end":{"line":111,"column":2}},"loc":{"start":{"line":111,"column":15},"end":{"line":115,"column":2}},"line":111},"6":{"name":"(anonymous_6)","decl":{"start":{"line":117,"column":1},"end":{"line":117,"column":2}},"loc":{"start":{"line":117,"column":17},"end":{"line":123,"column":2}},"line":117},"7":{"name":"(anonymous_7)","decl":{"start":{"line":125,"column":1},"end":{"line":125,"column":2}},"loc":{"start":{"line":125,"column":30},"end":{"line":132,"column":2}},"line":125},"8":{"name":"(anonymous_8)","decl":{"start":{"line":139,"column":1},"end":{"line":139,"column":2}},"loc":{"start":{"line":139,"column":30},"end":{"line":148,"column":2}},"line":139},"9":{"name":"(anonymous_9)","decl":{"start":{"line":151,"column":1},"end":{"line":151,"column":2}},"loc":{"start":{"line":151,"column":22},"end":{"line":155,"column":2}},"line":151},"10":{"name":"(anonymous_10)","decl":{"start":{"line":157,"column":1},"end":{"line":157,"column":2}},"loc":{"start":{"line":157,"column":20},"end":{"line":161,"column":2}},"line":157},"11":{"name":"(anonymous_11)","decl":{"start":{"line":163,"column":1},"end":{"line":163,"column":2}},"loc":{"start":{"line":163,"column":21},"end":{"line":167,"column":2}},"line":163},"12":{"name":"(anonymous_12)","decl":{"start":{"line":169,"column":1},"end":{"line":169,"column":2}},"loc":{"start":{"line":169,"column":48},"end":{"line":189,"column":2}},"line":169},"13":{"name":"(anonymous_13)","decl":{"start":{"line":191,"column":1},"end":{"line":191,"column":2}},"loc":{"start":{"line":191,"column":45},"end":{"line":195,"column":2}},"line":191},"14":{"name":"(anonymous_14)","decl":{"start":{"line":197,"column":1},"end":{"line":197,"column":2}},"loc":{"start":{"line":197,"column":14},"end":{"line":210,"column":2}},"line":197},"15":{"name":"(anonymous_15)","decl":{"start":{"line":217,"column":1},"end":{"line":217,"column":2}},"loc":{"start":{"line":217,"column":36},"end":{"line":224,"column":2}},"line":217},"16":{"name":"(anonymous_16)","decl":{"start":{"line":227,"column":1},"end":{"line":227,"column":2}},"loc":{"start":{"line":227,"column":25},"end":{"line":231,"column":2}},"line":227},"17":{"name":"(anonymous_17)","decl":{"start":{"line":233,"column":1},"end":{"line":233,"column":2}},"loc":{"start":{"line":233,"column":25},"end":{"line":239,"column":2}},"line":233},"18":{"name":"(anonymous_18)","decl":{"start":{"line":241,"column":1},"end":{"line":241,"column":2}},"loc":{"start":{"line":241,"column":20},"end":{"line":248,"column":2}},"line":241},"19":{"name":"(anonymous_19)","decl":{"start":{"line":250,"column":1},"end":{"line":250,"column":2}},"loc":{"start":{"line":250,"column":18},"end":{"line":254,"column":2}},"line":250},"20":{"name":"(anonymous_20)","decl":{"start":{"line":256,"column":1},"end":{"line":256,"column":2}},"loc":{"start":{"line":256,"column":48},"end":{"line":282,"column":2}},"line":256},"21":{"name":"(anonymous_21)","decl":{"start":{"line":284,"column":1},"end":{"line":284,"column":2}},"loc":{"start":{"line":284,"column":15},"end":{"line":297,"column":2}},"line":284},"22":{"name":"(anonymous_22)","decl":{"start":{"line":301,"column":1},"end":{"line":301,"column":2}},"loc":{"start":{"line":301,"column":12},"end":{"line":305,"column":2}},"line":301},"23":{"name":"(anonymous_23)","decl":{"start":{"line":307,"column":1},"end":{"line":307,"column":2}},"loc":{"start":{"line":307,"column":11},"end":{"line":311,"column":2}},"line":307},"24":{"name":"(anonymous_24)","decl":{"start":{"line":313,"column":1},"end":{"line":313,"column":2}},"loc":{"start":{"line":313,"column":11},"end":{"line":317,"column":2}},"line":313},"25":{"name":"(anonymous_25)","decl":{"start":{"line":321,"column":1},"end":{"line":321,"column":2}},"loc":{"start":{"line":321,"column":54},"end":{"line":397,"column":2}},"line":321},"26":{"name":"(anonymous_26)","decl":{"start":{"line":399,"column":1},"end":{"line":399,"column":2}},"loc":{"start":{"line":399,"column":23},"end":{"line":434,"column":2}},"line":399},"27":{"name":"(anonymous_27)","decl":{"start":{"line":436,"column":1},"end":{"line":436,"column":2}},"loc":{"start":{"line":436,"column":26},"end":{"line":477,"column":2}},"line":436},"28":{"name":"(anonymous_28)","decl":{"start":{"line":479,"column":1},"end":{"line":479,"column":2}},"loc":{"start":{"line":479,"column":26},"end":{"line":634,"column":2}},"line":479},"29":{"name":"(anonymous_29)","decl":{"start":{"line":636,"column":1},"end":{"line":636,"column":2}},"loc":{"start":{"line":636,"column":41},"end":{"line":671,"column":2}},"line":636},"30":{"name":"(anonymous_30)","decl":{"start":{"line":673,"column":1},"end":{"line":673,"column":2}},"loc":{"start":{"line":673,"column":52},"end":{"line":695,"column":2}},"line":673}},"branchMap":{"0":{"loc":{"start":{"line":6,"column":27},"end":{"line":6,"column":43}},"type":"default-arg","locations":[{"start":{"line":6,"column":39},"end":{"line":6,"column":43}}],"line":6},"1":{"loc":{"start":{"line":6,"column":45},"end":{"line":6,"column":71}},"type":"default-arg","locations":[{"start":{"line":6,"column":57},"end":{"line":6,"column":71}}],"line":6},"2":{"loc":{"start":{"line":105,"column":9},"end":{"line":106,"column":66}},"type":"binary-expr","locations":[{"start":{"line":105,"column":9},"end":{"line":105,"column":21}},{"start":{"line":105,"column":25},"end":{"line":105,"column":38}},{"start":{"line":105,"column":42},"end":{"line":105,"column":62}},{"start":{"line":106,"column":3},"end":{"line":106,"column":27}},{"start":{"line":106,"column":31},"end":{"line":106,"column":66}}],"line":105},"3":{"loc":{"start":{"line":144,"column":26},"end":{"line":144,"column":51}},"type":"cond-expr","locations":[{"start":{"line":144,"column":41},"end":{"line":144,"column":47}},{"start":{"line":144,"column":50},"end":{"line":144,"column":51}}],"line":144},"4":{"loc":{"start":{"line":174,"column":2},"end":{"line":185,"column":3}},"type":"if","locations":[{"start":{"line":174,"column":2},"end":{"line":185,"column":3}},{"start":{},"end":{}}],"line":174},"5":{"loc":{"start":{"line":201,"column":2},"end":{"line":206,"column":3}},"type":"if","locations":[{"start":{"line":201,"column":2},"end":{"line":206,"column":3}},{"start":{},"end":{}}],"line":201},"6":{"loc":{"start":{"line":220,"column":29},"end":{"line":220,"column":56}},"type":"cond-expr","locations":[{"start":{"line":220,"column":43},"end":{"line":220,"column":44}},{"start":{"line":220,"column":47},"end":{"line":220,"column":56}}],"line":220},"7":{"loc":{"start":{"line":264,"column":2},"end":{"line":269,"column":3}},"type":"if","locations":[{"start":{"line":264,"column":2},"end":{"line":269,"column":3}},{"start":{},"end":{}}],"line":264},"8":{"loc":{"start":{"line":288,"column":2},"end":{"line":293,"column":3}},"type":"if","locations":[{"start":{"line":288,"column":2},"end":{"line":293,"column":3}},{"start":{},"end":{}}],"line":288},"9":{"loc":{"start":{"line":315,"column":9},"end":{"line":315,"column":45}},"type":"binary-expr","locations":[{"start":{"line":315,"column":9},"end":{"line":315,"column":24}},{"start":{"line":315,"column":28},"end":{"line":315,"column":45}}],"line":315},"10":{"loc":{"start":{"line":325,"column":2},"end":{"line":332,"column":3}},"type":"if","locations":[{"start":{"line":325,"column":2},"end":{"line":332,"column":3}},{"start":{},"end":{}}],"line":325},"11":{"loc":{"start":{"line":336,"column":2},"end":{"line":353,"column":3}},"type":"if","locations":[{"start":{"line":336,"column":2},"end":{"line":353,"column":3}},{"start":{},"end":{}}],"line":336},"12":{"loc":{"start":{"line":341,"column":3},"end":{"line":351,"column":4}},"type":"if","locations":[{"start":{"line":341,"column":3},"end":{"line":351,"column":4}},{"start":{"line":345,"column":10},"end":{"line":351,"column":4}}],"line":341},"13":{"loc":{"start":{"line":341,"column":8},"end":{"line":341,"column":46}},"type":"binary-expr","locations":[{"start":{"line":341,"column":8},"end":{"line":341,"column":23}},{"start":{"line":341,"column":27},"end":{"line":341,"column":46}}],"line":341},"14":{"loc":{"start":{"line":365,"column":2},"end":{"line":395,"column":3}},"type":"if","locations":[{"start":{"line":365,"column":2},"end":{"line":395,"column":3}},{"start":{},"end":{}}],"line":365},"15":{"loc":{"start":{"line":370,"column":3},"end":{"line":393,"column":4}},"type":"switch","locations":[{"start":{"line":372,"column":4},"end":{"line":381,"column":11}},{"start":{"line":383,"column":4},"end":{"line":383,"column":34}},{"start":{"line":384,"column":4},"end":{"line":391,"column":6}}],"line":370},"16":{"loc":{"start":{"line":403,"column":2},"end":{"line":429,"column":3}},"type":"if","locations":[{"start":{"line":403,"column":2},"end":{"line":429,"column":3}},{"start":{},"end":{}}],"line":403},"17":{"loc":{"start":{"line":408,"column":3},"end":{"line":427,"column":4}},"type":"if","locations":[{"start":{"line":408,"column":3},"end":{"line":427,"column":4}},{"start":{},"end":{}}],"line":408},"18":{"loc":{"start":{"line":414,"column":4},"end":{"line":425,"column":5}},"type":"if","locations":[{"start":{"line":414,"column":4},"end":{"line":425,"column":5}},{"start":{},"end":{}}],"line":414},"19":{"loc":{"start":{"line":418,"column":5},"end":{"line":423,"column":6}},"type":"if","locations":[{"start":{"line":418,"column":5},"end":{"line":423,"column":6}},{"start":{},"end":{}}],"line":418},"20":{"loc":{"start":{"line":440,"column":2},"end":{"line":472,"column":3}},"type":"if","locations":[{"start":{"line":440,"column":2},"end":{"line":472,"column":3}},{"start":{},"end":{}}],"line":440},"21":{"loc":{"start":{"line":446,"column":3},"end":{"line":470,"column":4}},"type":"if","locations":[{"start":{"line":446,"column":3},"end":{"line":470,"column":4}},{"start":{},"end":{}}],"line":446},"22":{"loc":{"start":{"line":452,"column":4},"end":{"line":468,"column":5}},"type":"if","locations":[{"start":{"line":452,"column":4},"end":{"line":468,"column":5}},{"start":{},"end":{}}],"line":452},"23":{"loc":{"start":{"line":456,"column":5},"end":{"line":466,"column":6}},"type":"if","locations":[{"start":{"line":456,"column":5},"end":{"line":466,"column":6}},{"start":{"line":461,"column":12},"end":{"line":466,"column":6}}],"line":456},"24":{"loc":{"start":{"line":489,"column":2},"end":{"line":495,"column":3}},"type":"if","locations":[{"start":{"line":489,"column":2},"end":{"line":495,"column":3}},{"start":{},"end":{}}],"line":489},"25":{"loc":{"start":{"line":491,"column":3},"end":{"line":491,"column":40}},"type":"if","locations":[{"start":{"line":491,"column":3},"end":{"line":491,"column":40}},{"start":{},"end":{}}],"line":491},"26":{"loc":{"start":{"line":493,"column":10},"end":{"line":493,"column":74}},"type":"cond-expr","locations":[{"start":{"line":493,"column":52},"end":{"line":493,"column":67}},{"start":{"line":493,"column":70},"end":{"line":493,"column":74}}],"line":493},"27":{"loc":{"start":{"line":493,"column":12},"end":{"line":493,"column":47}},"type":"binary-expr","locations":[{"start":{"line":493,"column":12},"end":{"line":493,"column":20}},{"start":{"line":493,"column":24},"end":{"line":493,"column":47}}],"line":493},"28":{"loc":{"start":{"line":497,"column":2},"end":{"line":630,"column":3}},"type":"if","locations":[{"start":{"line":497,"column":2},"end":{"line":630,"column":3}},{"start":{"line":538,"column":9},"end":{"line":630,"column":3}}],"line":497},"29":{"loc":{"start":{"line":499,"column":3},"end":{"line":506,"column":4}},"type":"if","locations":[{"start":{"line":499,"column":3},"end":{"line":506,"column":4}},{"start":{},"end":{}}],"line":499},"30":{"loc":{"start":{"line":510,"column":4},"end":{"line":524,"column":5}},"type":"if","locations":[{"start":{"line":510,"column":4},"end":{"line":524,"column":5}},{"start":{"line":514,"column":11},"end":{"line":524,"column":5}}],"line":510},"31":{"loc":{"start":{"line":514,"column":11},"end":{"line":524,"column":5}},"type":"if","locations":[{"start":{"line":514,"column":11},"end":{"line":524,"column":5}},{"start":{"line":518,"column":11},"end":{"line":524,"column":5}}],"line":514},"32":{"loc":{"start":{"line":526,"column":4},"end":{"line":527,"column":30}},"type":"if","locations":[{"start":{"line":526,"column":4},"end":{"line":527,"column":30}},{"start":{"line":527,"column":9},"end":{"line":527,"column":30}}],"line":526},"33":{"loc":{"start":{"line":533,"column":16},"end":{"line":533,"column":39}},"type":"cond-expr","locations":[{"start":{"line":533,"column":32},"end":{"line":533,"column":35}},{"start":{"line":533,"column":38},"end":{"line":533,"column":39}}],"line":533},"34":{"loc":{"start":{"line":540,"column":3},"end":{"line":560,"column":4}},"type":"if","locations":[{"start":{"line":540,"column":3},"end":{"line":560,"column":4}},{"start":{},"end":{}}],"line":540},"35":{"loc":{"start":{"line":544,"column":4},"end":{"line":558,"column":5}},"type":"if","locations":[{"start":{"line":544,"column":4},"end":{"line":558,"column":5}},{"start":{"line":550,"column":11},"end":{"line":558,"column":5}}],"line":544},"36":{"loc":{"start":{"line":562,"column":3},"end":{"line":620,"column":4}},"type":"if","locations":[{"start":{"line":562,"column":3},"end":{"line":620,"column":4}},{"start":{"line":616,"column":10},"end":{"line":620,"column":4}}],"line":562},"37":{"loc":{"start":{"line":562,"column":8},"end":{"line":562,"column":36}},"type":"binary-expr","locations":[{"start":{"line":562,"column":8},"end":{"line":562,"column":24}},{"start":{"line":562,"column":28},"end":{"line":562,"column":36}}],"line":562},"38":{"loc":{"start":{"line":573,"column":4},"end":{"line":614,"column":5}},"type":"if","locations":[{"start":{"line":573,"column":4},"end":{"line":614,"column":5}},{"start":{"line":589,"column":11},"end":{"line":614,"column":5}}],"line":573},"39":{"loc":{"start":{"line":577,"column":5},"end":{"line":578,"column":31}},"type":"if","locations":[{"start":{"line":577,"column":5},"end":{"line":578,"column":31}},{"start":{"line":578,"column":10},"end":{"line":578,"column":31}}],"line":577},"40":{"loc":{"start":{"line":580,"column":12},"end":{"line":580,"column":40}},"type":"cond-expr","locations":[{"start":{"line":580,"column":28},"end":{"line":580,"column":36}},{"start":{"line":580,"column":39},"end":{"line":580,"column":40}}],"line":580},"41":{"loc":{"start":{"line":586,"column":17},"end":{"line":586,"column":40}},"type":"cond-expr","locations":[{"start":{"line":586,"column":33},"end":{"line":586,"column":34}},{"start":{"line":586,"column":37},"end":{"line":586,"column":40}}],"line":586},"42":{"loc":{"start":{"line":593,"column":5},"end":{"line":604,"column":6}},"type":"if","locations":[{"start":{"line":593,"column":5},"end":{"line":604,"column":6}},{"start":{"line":600,"column":12},"end":{"line":604,"column":6}}],"line":593},"43":{"loc":{"start":{"line":622,"column":3},"end":{"line":628,"column":4}},"type":"if","locations":[{"start":{"line":622,"column":3},"end":{"line":628,"column":4}},{"start":{},"end":{}}],"line":622},"44":{"loc":{"start":{"line":622,"column":8},"end":{"line":622,"column":43}},"type":"binary-expr","locations":[{"start":{"line":622,"column":8},"end":{"line":622,"column":16}},{"start":{"line":622,"column":20},"end":{"line":622,"column":43}}],"line":622},"45":{"loc":{"start":{"line":640,"column":2},"end":{"line":669,"column":3}},"type":"if","locations":[{"start":{"line":640,"column":2},"end":{"line":669,"column":3}},{"start":{"line":645,"column":9},"end":{"line":669,"column":3}}],"line":640},"46":{"loc":{"start":{"line":649,"column":3},"end":{"line":657,"column":4}},"type":"if","locations":[{"start":{"line":649,"column":3},"end":{"line":657,"column":4}},{"start":{"line":653,"column":10},"end":{"line":657,"column":4}}],"line":649},"47":{"loc":{"start":{"line":651,"column":27},"end":{"line":651,"column":88}},"type":"cond-expr","locations":[{"start":{"line":651,"column":51},"end":{"line":651,"column":66}},{"start":{"line":651,"column":69},"end":{"line":651,"column":88}}],"line":651},"48":{"loc":{"start":{"line":659,"column":3},"end":{"line":667,"column":4}},"type":"if","locations":[{"start":{"line":659,"column":3},"end":{"line":667,"column":4}},{"start":{"line":663,"column":10},"end":{"line":667,"column":4}}],"line":659},"49":{"loc":{"start":{"line":661,"column":25},"end":{"line":661,"column":84}},"type":"cond-expr","locations":[{"start":{"line":661,"column":47},"end":{"line":661,"column":62}},{"start":{"line":661,"column":65},"end":{"line":661,"column":84}}],"line":661},"50":{"loc":{"start":{"line":678,"column":2},"end":{"line":683,"column":3}},"type":"if","locations":[{"start":{"line":678,"column":2},"end":{"line":683,"column":3}},{"start":{},"end":{}}],"line":678}},"s":{"0":0,"1":0,"2":0,"3":0,"4":0,"5":0,"6":0,"7":0,"8":0,"9":0,"10":0,"11":0,"12":0,"13":0,"14":0,"15":0,"16":0,"17":0,"18":0,"19":0,"20":0,"21":0,"22":0,"23":0,"24":0,"25":0,"26":0,"27":0,"28":0,"29":0,"30":0,"31":0,"32":0,"33":0,"34":0,"35":0,"36":0,"37":0,"38":0,"39":0,"40":0,"41":0,"42":0,"43":0,"44":0,"45":0,"46":0,"47":0,"48":0,"49":0,"50":0,"51":0,"52":0,"53":0,"54":0,"55":0,"56":0,"57":0,"58":0,"59":0,"60":0,"61":0,"62":0,"63":0,"64":0,"65":0,"66":0,"67":0,"68":0,"69":0,"70":0,"71":0,"72":0,"73":0,"74":0,"75":0,"76":0,"77":0,"78":0,"79":0,"80":0,"81":0,"82":0,"83":0,"84":0,"85":0,"86":0,"87":0,"88":0,"89":0,"90":0,"91":0,"92":0,"93":0,"94":0,"95":0,"96":0,"97":0,"98":0,"99":0,"100":0,"101":0,"102":0,"103":0,"104":0,"105":0,"106":0,"107":0,"108":0,"109":0,"110":0,"111":0,"112":0,"113":0,"114":0,"115":0,"116":0,"117":0,"118":0,"119":0,"120":0,"121":0,"122":0,"123":0,"124":0,"125":0,"126":0,"127":0,"128":0,"129":0,"130":0,"131":0,"132":0,"133":0,"134":0,"135":0,"136":0,"137":0,"138":0,"139":0,"140":0,"141":0,"142":0,"143":0,"144":0,"145":0,"146":0,"147":0,"148":0,"149":0,"150":0,"151":0,"152":0,"153":0,"154":0,"155":0,"156":0,"157":0,"158":0,"159":0,"160":0,"161":0,"162":0,"163":0,"164":0,"165":0,"166":0,"167":0,"168":0,"169":0,"170":0,"171":0,"172":0,"173":0,"174":0,"175":0,"176":0,"177":0,"178":0,"179":0,"180":0,"181":0,"182":0,"183":0,"184":0,"185":0,"186":0,"187":0,"188":0,"189":0,"190":0,"191":0,"192":0,"193":0,"194":0,"195":0,"196":0,"197":0,"198":0,"199":0,"200":0,"201":0,"202":0,"203":0,"204":0,"205":0,"206":0,"207":0,"208":0,"209":0,"210":0,"211":0,"212":0,"213":0,"214":0,"215":0,"216":0,"217":0,"218":0,"219":0,"220":0,"221":0,"222":0,"223":0,"224":0,"225":0,"226":0,"227":0,"228":0,"229":0,"230":0,"231":0,"232":0,"233":0,"234":0,"235":0},"f":{"0":0,"1":0,"2":0,"3":0,"4":0,"5":0,"6":0,"7":0,"8":0,"9":0,"10":0,"11":0,"12":0,"13":0,"14":0,"15":0,"16":0,"17":0,"18":0,"19":0,"20":0,"21":0,"22":0,"23":0,"24":0,"25":0,"26":0,"27":0,"28":0,"29":0,"30":0},"b":{"0":[0],"1":[0],"2":[0,0,0,0,0],"3":[0,0],"4":[0,0],"5":[0,0],"6":[0,0],"7":[0,0],"8":[0,0],"9":[0,0],"10":[0,0],"11":[0,0],"12":[0,0],"13":[0,0],"14":[0,0],"15":[0,0,0],"16":[0,0],"17":[0,0],"18":[0,0],"19":[0,0],"20":[0,0],"21":[0,0],"22":[0,0],"23":[0,0],"24":[0,0],"25":[0,0],"26":[0,0],"27":[0,0],"28":[0,0],"29":[0,0],"30":[0,0],"31":[0,0],"32":[0,0],"33":[0,0],"34":[0,0],"35":[0,0],"36":[0,0],"37":[0,0],"38":[0,0],"39":[0,0],"40":[0,0],"41":[0,0],"42":[0,0],"43":[0,0],"44":[0,0],"45":[0,0],"46":[0,0],"47":[0,0],"48":[0,0],"49":[0,0],"50":[0,0]}}
,"/home/yibo/Desktop/TestGeneration/ProjectTest/jstest/GPT3.5/ProjectTest/JS/original_fix/animation/constants.js": {"path":"/home/yibo/Desktop/TestGeneration/ProjectTest/jstest/GPT3.5/ProjectTest/JS/original_fix/animation/constants.js","statementMap":{"0":{"start":{"line":1,"column":24},"end":{"line":1,"column":32}},"1":{"start":{"line":3,"column":21},"end":{"line":3,"column":82}},"2":{"start":{"line":4,"column":21},"end":{"line":4,"column":73}},"3":{"start":{"line":5,"column":28},"end":{"line":5,"column":29}},"4":{"start":{"line":6,"column":28},"end":{"line":6,"column":29}},"5":{"start":{"line":7,"column":29},"end":{"line":7,"column":30}},"6":{"start":{"line":8,"column":33},"end":{"line":8,"column":34}},"7":{"start":{"line":9,"column":30},"end":{"line":9,"column":31}},"8":{"start":{"line":10,"column":28},"end":{"line":10,"column":29}},"9":{"start":{"line":11,"column":32},"end":{"line":11,"column":33}},"10":{"start":{"line":12,"column":28},"end":{"line":12,"column":29}},"11":{"start":{"line":13,"column":25},"end":{"line":13,"column":26}},"12":{"start":{"line":14,"column":24},"end":{"line":14,"column":25}},"13":{"start":{"line":15,"column":26},"end":{"line":15,"column":27}},"14":{"start":{"line":16,"column":26},"end":{"line":16,"column":27}},"15":{"start":{"line":17,"column":30},"end":{"line":17,"column":31}},"16":{"start":{"line":18,"column":32},"end":{"line":18,"column":33}},"17":{"start":{"line":19,"column":35},"end":{"line":19,"column":36}},"18":{"start":{"line":20,"column":32},"end":{"line":20,"column":33}},"19":{"start":{"line":21,"column":30},"end":{"line":21,"column":31}},"20":{"start":{"line":22,"column":27},"end":{"line":22,"column":30}},"21":{"start":{"line":23,"column":32},"end":{"line":23,"column":35}},"22":{"start":{"line":24,"column":39},"end":{"line":24,"column":42}},"23":{"start":{"line":25,"column":27},"end":{"line":25,"column":30}},"24":{"start":{"line":26,"column":27},"end":{"line":26,"column":30}},"25":{"start":{"line":27,"column":26},"end":{"line":27,"column":29}},"26":{"start":{"line":28,"column":25},"end":{"line":28,"column":28}},"27":{"start":{"line":29,"column":30},"end":{"line":29,"column":33}},"28":{"start":{"line":30,"column":38},"end":{"line":30,"column":41}},"29":{"start":{"line":31,"column":30},"end":{"line":31,"column":33}},"30":{"start":{"line":32,"column":38},"end":{"line":32,"column":41}},"31":{"start":{"line":33,"column":30},"end":{"line":33,"column":33}},"32":{"start":{"line":34,"column":38},"end":{"line":34,"column":41}},"33":{"start":{"line":35,"column":30},"end":{"line":35,"column":33}},"34":{"start":{"line":36,"column":38},"end":{"line":36,"column":41}},"35":{"start":{"line":37,"column":38},"end":{"line":37,"column":41}},"36":{"start":{"line":38,"column":35},"end":{"line":38,"column":38}},"37":{"start":{"line":39,"column":43},"end":{"line":39,"column":46}},"38":{"start":{"line":40,"column":35},"end":{"line":40,"column":38}},"39":{"start":{"line":41,"column":43},"end":{"line":41,"column":46}},"40":{"start":{"line":42,"column":26},"end":{"line":42,"column":27}},"41":{"start":{"line":43,"column":27},"end":{"line":43,"column":28}},"42":{"start":{"line":44,"column":25},"end":{"line":44,"column":26}},"43":{"start":{"line":45,"column":30},"end":{"line":45,"column":31}},"44":{"start":{"line":46,"column":26},"end":{"line":46,"column":27}},"45":{"start":{"line":47,"column":33},"end":{"line":47,"column":34}},"46":{"start":{"line":48,"column":28},"end":{"line":48,"column":29}},"47":{"start":{"line":49,"column":29},"end":{"line":49,"column":30}},"48":{"start":{"line":50,"column":33},"end":{"line":50,"column":34}},"49":{"start":{"line":51,"column":28},"end":{"line":51,"column":29}},"50":{"start":{"line":52,"column":28},"end":{"line":52,"column":29}},"51":{"start":{"line":53,"column":29},"end":{"line":53,"column":30}},"52":{"start":{"line":54,"column":33},"end":{"line":54,"column":34}},"53":{"start":{"line":55,"column":35},"end":{"line":55,"column":36}},"54":{"start":{"line":56,"column":33},"end":{"line":56,"column":34}},"55":{"start":{"line":57,"column":37},"end":{"line":57,"column":38}},"56":{"start":{"line":58,"column":33},"end":{"line":58,"column":34}},"57":{"start":{"line":59,"column":30},"end":{"line":59,"column":31}},"58":{"start":{"line":60,"column":34},"end":{"line":60,"column":35}},"59":{"start":{"line":61,"column":32},"end":{"line":61,"column":42}},"60":{"start":{"line":62,"column":32},"end":{"line":62,"column":42}},"61":{"start":{"line":64,"column":25},"end":{"line":64,"column":28}},"62":{"start":{"line":65,"column":37},"end":{"line":65,"column":40}},"63":{"start":{"line":66,"column":37},"end":{"line":66,"column":40}},"64":{"start":{"line":67,"column":48},"end":{"line":67,"column":51}},"65":{"start":{"line":68,"column":48},"end":{"line":68,"column":51}},"66":{"start":{"line":69,"column":39},"end":{"line":69,"column":42}},"67":{"start":{"line":70,"column":30},"end":{"line":70,"column":34}},"68":{"start":{"line":71,"column":35},"end":{"line":71,"column":39}},"69":{"start":{"line":72,"column":38},"end":{"line":72,"column":42}},"70":{"start":{"line":73,"column":29},"end":{"line":73,"column":33}},"71":{"start":{"line":74,"column":42},"end":{"line":74,"column":46}},"72":{"start":{"line":75,"column":42},"end":{"line":75,"column":46}},"73":{"start":{"line":76,"column":41},"end":{"line":76,"column":45}},"74":{"start":{"line":77,"column":41},"end":{"line":77,"column":45}},"75":{"start":{"line":78,"column":28},"end":{"line":78,"column":32}},"76":{"start":{"line":79,"column":41},"end":{"line":79,"column":45}},"77":{"start":{"line":80,"column":41},"end":{"line":80,"column":45}},"78":{"start":{"line":81,"column":40},"end":{"line":81,"column":44}},"79":{"start":{"line":82,"column":40},"end":{"line":82,"column":44}},"80":{"start":{"line":83,"column":32},"end":{"line":83,"column":36}},"81":{"start":{"line":84,"column":24},"end":{"line":84,"column":28}},"82":{"start":{"line":85,"column":25},"end":{"line":85,"column":29}},"83":{"start":{"line":86,"column":33},"end":{"line":86,"column":37}},"84":{"start":{"line":87,"column":23},"end":{"line":87,"column":27}},"85":{"start":{"line":88,"column":31},"end":{"line":88,"column":35}},"86":{"start":{"line":89,"column":25},"end":{"line":89,"column":29}},"87":{"start":{"line":90,"column":29},"end":{"line":90,"column":33}},"88":{"start":{"line":91,"column":37},"end":{"line":91,"column":41}},"89":{"start":{"line":92,"column":37},"end":{"line":92,"column":41}},"90":{"start":{"line":93,"column":34},"end":{"line":93,"column":38}},"91":{"start":{"line":94,"column":35},"end":{"line":94,"column":40}},"92":{"start":{"line":95,"column":27},"end":{"line":95,"column":31}},"93":{"start":{"line":96,"column":25},"end":{"line":96,"column":29}},"94":{"start":{"line":97,"column":26},"end":{"line":97,"column":30}},"95":{"start":{"line":98,"column":31},"end":{"line":98,"column":35}},"96":{"start":{"line":99,"column":36},"end":{"line":99,"column":40}},"97":{"start":{"line":100,"column":27},"end":{"line":100,"column":31}},"98":{"start":{"line":101,"column":34},"end":{"line":101,"column":38}},"99":{"start":{"line":102,"column":25},"end":{"line":102,"column":29}},"100":{"start":{"line":103,"column":32},"end":{"line":103,"column":36}},"101":{"start":{"line":104,"column":24},"end":{"line":104,"column":28}},"102":{"start":{"line":105,"column":31},"end":{"line":105,"column":35}},"103":{"start":{"line":106,"column":32},"end":{"line":106,"column":36}},"104":{"start":{"line":107,"column":33},"end":{"line":107,"column":37}},"105":{"start":{"line":109,"column":36},"end":{"line":109,"column":41}},"106":{"start":{"line":110,"column":37},"end":{"line":110,"column":42}},"107":{"start":{"line":111,"column":37},"end":{"line":111,"column":42}},"108":{"start":{"line":112,"column":37},"end":{"line":112,"column":42}},"109":{"start":{"line":113,"column":39},"end":{"line":113,"column":44}},"110":{"start":{"line":114,"column":39},"end":{"line":114,"column":44}},"111":{"start":{"line":115,"column":40},"end":{"line":115,"column":45}},"112":{"start":{"line":116,"column":40},"end":{"line":116,"column":45}},"113":{"start":{"line":117,"column":31},"end":{"line":117,"column":36}},"114":{"start":{"line":118,"column":31},"end":{"line":118,"column":36}},"115":{"start":{"line":119,"column":36},"end":{"line":119,"column":41}},"116":{"start":{"line":120,"column":36},"end":{"line":120,"column":41}},"117":{"start":{"line":121,"column":36},"end":{"line":121,"column":41}},"118":{"start":{"line":122,"column":36},"end":{"line":122,"column":41}},"119":{"start":{"line":123,"column":36},"end":{"line":123,"column":41}},"120":{"start":{"line":124,"column":36},"end":{"line":124,"column":41}},"121":{"start":{"line":125,"column":36},"end":{"line":125,"column":41}},"122":{"start":{"line":126,"column":36},"end":{"line":126,"column":41}},"123":{"start":{"line":127,"column":36},"end":{"line":127,"column":41}},"124":{"start":{"line":128,"column":37},"end":{"line":128,"column":42}},"125":{"start":{"line":129,"column":37},"end":{"line":129,"column":42}},"126":{"start":{"line":130,"column":37},"end":{"line":130,"column":42}},"127":{"start":{"line":131,"column":38},"end":{"line":131,"column":43}},"128":{"start":{"line":132,"column":38},"end":{"line":132,"column":43}},"129":{"start":{"line":133,"column":38},"end":{"line":133,"column":43}},"130":{"start":{"line":134,"column":32},"end":{"line":134,"column":37}},"131":{"start":{"line":135,"column":38},"end":{"line":135,"column":43}},"132":{"start":{"line":136,"column":40},"end":{"line":136,"column":45}},"133":{"start":{"line":137,"column":32},"end":{"line":137,"column":37}},"134":{"start":{"line":138,"column":39},"end":{"line":138,"column":44}},"135":{"start":{"line":139,"column":38},"end":{"line":139,"column":43}},"136":{"start":{"line":140,"column":45},"end":{"line":140,"column":50}},"137":{"start":{"line":141,"column":24},"end":{"line":141,"column":28}},"138":{"start":{"line":142,"column":26},"end":{"line":142,"column":30}},"139":{"start":{"line":143,"column":28},"end":{"line":143,"column":32}},"140":{"start":{"line":144,"column":35},"end":{"line":144,"column":39}},"141":{"start":{"line":145,"column":33},"end":{"line":145,"column":37}},"142":{"start":{"line":146,"column":33},"end":{"line":146,"column":37}},"143":{"start":{"line":147,"column":35},"end":{"line":147,"column":39}},"144":{"start":{"line":148,"column":31},"end":{"line":148,"column":35}},"145":{"start":{"line":149,"column":32},"end":{"line":149,"column":36}},"146":{"start":{"line":150,"column":40},"end":{"line":150,"column":44}},"147":{"start":{"line":151,"column":42},"end":{"line":151,"column":46}},"148":{"start":{"line":152,"column":33},"end":{"line":152,"column":34}},"149":{"start":{"line":153,"column":37},"end":{"line":153,"column":38}},"150":{"start":{"line":154,"column":35},"end":{"line":154,"column":36}},"151":{"start":{"line":155,"column":33},"end":{"line":155,"column":37}},"152":{"start":{"line":156,"column":32},"end":{"line":156,"column":36}},"153":{"start":{"line":157,"column":31},"end":{"line":157,"column":35}},"154":{"start":{"line":158,"column":30},"end":{"line":158,"column":34}},"155":{"start":{"line":159,"column":37},"end":{"line":159,"column":38}},"156":{"start":{"line":160,"column":36},"end":{"line":160,"column":37}},"157":{"start":{"line":163,"column":28},"end":{"line":163,"column":30}},"158":{"start":{"line":164,"column":30},"end":{"line":164,"column":36}},"159":{"start":{"line":165,"column":36},"end":{"line":165,"column":49}},"160":{"start":{"line":167,"column":30},"end":{"line":167,"column":38}},"161":{"start":{"line":168,"column":28},"end":{"line":168,"column":34}},"162":{"start":{"line":170,"column":29},"end":{"line":170,"column":30}},"163":{"start":{"line":171,"column":29},"end":{"line":171,"column":33}},"164":{"start":{"line":172,"column":32},"end":{"line":172,"column":36}},"165":{"start":{"line":173,"column":34},"end":{"line":173,"column":38}},"166":{"start":{"line":174,"column":34},"end":{"line":174,"column":38}},"167":{"start":{"line":175,"column":38},"end":{"line":175,"column":43}},"168":{"start":{"line":176,"column":38},"end":{"line":176,"column":43}},"169":{"start":{"line":177,"column":31},"end":{"line":177,"column":35}},"170":{"start":{"line":179,"column":32},"end":{"line":179,"column":35}},"171":{"start":{"line":180,"column":31},"end":{"line":180,"column":34}},"172":{"start":{"line":181,"column":32},"end":{"line":181,"column":35}},"173":{"start":{"line":182,"column":36},"end":{"line":182,"column":39}},"174":{"start":{"line":183,"column":34},"end":{"line":183,"column":37}},"175":{"start":{"line":184,"column":35},"end":{"line":184,"column":38}},"176":{"start":{"line":185,"column":39},"end":{"line":185,"column":42}},"177":{"start":{"line":186,"column":33},"end":{"line":186,"column":36}},"178":{"start":{"line":188,"column":28},"end":{"line":188,"column":31}},"179":{"start":{"line":189,"column":27},"end":{"line":189,"column":30}},"180":{"start":{"line":190,"column":28},"end":{"line":190,"column":31}},"181":{"start":{"line":191,"column":32},"end":{"line":191,"column":35}},"182":{"start":{"line":192,"column":30},"end":{"line":192,"column":33}},"183":{"start":{"line":193,"column":31},"end":{"line":193,"column":34}},"184":{"start":{"line":194,"column":35},"end":{"line":194,"column":38}},"185":{"start":{"line":195,"column":29},"end":{"line":195,"column":32}},"186":{"start":{"line":197,"column":31},"end":{"line":197,"column":36}},"187":{"start":{"line":198,"column":32},"end":{"line":198,"column":37}},"188":{"start":{"line":199,"column":31},"end":{"line":199,"column":36}},"189":{"start":{"line":200,"column":31},"end":{"line":200,"column":36}},"190":{"start":{"line":201,"column":32},"end":{"line":201,"column":37}},"191":{"start":{"line":202,"column":31},"end":{"line":202,"column":36}},"192":{"start":{"line":203,"column":31},"end":{"line":203,"column":36}},"193":{"start":{"line":204,"column":32},"end":{"line":204,"column":37}},"194":{"start":{"line":205,"column":31},"end":{"line":205,"column":36}},"195":{"start":{"line":207,"column":21},"end":{"line":207,"column":26}},"196":{"start":{"line":208,"column":21},"end":{"line":208,"column":29}},"197":{"start":{"line":210,"column":37},"end":{"line":210,"column":41}},"198":{"start":{"line":211,"column":38},"end":{"line":211,"column":42}}},"fnMap":{},"branchMap":{},"s":{"0":0,"1":0,"2":0,"3":0,"4":0,"5":0,"6":0,"7":0,"8":0,"9":0,"10":0,"11":0,"12":0,"13":0,"14":0,"15":0,"16":0,"17":0,"18":0,"19":0,"20":0,"21":0,"22":0,"23":0,"24":0,"25":0,"26":0,"27":0,"28":0,"29":0,"30":0,"31":0,"32":0,"33":0,"34":0,"35":0,"36":0,"37":0,"38":0,"39":0,"40":0,"41":0,"42":0,"43":0,"44":0,"45":0,"46":0,"47":0,"48":0,"49":0,"50":0,"51":0,"52":0,"53":0,"54":0,"55":0,"56":0,"57":0,"58":0,"59":0,"60":0,"61":0,"62":0,"63":0,"64":0,"65":0,"66":0,"67":0,"68":0,"69":0,"70":0,"71":0,"72":0,"73":0,"74":0,"75":0,"76":0,"77":0,"78":0,"79":0,"80":0,"81":0,"82":0,"83":0,"84":0,"85":0,"86":0,"87":0,"88":0,"89":0,"90":0,"91":0,"92":0,"93":0,"94":0,"95":0,"96":0,"97":0,"98":0,"99":0,"100":0,"101":0,"102":0,"103":0,"104":0,"105":0,"106":0,"107":0,"108":0,"109":0,"110":0,"111":0,"112":0,"113":0,"114":0,"115":0,"116":0,"117":0,"118":0,"119":0,"120":0,"121":0,"122":0,"123":0,"124":0,"125":0,"126":0,"127":0,"128":0,"129":0,"130":0,"131":0,"132":0,"133":0,"134":0,"135":0,"136":0,"137":0,"138":0,"139":0,"140":0,"141":0,"142":0,"143":0,"144":0,"145":0,"146":0,"147":0,"148":0,"149":0,"150":0,"151":0,"152":0,"153":0,"154":0,"155":0,"156":0,"157":0,"158":0,"159":0,"160":0,"161":0,"162":0,"163":0,"164":0,"165":0,"166":0,"167":0,"168":0,"169":0,"170":0,"171":0,"172":0,"173":0,"174":0,"175":0,"176":0,"177":0,"178":0,"179":0,"180":0,"181":0,"182":0,"183":0,"184":0,"185":0,"186":0,"187":0,"188":0,"189":0,"190":0,"191":0,"192":0,"193":0,"194":0,"195":0,"196":0,"197":0,"198":0},"f":{},"b":{}}
,"/home/yibo/Desktop/TestGeneration/ProjectTest/jstest/GPT3.5/ProjectTest/JS/original_fix/check/check.js": {"path":"/home/yibo/Desktop/TestGeneration/ProjectTest/jstest/GPT3.5/ProjectTest/JS/original_fix/check/check.js","statementMap":{"0":{"start":{"line":4,"column":27},"end":{"line":13,"column":1}},"1":{"start":{"line":5,"column":2},"end":{"line":9,"column":3}},"2":{"start":{"line":6,"column":4},"end":{"line":8,"column":5}},"3":{"start":{"line":11,"column":2},"end":{"line":11,"column":34}},"4":{"start":{"line":12,"column":2},"end":{"line":12,"column":37}},"5":{"start":{"line":23,"column":20},"end":{"line":41,"column":1}},"6":{"start":{"line":24,"column":2},"end":{"line":28,"column":3}},"7":{"start":{"line":25,"column":4},"end":{"line":27,"column":5}},"8":{"start":{"line":30,"column":2},"end":{"line":34,"column":3}},"9":{"start":{"line":31,"column":4},"end":{"line":33,"column":5}},"10":{"start":{"line":36,"column":2},"end":{"line":40,"column":3}},"11":{"start":{"line":37,"column":4},"end":{"line":39,"column":5}},"12":{"start":{"line":43,"column":23},"end":{"line":55,"column":1}},"13":{"start":{"line":44,"column":2},"end":{"line":48,"column":3}},"14":{"start":{"line":45,"column":4},"end":{"line":47,"column":5}},"15":{"start":{"line":50,"column":2},"end":{"line":54,"column":3}},"16":{"start":{"line":51,"column":4},"end":{"line":53,"column":5}}},"fnMap":{"0":{"name":"(anonymous_0)","decl":{"start":{"line":4,"column":27},"end":{"line":4,"column":28}},"loc":{"start":{"line":4,"column":52},"end":{"line":13,"column":1}},"line":4},"1":{"name":"(anonymous_1)","decl":{"start":{"line":23,"column":20},"end":{"line":23,"column":21}},"loc":{"start":{"line":23,"column":45},"end":{"line":41,"column":1}},"line":23},"2":{"name":"(anonymous_2)","decl":{"start":{"line":43,"column":23},"end":{"line":43,"column":24}},"loc":{"start":{"line":43,"column":48},"end":{"line":55,"column":1}},"line":43}},"branchMap":{"0":{"loc":{"start":{"line":5,"column":2},"end":{"line":9,"column":3}},"type":"if","locations":[{"start":{"line":5,"column":2},"end":{"line":9,"column":3}},{"start":{},"end":{}}],"line":5},"1":{"loc":{"start":{"line":24,"column":2},"end":{"line":28,"column":3}},"type":"if","locations":[{"start":{"line":24,"column":2},"end":{"line":28,"column":3}},{"start":{},"end":{}}],"line":24},"2":{"loc":{"start":{"line":30,"column":2},"end":{"line":34,"column":3}},"type":"if","locations":[{"start":{"line":30,"column":2},"end":{"line":34,"column":3}},{"start":{},"end":{}}],"line":30},"3":{"loc":{"start":{"line":36,"column":2},"end":{"line":40,"column":3}},"type":"if","locations":[{"start":{"line":36,"column":2},"end":{"line":40,"column":3}},{"start":{},"end":{}}],"line":36},"4":{"loc":{"start":{"line":44,"column":2},"end":{"line":48,"column":3}},"type":"if","locations":[{"start":{"line":44,"column":2},"end":{"line":48,"column":3}},{"start":{},"end":{}}],"line":44},"5":{"loc":{"start":{"line":44,"column":6},"end":{"line":44,"column":71}},"type":"binary-expr","locations":[{"start":{"line":44,"column":6},"end":{"line":44,"column":42}},{"start":{"line":44,"column":46},"end":{"line":44,"column":71}}],"line":44},"6":{"loc":{"start":{"line":50,"column":2},"end":{"line":54,"column":3}},"type":"if","locations":[{"start":{"line":50,"column":2},"end":{"line":54,"column":3}},{"start":{},"end":{}}],"line":50}},"s":{"0":0,"1":0,"2":0,"3":0,"4":0,"5":0,"6":0,"7":0,"8":0,"9":0,"10":0,"11":0,"12":0,"13":0,"14":0,"15":0,"16":0},"f":{"0":0,"1":0,"2":0},"b":{"0":[0,0],"1":[0,0],"2":[0,0],"3":[0,0],"4":[0,0],"5":[0,0],"6":[0,0]}}
,"/home/yibo/Desktop/TestGeneration/ProjectTest/jstest/GPT3.5/ProjectTest/JS/original_fix/check/subclass.js": {"path":"/home/yibo/Desktop/TestGeneration/ProjectTest/jstest/GPT3.5/ProjectTest/JS/original_fix/check/subclass.js","statementMap":{"0":{"start":{"line":20,"column":26},"end":{"line":21,"column":71}},"1":{"start":{"line":21,"column":2},"end":{"line":21,"column":71}},"2":{"start":{"line":23,"column":37},"end":{"line":23,"column":53}}},"fnMap":{"0":{"name":"(anonymous_0)","decl":{"start":{"line":20,"column":26},"end":{"line":20,"column":27}},"loc":{"start":{"line":21,"column":2},"end":{"line":21,"column":71}},"line":21}},"branchMap":{"0":{"loc":{"start":{"line":21,"column":2},"end":{"line":21,"column":71}},"type":"binary-expr","locations":[{"start":{"line":21,"column":2},"end":{"line":21,"column":28}},{"start":{"line":21,"column":32},"end":{"line":21,"column":71}}],"line":21}},"s":{"0":0,"1":0,"2":0},"f":{"0":0},"b":{"0":[0,0]}}
,"/home/yibo/Desktop/TestGeneration/ProjectTest/jstest/GPT3.5/ProjectTest/JS/original_fix/circle/Circle.js": {"path":"/home/yibo/Desktop/TestGeneration/ProjectTest/jstest/GPT3.5/ProjectTest/JS/original_fix/circle/Circle.js","statementMap":{"0":{"start":{"line":1,"column":12},"end":{"line":1,"column":30}},"1":{"start":{"line":2,"column":12},"end":{"line":2,"column":29}},"2":{"start":{"line":3,"column":20},"end":{"line":3,"column":51}},"3":{"start":{"line":5,"column":0},"end":{"line":5,"column":24}},"4":{"start":{"line":23,"column":4},"end":{"line":23,"column":51}},"5":{"start":{"line":30,"column":4},"end":{"line":30,"column":68}},"6":{"start":{"line":32,"column":4},"end":{"line":32,"column":32}},"7":{"start":{"line":33,"column":4},"end":{"line":33,"column":30}},"8":{"start":{"line":35,"column":0},"end":{"line":35,"column":31}},"9":{"start":{"line":36,"column":0},"end":{"line":36,"column":38}},"10":{"start":{"line":42,"column":0},"end":{"line":45,"column":2}},"11":{"start":{"line":43,"column":12},"end":{"line":43,"column":23}},"12":{"start":{"line":44,"column":4},"end":{"line":44,"column":21}},"13":{"start":{"line":51,"column":0},"end":{"line":53,"column":2}},"14":{"start":{"line":52,"column":4},"end":{"line":52,"column":38}},"15":{"start":{"line":59,"column":0},"end":{"line":61,"column":2}},"16":{"start":{"line":60,"column":4},"end":{"line":60,"column":52}},"17":{"start":{"line":69,"column":0},"end":{"line":77,"column":2}},"18":{"start":{"line":70,"column":12},"end":{"line":70,"column":23}},"19":{"start":{"line":71,"column":4},"end":{"line":71,"column":37}},"20":{"start":{"line":72,"column":4},"end":{"line":72,"column":37}},"21":{"start":{"line":73,"column":4},"end":{"line":76,"column":5}},"22":{"start":{"line":74,"column":8},"end":{"line":74,"column":59}},"23":{"start":{"line":75,"column":8},"end":{"line":75,"column":59}},"24":{"start":{"line":79,"column":44},"end":{"line":79,"column":57}},"25":{"start":{"line":80,"column":33},"end":{"line":80,"column":46}},"26":{"start":{"line":89,"column":0},"end":{"line":143,"column":2}},"27":{"start":{"line":90,"column":15},"end":{"line":90,"column":23}},"28":{"start":{"line":91,"column":13},"end":{"line":91,"column":19}},"29":{"start":{"line":92,"column":12},"end":{"line":92,"column":23}},"30":{"start":{"line":94,"column":12},"end":{"line":94,"column":71}},"31":{"start":{"line":95,"column":12},"end":{"line":95,"column":107}},"32":{"start":{"line":96,"column":12},"end":{"line":96,"column":100}},"33":{"start":{"line":97,"column":16},"end":{"line":97,"column":42}},"34":{"start":{"line":99,"column":28},"end":{"line":99,"column":65}},"35":{"start":{"line":100,"column":17},"end":{"line":100,"column":43}},"36":{"start":{"line":102,"column":4},"end":{"line":142,"column":5}},"37":{"start":{"line":104,"column":8},"end":{"line":104,"column":15}},"38":{"start":{"line":106,"column":11},"end":{"line":142,"column":5}},"39":{"start":{"line":108,"column":8},"end":{"line":108,"column":54}},"40":{"start":{"line":110,"column":8},"end":{"line":110,"column":59}},"41":{"start":{"line":111,"column":8},"end":{"line":111,"column":38}},"42":{"start":{"line":113,"column":8},"end":{"line":113,"column":58}},"43":{"start":{"line":116,"column":24},"end":{"line":116,"column":40}},"44":{"start":{"line":117,"column":20},"end":{"line":117,"column":31}},"45":{"start":{"line":118,"column":17},"end":{"line":118,"column":42}},"46":{"start":{"line":119,"column":17},"end":{"line":119,"column":42}},"47":{"start":{"line":121,"column":8},"end":{"line":132,"column":9}},"48":{"start":{"line":122,"column":12},"end":{"line":122,"column":55}},"49":{"start":{"line":124,"column":12},"end":{"line":124,"column":63}},"50":{"start":{"line":125,"column":12},"end":{"line":125,"column":42}},"51":{"start":{"line":127,"column":12},"end":{"line":127,"column":59}},"52":{"start":{"line":129,"column":12},"end":{"line":131,"column":13}},"53":{"start":{"line":130,"column":16},"end":{"line":130,"column":23}},"54":{"start":{"line":134,"column":8},"end":{"line":141,"column":9}},"55":{"start":{"line":135,"column":12},"end":{"line":135,"column":55}},"56":{"start":{"line":137,"column":12},"end":{"line":137,"column":63}},"57":{"start":{"line":138,"column":12},"end":{"line":138,"column":42}},"58":{"start":{"line":140,"column":12},"end":{"line":140,"column":59}},"59":{"start":{"line":145,"column":0},"end":{"line":148,"column":2}},"60":{"start":{"line":146,"column":17},"end":{"line":146,"column":28}},"61":{"start":{"line":147,"column":4},"end":{"line":147,"column":61}}},"fnMap":{"0":{"name":"Circle","decl":{"start":{"line":22,"column":9},"end":{"line":22,"column":15}},"loc":{"start":{"line":22,"column":24},"end":{"line":34,"column":1}},"line":22},"1":{"name":"(anonymous_1)","decl":{"start":{"line":42,"column":42},"end":{"line":42,"column":43}},"loc":{"start":{"line":42,"column":52},"end":{"line":45,"column":1}},"line":42},"2":{"name":"(anonymous_2)","decl":{"start":{"line":51,"column":40},"end":{"line":51,"column":41}},"loc":{"start":{"line":51,"column":50},"end":{"line":53,"column":1}},"line":51},"3":{"name":"(anonymous_3)","decl":{"start":{"line":59,"column":30},"end":{"line":59,"column":31}},"loc":{"start":{"line":59,"column":40},"end":{"line":61,"column":1}},"line":59},"4":{"name":"(anonymous_4)","decl":{"start":{"line":69,"column":31},"end":{"line":69,"column":32}},"loc":{"start":{"line":69,"column":65},"end":{"line":77,"column":1}},"line":69},"5":{"name":"(anonymous_5)","decl":{"start":{"line":89,"column":27},"end":{"line":89,"column":28}},"loc":{"start":{"line":89,"column":69},"end":{"line":143,"column":1}},"line":89},"6":{"name":"(anonymous_6)","decl":{"start":{"line":145,"column":29},"end":{"line":145,"column":30}},"loc":{"start":{"line":145,"column":49},"end":{"line":148,"column":1}},"line":145}},"branchMap":{"0":{"loc":{"start":{"line":23,"column":14},"end":{"line":23,"column":50}},"type":"cond-expr","locations":[{"start":{"line":23,"column":24},"end":{"line":23,"column":45}},{"start":{"line":23,"column":48},"end":{"line":23,"column":50}}],"line":23},"1":{"loc":{"start":{"line":30,"column":18},"end":{"line":30,"column":67}},"type":"cond-expr","locations":[{"start":{"line":30,"column":49},"end":{"line":30,"column":63}},{"start":{"line":30,"column":66},"end":{"line":30,"column":67}}],"line":30},"2":{"loc":{"start":{"line":73,"column":4},"end":{"line":76,"column":5}},"type":"if","locations":[{"start":{"line":73,"column":4},"end":{"line":76,"column":5}},{"start":{},"end":{}}],"line":73},"3":{"loc":{"start":{"line":102,"column":4},"end":{"line":142,"column":5}},"type":"if","locations":[{"start":{"line":102,"column":4},"end":{"line":142,"column":5}},{"start":{"line":106,"column":11},"end":{"line":142,"column":5}}],"line":102},"4":{"loc":{"start":{"line":106,"column":11},"end":{"line":142,"column":5}},"type":"if","locations":[{"start":{"line":106,"column":11},"end":{"line":142,"column":5}},{"start":{"line":115,"column":11},"end":{"line":142,"column":5}}],"line":106},"5":{"loc":{"start":{"line":121,"column":8},"end":{"line":132,"column":9}},"type":"if","locations":[{"start":{"line":121,"column":8},"end":{"line":132,"column":9}},{"start":{},"end":{}}],"line":121},"6":{"loc":{"start":{"line":121,"column":11},"end":{"line":121,"column":29}},"type":"binary-expr","locations":[{"start":{"line":121,"column":11},"end":{"line":121,"column":18}},{"start":{"line":121,"column":22},"end":{"line":121,"column":29}}],"line":121},"7":{"loc":{"start":{"line":129,"column":12},"end":{"line":131,"column":13}},"type":"if","locations":[{"start":{"line":129,"column":12},"end":{"line":131,"column":13}},{"start":{},"end":{}}],"line":129},"8":{"loc":{"start":{"line":134,"column":8},"end":{"line":141,"column":9}},"type":"if","locations":[{"start":{"line":134,"column":8},"end":{"line":141,"column":9}},{"start":{},"end":{}}],"line":134},"9":{"loc":{"start":{"line":134,"column":11},"end":{"line":134,"column":29}},"type":"binary-expr","locations":[{"start":{"line":134,"column":11},"end":{"line":134,"column":18}},{"start":{"line":134,"column":22},"end":{"line":134,"column":29}}],"line":134}},"s":{"0":0,"1":0,"2":0,"3":0,"4":0,"5":0,"6":0,"7":0,"8":0,"9":0,"10":0,"11":0,"12":0,"13":0,"14":0,"15":0,"16":0,"17":0,"18":0,"19":0,"20":0,"21":0,"22":0,"23":0,"24":0,"25":0,"26":0,"27":0,"28":0,"29":0,"30":0,"31":0,"32":0,"33":0,"34":0,"35":0,"36":0,"37":0,"38":0,"39":0,"40":0,"41":0,"42":0,"43":0,"44":0,"45":0,"46":0,"47":0,"48":0,"49":0,"50":0,"51":0,"52":0,"53":0,"54":0,"55":0,"56":0,"57":0,"58":0,"59":0,"60":0,"61":0},"f":{"0":0,"1":0,"2":0,"3":0,"4":0,"5":0,"6":0},"b":{"0":[0,0],"1":[0,0],"2":[0,0],"3":[0,0],"4":[0,0],"5":[0,0],"6":[0,0],"7":[0,0],"8":[0,0],"9":[0,0]}}
,"/home/yibo/Desktop/TestGeneration/ProjectTest/jstest/GPT3.5/ProjectTest/JS/original_fix/circle/Shape.js": {"path":"/home/yibo/Desktop/TestGeneration/ProjectTest/jstest/GPT3.5/ProjectTest/JS/original_fix/circle/Shape.js","statementMap":{"0":{"start":{"line":1,"column":0},"end":{"line":1,"column":23}},"1":{"start":{"line":3,"column":11},"end":{"line":3,"column":28}},"2":{"start":{"line":20,"column":4},"end":{"line":20,"column":28}},"3":{"start":{"line":26,"column":4},"end":{"line":26,"column":21}},"4":{"start":{"line":32,"column":4},"end":{"line":32,"column":34}},"5":{"start":{"line":33,"column":4},"end":{"line":35,"column":5}},"6":{"start":{"line":34,"column":8},"end":{"line":34,"column":51}},"7":{"start":{"line":41,"column":4},"end":{"line":41,"column":36}},"8":{"start":{"line":59,"column":4},"end":{"line":59,"column":34}},"9":{"start":{"line":67,"column":4},"end":{"line":67,"column":32}},"10":{"start":{"line":75,"column":4},"end":{"line":75,"column":28}},"11":{"start":{"line":106,"column":4},"end":{"line":106,"column":92}},"12":{"start":{"line":112,"column":4},"end":{"line":112,"column":104}},"13":{"start":{"line":119,"column":4},"end":{"line":119,"column":89}},"14":{"start":{"line":126,"column":4},"end":{"line":126,"column":45}},"15":{"start":{"line":133,"column":4},"end":{"line":133,"column":18}},"16":{"start":{"line":139,"column":4},"end":{"line":139,"column":72}},"17":{"start":{"line":141,"column":4},"end":{"line":143,"column":5}},"18":{"start":{"line":142,"column":8},"end":{"line":142,"column":36}},"19":{"start":{"line":145,"column":4},"end":{"line":145,"column":22}},"20":{"start":{"line":148,"column":0},"end":{"line":148,"column":20}},"21":{"start":{"line":154,"column":0},"end":{"line":154,"column":22}},"22":{"start":{"line":160,"column":0},"end":{"line":160,"column":22}},"23":{"start":{"line":166,"column":0},"end":{"line":166,"column":22}},"24":{"start":{"line":172,"column":0},"end":{"line":172,"column":22}},"25":{"start":{"line":178,"column":0},"end":{"line":178,"column":23}},"26":{"start":{"line":184,"column":0},"end":{"line":184,"column":17}},"27":{"start":{"line":190,"column":0},"end":{"line":190,"column":19}},"28":{"start":{"line":196,"column":0},"end":{"line":196,"column":24}},"29":{"start":{"line":198,"column":0},"end":{"line":268,"column":2}},"30":{"start":{"line":249,"column":41},"end":{"line":249,"column":54}},"31":{"start":{"line":258,"column":33},"end":{"line":258,"column":46}},"32":{"start":{"line":259,"column":8},"end":{"line":266,"column":10}},"33":{"start":{"line":260,"column":23},"end":{"line":260,"column":32}},"34":{"start":{"line":262,"column":12},"end":{"line":262,"column":71}},"35":{"start":{"line":263,"column":12},"end":{"line":263,"column":76}},"36":{"start":{"line":265,"column":12},"end":{"line":265,"column":97}}},"fnMap":{"0":{"name":"Shape","decl":{"start":{"line":19,"column":9},"end":{"line":19,"column":14}},"loc":{"start":{"line":19,"column":23},"end":{"line":146,"column":1}},"line":19},"1":{"name":"(anonymous_1)","decl":{"start":{"line":205,"column":28},"end":{"line":205,"column":29}},"loc":{"start":{"line":205,"column":38},"end":{"line":205,"column":40}},"line":205},"2":{"name":"(anonymous_2)","decl":{"start":{"line":212,"column":26},"end":{"line":212,"column":27}},"loc":{"start":{"line":212,"column":36},"end":{"line":212,"column":38}},"line":212},"3":{"name":"(anonymous_3)","decl":{"start":{"line":218,"column":16},"end":{"line":218,"column":17}},"loc":{"start":{"line":218,"column":26},"end":{"line":218,"column":28}},"line":218},"4":{"name":"(anonymous_4)","decl":{"start":{"line":227,"column":17},"end":{"line":227,"column":18}},"loc":{"start":{"line":227,"column":51},"end":{"line":229,"column":5}},"line":227},"5":{"name":"(anonymous_5)","decl":{"start":{"line":239,"column":13},"end":{"line":239,"column":14}},"loc":{"start":{"line":239,"column":55},"end":{"line":241,"column":5}},"line":239},"6":{"name":"(anonymous_6)","decl":{"start":{"line":249,"column":15},"end":{"line":249,"column":16}},"loc":{"start":{"line":249,"column":39},"end":{"line":249,"column":56}},"line":249},"7":{"name":"(anonymous_7)","decl":{"start":{"line":257,"column":24},"end":{"line":257,"column":25}},"loc":{"start":{"line":257,"column":36},"end":{"line":267,"column":5}},"line":257},"8":{"name":"(anonymous_8)","decl":{"start":{"line":259,"column":15},"end":{"line":259,"column":16}},"loc":{"start":{"line":259,"column":42},"end":{"line":266,"column":9}},"line":259}},"branchMap":{"0":{"loc":{"start":{"line":20,"column":14},"end":{"line":20,"column":27}},"type":"binary-expr","locations":[{"start":{"line":20,"column":14},"end":{"line":20,"column":21}},{"start":{"line":20,"column":25},"end":{"line":20,"column":27}}],"line":20},"1":{"loc":{"start":{"line":33,"column":4},"end":{"line":35,"column":5}},"type":"if","locations":[{"start":{"line":33,"column":4},"end":{"line":35,"column":5}},{"start":{},"end":{}}],"line":33},"2":{"loc":{"start":{"line":41,"column":17},"end":{"line":41,"column":35}},"type":"binary-expr","locations":[{"start":{"line":41,"column":17},"end":{"line":41,"column":30}},{"start":{"line":41,"column":34},"end":{"line":41,"column":35}}],"line":41},"3":{"loc":{"start":{"line":59,"column":16},"end":{"line":59,"column":33}},"type":"binary-expr","locations":[{"start":{"line":59,"column":16},"end":{"line":59,"column":28}},{"start":{"line":59,"column":32},"end":{"line":59,"column":33}}],"line":59},"4":{"loc":{"start":{"line":106,"column":26},"end":{"line":106,"column":91}},"type":"cond-expr","locations":[{"start":{"line":106,"column":65},"end":{"line":106,"column":87}},{"start":{"line":106,"column":90},"end":{"line":106,"column":91}}],"line":106},"5":{"loc":{"start":{"line":112,"column":29},"end":{"line":112,"column":103}},"type":"cond-expr","locations":[{"start":{"line":112,"column":71},"end":{"line":112,"column":96}},{"start":{"line":112,"column":99},"end":{"line":112,"column":103}}],"line":112},"6":{"loc":{"start":{"line":119,"column":25},"end":{"line":119,"column":88}},"type":"cond-expr","locations":[{"start":{"line":119,"column":63},"end":{"line":119,"column":84}},{"start":{"line":119,"column":87},"end":{"line":119,"column":88}}],"line":119},"7":{"loc":{"start":{"line":126,"column":20},"end":{"line":126,"column":44}},"type":"binary-expr","locations":[{"start":{"line":126,"column":20},"end":{"line":126,"column":36}},{"start":{"line":126,"column":40},"end":{"line":126,"column":44}}],"line":126},"8":{"loc":{"start":{"line":139,"column":18},"end":{"line":139,"column":71}},"type":"cond-expr","locations":[{"start":{"line":139,"column":49},"end":{"line":139,"column":63}},{"start":{"line":139,"column":66},"end":{"line":139,"column":71}}],"line":139},"9":{"loc":{"start":{"line":141,"column":4},"end":{"line":143,"column":5}},"type":"if","locations":[{"start":{"line":141,"column":4},"end":{"line":143,"column":5}},{"start":{},"end":{}}],"line":141}},"s":{"0":0,"1":0,"2":0,"3":0,"4":0,"5":0,"6":0,"7":0,"8":0,"9":0,"10":0,"11":0,"12":0,"13":0,"14":0,"15":0,"16":0,"17":0,"18":0,"19":0,"20":0,"21":0,"22":0,"23":0,"24":0,"25":0,"26":0,"27":0,"28":0,"29":0,"30":0,"31":0,"32":0,"33":0,"34":0,"35":0,"36":0},"f":{"0":0,"1":0,"2":0,"3":0,"4":0,"5":0,"6":0,"7":0,"8":0},"b":{"0":[0,0],"1":[0,0],"2":[0,0],"3":[0,0],"4":[0,0],"5":[0,0],"6":[0,0],"7":[0,0],"8":[0,0],"9":[0,0]}}
,"/home/yibo/Desktop/TestGeneration/ProjectTest/jstest/GPT3.5/ProjectTest/JS/original_fix/circle/Utils.js": {"path":"/home/yibo/Desktop/TestGeneration/ProjectTest/jstest/GPT3.5/ProjectTest/JS/original_fix/circle/Utils.js","statementMap":{"0":{"start":{"line":3,"column":0},"end":{"line":3,"column":23}},"1":{"start":{"line":19,"column":0},"end":{"line":27,"column":2}},"2":{"start":{"line":20,"column":4},"end":{"line":26,"column":5}},"3":{"start":{"line":21,"column":8},"end":{"line":21,"column":27}},"4":{"start":{"line":23,"column":8},"end":{"line":25,"column":9}},"5":{"start":{"line":23,"column":21},"end":{"line":23,"column":22}},"6":{"start":{"line":23,"column":30},"end":{"line":23,"column":38}},"7":{"start":{"line":24,"column":12},"end":{"line":24,"column":25}},"8":{"start":{"line":37,"column":0},"end":{"line":43,"column":2}},"9":{"start":{"line":38,"column":4},"end":{"line":38,"column":27}},"10":{"start":{"line":39,"column":4},"end":{"line":41,"column":5}},"11":{"start":{"line":39,"column":15},"end":{"line":39,"column":20}},"12":{"start":{"line":39,"column":26},"end":{"line":39,"column":46}},"13":{"start":{"line":40,"column":8},"end":{"line":40,"column":38}},"14":{"start":{"line":42,"column":4},"end":{"line":42,"column":23}},"15":{"start":{"line":52,"column":0},"end":{"line":57,"column":2}},"16":{"start":{"line":53,"column":14},"end":{"line":53,"column":36}},"17":{"start":{"line":54,"column":4},"end":{"line":56,"column":5}},"18":{"start":{"line":55,"column":8},"end":{"line":55,"column":36}},"19":{"start":{"line":70,"column":0},"end":{"line":76,"column":1}},"20":{"start":{"line":71,"column":4},"end":{"line":71,"column":37}},"21":{"start":{"line":72,"column":7},"end":{"line":76,"column":1}},"22":{"start":{"line":73,"column":4},"end":{"line":73,"column":36}},"23":{"start":{"line":75,"column":4},"end":{"line":75,"column":29}},"24":{"start":{"line":85,"column":0},"end":{"line":89,"column":2}},"25":{"start":{"line":86,"column":4},"end":{"line":88,"column":5}},"26":{"start":{"line":87,"column":8},"end":{"line":87,"column":24}},"27":{"start":{"line":97,"column":0},"end":{"line":101,"column":2}},"28":{"start":{"line":98,"column":17},"end":{"line":98,"column":19}},"29":{"start":{"line":99,"column":4},"end":{"line":99,"column":30}},"30":{"start":{"line":100,"column":4},"end":{"line":100,"column":18}},"31":{"start":{"line":112,"column":0},"end":{"line":121,"column":2}},"32":{"start":{"line":113,"column":4},"end":{"line":113,"column":50}},"33":{"start":{"line":114,"column":4},"end":{"line":114,"column":28}},"34":{"start":{"line":115,"column":4},"end":{"line":119,"column":5}},"35":{"start":{"line":116,"column":8},"end":{"line":118,"column":9}},"36":{"start":{"line":117,"column":12},"end":{"line":117,"column":41}},"37":{"start":{"line":120,"column":4},"end":{"line":120,"column":19}}},"fnMap":{"0":{"name":"Utils","decl":{"start":{"line":10,"column":9},"end":{"line":10,"column":14}},"loc":{"start":{"line":10,"column":16},"end":{"line":10,"column":18}},"line":10},"1":{"name":"(anonymous_1)","decl":{"start":{"line":19,"column":20},"end":{"line":19,"column":21}},"loc":{"start":{"line":19,"column":33},"end":{"line":27,"column":1}},"line":19},"2":{"name":"(anonymous_2)","decl":{"start":{"line":37,"column":15},"end":{"line":37,"column":16}},"loc":{"start":{"line":37,"column":44},"end":{"line":43,"column":1}},"line":37},"3":{"name":"(anonymous_3)","decl":{"start":{"line":52,"column":20},"end":{"line":52,"column":21}},"loc":{"start":{"line":52,"column":44},"end":{"line":57,"column":1}},"line":52},"4":{"name":"(anonymous_4)","decl":{"start":{"line":85,"column":15},"end":{"line":85,"column":16}},"loc":{"start":{"line":85,"column":28},"end":{"line":89,"column":1}},"line":85},"5":{"name":"(anonymous_5)","decl":{"start":{"line":97,"column":21},"end":{"line":97,"column":22}},"loc":{"start":{"line":97,"column":34},"end":{"line":101,"column":1}},"line":97},"6":{"name":"(anonymous_6)","decl":{"start":{"line":112,"column":17},"end":{"line":112,"column":18}},"loc":{"start":{"line":112,"column":44},"end":{"line":121,"column":1}},"line":112}},"branchMap":{"0":{"loc":{"start":{"line":20,"column":4},"end":{"line":26,"column":5}},"type":"if","locations":[{"start":{"line":20,"column":4},"end":{"line":26,"column":5}},{"start":{"line":22,"column":11},"end":{"line":26,"column":5}}],"line":20},"1":{"loc":{"start":{"line":38,"column":14},"end":{"line":38,"column":26}},"type":"binary-expr","locations":[{"start":{"line":38,"column":14},"end":{"line":38,"column":21}},{"start":{"line":38,"column":25},"end":{"line":38,"column":26}}],"line":38},"2":{"loc":{"start":{"line":54,"column":4},"end":{"line":56,"column":5}},"type":"if","locations":[{"start":{"line":54,"column":4},"end":{"line":56,"column":5}},{"start":{},"end":{}}],"line":54},"3":{"loc":{"start":{"line":70,"column":0},"end":{"line":76,"column":1}},"type":"if","locations":[{"start":{"l
[...]
:{"line":2,"column":15377}},{"start":{},"end":{}}],"line":2},"137":{"loc":{"start":{"line":2,"column":15434},"end":{"line":2,"column":15485}},"type":"if","locations":[{"start":{"line":2,"column":15434},"end":{"line":2,"column":15485}},{"start":{"line":2,"column":15471},"end":{"line":2,"column":15485}}],"line":2},"138":{"loc":{"start":{"line":2,"column":15472},"end":{"line":2,"column":15484}},"type":"if","locations":[{"start":{"line":2,"column":15472},"end":{"line":2,"column":15484}},{"start":{},"end":{}}],"line":2}},"s":{"0":0,"1":0,"2":0,"3":0,"4":0,"5":0,"6":0,"7":0,"8":0,"9":0,"10":0,"11":0,"12":0,"13":0,"14":0,"15":0,"16":0,"17":0,"18":0,"19":0,"20":0,"21":0,"22":0,"23":0,"24":0,"25":0,"26":0,"27":0,"28":0,"29":0,"30":0,"31":0,"32":0,"33":0,"34":0,"35":0,"36":0,"37":0,"38":0,"39":0,"40":0,"41":0,"42":0,"43":0,"44":0,"45":0,"46":0,"47":0,"48":0,"49":0,"50":0,"51":0,"52":0,"53":0,"54":0,"55":0,"56":0,"57":0,"58":0,"59":0,"60":0,"61":0,"62":0,"63":0,"64":0,"65":0,"66":0,"67":0,"68":0,"69":0,"70":0,"71":0,"72":0,"73":0,"74":0,"75":0,"76":0,"77":0,"78":0,"79":0,"80":0,"81":0,"82":0,"83":0,"84":0,"85":0,"86":0,"87":0,"88":0,"89":0,"90":0,"91":0,"92":0,"93":0,"94":0,"95":0,"96":0,"97":0,"98":0,"99":0,"100":0,"101":0,"102":0,"103":0,"104":0,"105":0,"106":0,"107":0,"108":0,"109":0,"110":0,"111":0,"112":0,"113":0,"114":0,"115":0,"116":0,"117":0,"118":0,"119":0,"120":0,"121":0,"122":0,"123":0,"124":0,"125":0,"126":0,"127":0,"128":0,"129":0,"130":0,"131":0,"132":0,"133":0,"134":0,"135":0,"136":0,"137":0,"138":0,"139":0,"140":0,"141":0,"142":0,"143":0,"144":0,"145":0,"146":0,"147":0,"148":0,"149":0,"150":0,"151":0,"152":0,"153":0,"154":0,"155":0,"156":0,"157":0,"158":0,"159":0,"160":0,"161":0,"162":0,"163":0,"164":0,"165":0,"166":0,"167":0,"168":0,"169":0,"170":0,"171":0,"172":0,"173":0,"174":0,"175":0,"176":0,"177":0,"178":0,"179":0,"180":0,"181":0,"182":0,"183":0,"184":0,"185":0,"186":0,"187":0,"188":0,"189":0,"190":0,"191":0,"192":0,"193":0,"194":0,"195":0,"196":0,"197":0,"198":0,"199":0,"200":0,"201":0,"202":0,"203":0,"204":0,"205":0,"206":0,"207":0,"208":0,"209":0,"210":0,"211":0,"212":0,"213":0,"214":0,"215":0,"216":0,"217":0,"218":0,"219":0,"220":0,"221":0,"222":0,"223":0,"224":0,"225":0,"226":0,"227":0,"228":0,"229":0,"230":0,"231":0,"232":0,"233":0,"234":0,"235":0,"236":0,"237":0,"238":0,"239":0,"240":0,"241":0,"242":0,"243":0,"244":0,"245":0,"246":0,"247":0,"248":0,"249":0,"250":0,"251":0,"252":0,"253":0,"254":0,"255":0,"256":0,"257":0,"258":0,"259":0,"260":0,"261":0,"262":0,"263":0,"264":0,"265":0,"266":0,"267":0,"268":0,"269":0,"270":0,"271":0,"272":0,"273":0,"274":0,"275":0,"276":0,"277":0,"278":0,"279":0,"280":0,"281":0,"282":0,"283":0,"284":0,"285":0,"286":0,"287":0,"288":0,"289":0,"290":0,"291":0,"292":0,"293":0,"294":0,"295":0,"296":0,"297":0,"298":0,"299":0,"300":0,"301":0,"302":0,"303":0,"304":0,"305":0,"306":0,"307":0,"308":0,"309":0,"310":0,"311":0,"312":0,"313":0,"314":0,"315":0,"316":0,"317":0,"318":0,"319":0,"320":0,"321":0,"322":0,"323":0,"324":0,"325":0,"326":0,"327":0,"328":0,"329":0,"330":0,"331":0,"332":0,"333":0,"334":0,"335":0,"336":0,"337":0,"338":0,"339":0,"340":0,"341":0,"342":0,"343":0,"344":0,"345":0,"346":0,"347":0,"348":0,"349":0,"350":0,"351":0,"352":0,"353":0,"354":0,"355":0,"356":0,"357":0,"358":0,"359":0,"360":0,"361":0,"362":0,"363":0,"364":0,"365":0,"366":0,"367":0,"368":0,"369":0,"370":0,"371":0,"372":0,"373":0,"374":0,"375":0,"376":0,"377":0,"378":0,"379":0,"380":0,"381":0,"382":0,"383":0,"384":0,"385":0,"386":0,"387":0,"388":0,"389":0,"390":0,"391":0,"392":0,"393":0,"394":0,"395":0,"396":0,"397":0,"398":0,"399":0,"400":0,"401":0,"402":0,"403":0,"404":0,"405":0,"406":0,"407":0,"408":0,"409":0,"410":0,"411":0,"412":0,"413":0,"414":0,"415":0,"416":0,"417":0,"418":0,"419":0,"420":0,"421":0,"422":0,"423":0,"424":0,"425":0,"426":0,"427":0,"428":0,"429":0,"430":0,"431":0,"432":0,"433":0,"434":0,"435":0,"436":0,"437":0,"438":0,"439":0,"440":0,"441":0,"442":0,"443":0,"444":0,"445":0,"446":0,"447":0,"448":0,"449":0,"450":0,"451":0,"452":0,"453":0,"454":0,"455":0,"456":0,"457":0,"458":0,"459":0,"460":0,"461":0,"462":0,"463":0,"464":0,"465":0,"466":0,"467":0,"468":0,"469":0,"470":0,"471":0,"472":0,"473":0,"474":0,"475":0,"476":0,"477":0,"478":0,"479":0,"480":0,"481":0,"482":0,"483":0,"484":0,"485":0,"486":0,"487":0,"488":0,"489":0,"490":0,"491":0,"492":0,"493":0,"494":0,"495":0,"496":0,"497":0,"498":0,"499":0,"500":0,"501":0,"502":0,"503":0,"504":0,"505":0,"506":0,"507":0,"508":0,"509":0,"510":0,"511":0,"512":0,"513":0,"514":0,"515":0,"516":0,"517":0,"518":0,"519":0,"520":0,"521":0,"522":0,"523":0,"524":0,"525":0,"526":0,"527":0,"528":0,"529":0,"530":0,"531":0,"532":0,"533":0,"534":0,"535":0},"f":{"0":0,"1":0,"2":0,"3":0,"4":0,"5":0,"6":0,"7":0,"8":0,"9":0,"10":0,"11":0,"12":0,"13":0,"14":0,"15":0,"16":0,"17":0,"18":0,"19":0,"20":0,"21":0,"22":0,"23":0,"24":0,"25":0,"26":0,"27":0,"28":0},"b":{"0":[0,0],"1":[0,0],"2":[0,0],"3":[0,0],"4":[0,0],"5":[0,0],"6":[0,0],"7":[0,0],"8":[0,0],"9":[0,0],"10":[0,0],"11":[0,0,0,0],"12":[0,0],"13":[0,0],"14":[0,0],"15":[0,0],"16":[0,0],"17":[0,0],"18":[0,0],"19":[0,0],"20":[0,0],"21":[0,0],"22":[0,0],"23":[0,0],"24":[0,0],"25":[0,0],"26":[0,0],"27":[0,0],"28":[0,0],"29":[0,0],"30":[0,0],"31":[0,0],"32":[0,0],"33":[0,0],"34":[0,0],"35":[0,0],"36":[0,0],"37":[0,0],"38":[0,0],"39":[0,0],"40":[0,0],"41":[0,0],"42":[0,0],"43":[0,0],"44":[0,0],"45":[0,0],"46":[0,0],"47":[0,0],"48":[0,0],"49":[0,0],"50":[0,0,0],"51":[0,0],"52":[0,0],"53":[0,0],"54":[0,0],"55":[0,0],"56":[0,0],"57":[0,0],"58":[0,0],"59":[0,0],"60":[0,0],"61":[0,0],"62":[0,0],"63":[0,0],"64":[0,0],"65":[0,0],"66":[0,0],"67":[0,0],"68":[0,0],"69":[0,0],"70":[0,0],"71":[0,0],"72":[0,0],"73":[0,0],"74":[0,0],"75":[0,0],"76":[0,0],"77":[0,0],"78":[0,0],"79":[0,0],"80":[0,0],"81":[0,0],"82":[0,0],"83":[0,0],"84":[0,0],"85":[0,0],"86":[0,0],"87":[0,0],"88":[0,0],"89":[0,0,0],"90":[0,0],"91":[0,0],"92":[0,0],"93":[0,0],"94":[0,0],"95":[0,0],"96":[0,0],"97":[0,0],"98":[0,0],"99":[0,0],"100":[0,0],"101":[0,0],"102":[0,0],"103":[0,0],"104":[0,0],"105":[0,0],"106":[0,0],"107":[0,0],"108":[0,0],"109":[0,0],"110":[0,0],"111":[0,0],"112":[0,0],"113":[0,0],"114":[0,0],"115":[0,0],"116":[0,0],"117":[0,0],"118":[0,0],"119":[0,0],"120":[0,0],"121":[0,0],"122":[0,0],"123":[0,0],"124":[0,0],"125":[0,0],"126":[0,0],"127":[0,0],"128":[0,0,0],"129":[0,0],"130":[0,0],"131":[0,0,0,0,0],"132":[0,0],"133":[0,0],"134":[0,0],"135":[0,0],"136":[0,0],"137":[0,0],"138":[0,0]}}
,"/home/yibo/Desktop/TestGeneration/ProjectTest/jstest/coverage/lcov-report/sorter.js": {"path":"/home/yibo/Desktop/TestGeneration/ProjectTest/jstest/coverage/lcov-report/sorter.js","statementMap":{"0":{"start":{"line":2,"column":17},"end":{"line":194,"column":4}},"1":{"start":{"line":5,"column":22},"end":{"line":8,"column":9}},"2":{"start":{"line":12,"column":8},"end":{"line":12,"column":59}},"3":{"start":{"line":16,"column":8},"end":{"line":16,"column":52}},"4":{"start":{"line":20,"column":8},"end":{"line":20,"column":49}},"5":{"start":{"line":24,"column":8},"end":{"line":24,"column":58}},"6":{"start":{"line":28,"column":28},"end":{"line":28,"column":71}},"7":{"start":{"line":29,"column":21},"end":{"line":29,"column":71}},"8":{"start":{"line":30,"column":8},"end":{"line":41,"column":9}},"9":{"start":{"line":30,"column":21},"end":{"line":30,"column":22}},"10":{"start":{"line":31,"column":24},"end":{"line":31,"column":31}},"11":{"start":{"line":32,"column":12},"end":{"line":40,"column":13}},"12":{"start":{"line":37,"column":16},"end":{"line":37,"column":39}},"13":{"start":{"line":39,"column":16},"end":{"line":39,"column":43}},"14":{"start":{"line":46,"column":23},"end":{"line":46,"column":64}},"15":{"start":{"line":47,"column":28},"end":{"line":47,"column":60}},"16":{"start":{"line":48,"column":8},"end":{"line":48,"column":75}},"17":{"start":{"line":49,"column":8},"end":{"line":49,"column":58}},"18":{"start":{"line":54,"column":23},"end":{"line":54,"column":62}},"19":{"start":{"line":56,"column":19},"end":{"line":56,"column":21}},"20":{"start":{"line":60,"column":8},"end":{"line":73,"column":9}},"21":{"start":{"line":61,"column":12},"end":{"line":61,"column":34}},"22":{"start":{"line":62,"column":12},"end":{"line":66,"column":14}},"23":{"start":{"line":67,"column":12},"end":{"line":67,"column":27}},"24":{"start":{"line":68,"column":12},"end":{"line":72,"column":13}},"25":{"start":{"line":69,"column":16},"end":{"line":69,"column":60}},"26":{"start":{"line":70,"column":16},"end":{"line":71,"column":71}},"27":{"start":{"line":74,"column":8},"end":{"line":74,"column":20}},"28":{"start":{"line":79,"column":24},"end":{"line":79,"column":55}},"29":{"start":{"line":82,"column":19},"end":{"line":82,"column":21}},"30":{"start":{"line":85,"column":8},"end":{"line":93,"column":9}},"31":{"start":{"line":86,"column":12},"end":{"line":86,"column":35}},"32":{"start":{"line":87,"column":12},"end":{"line":87,"column":26}},"33":{"start":{"line":88,"column":12},"end":{"line":88,"column":53}},"34":{"start":{"line":89,"column":12},"end":{"line":91,"column":13}},"35":{"start":{"line":90,"column":16},"end":{"line":90,"column":34}},"36":{"start":{"line":92,"column":12},"end":{"line":92,"column":32}},"37":{"start":{"line":94,"column":8},"end":{"line":94,"column":20}},"38":{"start":{"line":98,"column":19},"end":{"line":98,"column":56}},"39":{"start":{"line":101,"column":8},"end":{"line":103,"column":9}},"40":{"start":{"line":102,"column":12},"end":{"line":102,"column":48}},"41":{"start":{"line":107,"column":18},"end":{"line":107,"column":33}},"42":{"start":{"line":108,"column":21},"end":{"line":112,"column":13}},"43":{"start":{"line":109,"column":16},"end":{"line":109,"column":32}},"44":{"start":{"line":110,"column":16},"end":{"line":110,"column":32}},"45":{"start":{"line":111,"column":16},"end":{"line":111,"column":50}},"46":{"start":{"line":113,"column":26},"end":{"line":113,"column":32}},"47":{"start":{"line":114,"column":24},"end":{"line":114,"column":73}},"48":{"start":{"line":115,"column":23},"end":{"line":115,"column":55}},"49":{"start":{"line":116,"column":19},"end":{"line":116,"column":21}},"50":{"start":{"line":119,"column":8},"end":{"line":123,"column":9}},"51":{"start":{"line":120,"column":12},"end":{"line":122,"column":14}},"52":{"start":{"line":121,"column":16},"end":{"line":121,"column":41}},"53":{"start":{"line":125,"column":8},"end":{"line":128,"column":9}},"54":{"start":{"line":126,"column":12},"end":{"line":126,"column":35}},"55":{"start":{"line":127,"column":12},"end":{"line":127,"column":47}},"56":{"start":{"line":130,"column":8},"end":{"line":130,"column":31}},"57":{"start":{"line":132,"column":8},"end":{"line":134,"column":9}},"58":{"start":{"line":133,"column":12},"end":{"line":133,"column":43}},"59":{"start":{"line":138,"column":18},"end":{"line":138,"column":49}},"60":{"start":{"line":139,"column":18},"end":{"line":139,"column":31}},"61":{"start":{"line":141,"column":8},"end":{"line":141,"column":71}},"62":{"start":{"line":142,"column":8},"end":{"line":142,"column":28}},"63":{"start":{"line":146,"column":8},"end":{"line":148,"column":24}},"64":{"start":{"line":154,"column":24},"end":{"line":169,"column":13}},"65":{"start":{"line":155,"column":26},"end":{"line":155,"column":33}},"66":{"start":{"line":157,"column":16},"end":{"line":168,"column":18}},"67":{"start":{"line":158,"column":31},"end":{"line":158,"column":50}},"68":{"start":{"line":160,"column":20},"end":{"line":162,"column":21}},"69":{"start":{"line":161,"column":24},"end":{"line":161,"column":49}},"70":{"start":{"line":163,"column":20},"end":{"line":163,"column":41}},"71":{"start":{"line":164,"column":20},"end":{"line":164,"column":43}},"72":{"start":{"line":165,"column":20},"end":{"line":165,"column":42}},"73":{"start":{"line":166,"column":20},"end":{"line":166,"column":44}},"74":{"start":{"line":167,"column":20},"end":{"line":167,"column":40}},"75":{"start":{"line":170,"column":8},"end":{"line":181,"column":9}},"76":{"start":{"line":171,"column":12},"end":{"line":180,"column":13}},"77":{"start":{"line":174,"column":16},"end":{"line":174,"column":76}},"78":{"start":{"line":175,"column":16},"end":{"line":179,"column":17}},"79":{"start":{"line":176,"column":20},"end":{"line":176,"column":63}},"80":{"start":{"line":178,"column":20},"end":{"line":178,"column":60}},"81":{"start":{"line":184,"column":4},"end":{"line":193,"column":6}},"82":{"start":{"line":185,"column":8},"end":{"line":187,"column":9}},"83":{"start":{"line":186,"column":12},"end":{"line":186,"column":19}},"84":{"start":{"line":188,"column":8},"end":{"line":188,"column":29}},"85":{"start":{"line":189,"column":8},"end":{"line":189,"column":19}},"86":{"start":{"line":190,"column":8},"end":{"line":190,"column":23}},"87":{"start":{"line":191,"column":8},"end":{"line":191,"column":28}},"88":{"start":{"line":192,"column":8},"end":{"line":192,"column":19}},"89":{"start":{"line":196,"column":0},"end":{"line":196,"column":44}}},"fnMap":{"0":{"name":"(anonymous_0)","decl":{"start":{"line":2,"column":18},"end":{"line":2,"column":19}},"loc":{"start":{"line":2,"column":29},"end":{"line":194,"column":1}},"line":2},"1":{"name":"getTable","decl":{"start":{"line":11,"column":13},"end":{"line":11,"column":21}},"loc":{"start":{"line":11,"column":24},"end":{"line":13,"column":5}},"line":11},"2":{"name":"getTableHeader","decl":{"start":{"line":15,"column":13},"end":{"line":15,"column":27}},"loc":{"start":{"line":15,"column":30},"end":{"line":17,"column":5}},"line":15},"3":{"name":"getTableBody","decl":{"start":{"line":19,"column":13},"end":{"line":19,"column":25}},"loc":{"start":{"line":19,"column":28},"end":{"line":21,"column":5}},"line":19},"4":{"name":"getNthColumn","decl":{"start":{"line":23,"column":13},"end":{"line":23,"column":25}},"loc":{"start":{"line":23,"column":29},"end":{"line":25,"column":5}},"line":23},"5":{"name":"onFilterInput","decl":{"start":{"line":27,"column":13},"end":{"line":27,"column":26}},"loc":{"start":{"line":27,"column":29},"end":{"line":42,"column":5}},"line":27},"6":{"name":"addSearchBox","decl":{"start":{"line":45,"column":13},"end":{"line":45,"column":25}},"loc":{"start":{"line":45,"column":28},"end":{"line":50,"column":5}},"line":45},"7":{"name":"loadColumns","decl":{"start":{"line":53,"column":13},"end":{"line":53,"column":24}},"loc":{"start":{"line":53,"column":27},"end":{"line":75,"column":5}},"line":53},"8":{"name":"loadRowData","decl":{"start":{"line":78,"column":13},"end":{"line":78,"column":24}},"loc":{"start":{"line":78,"column":35},"end":{"line":95,"column":5}},"line":78},"9":{"name":"loadData","decl":{"start":{"line":97,"column":13},"end":{"line":97,"column":21}},"loc":{"start":{"line":97,"column":24},"end":{"line":104,"column":5}},"line":97},"10":{"name":"sortByIndex","decl":{"start":{"line":106,"column":13},"end":{"line":106,"column":24}},"loc":{"start":{"line":106,"column":38},"end":{"line":135,"column":5}},"line":106},"11":{"name":"(anonymous_11)","decl":{"start":{"line":108,"column":21},"end":{"line":108,"column":22}},"loc":{"start":{"line":108,"column":36},"end":{"line":112,"column":13}},"line":108},"12":{"name":"(anonymous_12)","decl":{"start":{"line":120,"column":26},"end":{"line":120,"column":27}},"loc":{"start":{"line":120,"column":41},"end":{"line":122,"column":13}},"line":120},"13":{"name":"removeSortIndicators","decl":{"start":{"line":137,"column":13},"end":{"line":137,"column":33}},"loc":{"start":{"line":137,"column":36},"end":{"line":143,"column":5}},"line":137},"14":{"name":"addSortIndicators","decl":{"start":{"line":145,"column":13},"end":{"line":145,"column":30}},"loc":{"start":{"line":145,"column":33},"end":{"line":149,"column":5}},"line":145},"15":{"name":"enableUI","decl":{"start":{"line":151,"column":13},"end":{"line":151,"column":21}},"loc":{"start":{"line":151,"column":24},"end":{"line":182,"column":5}},"line":151},"16":{"name":"ithSorter","decl":{"start":{"line":154,"column":33},"end":{"line":154,"column":42}},"loc":{"start":{"line":154,"column":46},"end":{"line":169,"column":13}},"line":154},"17":{"name":"(anonymous_17)","decl":{"start":{"line":157,"column":23},"end":{"line":157,"column":24}},"loc":{"start":{"line":157,"column":34},"end":{"line":168,"column":17}},"line":157},"18":{"name":"(anonymous_18)","decl":{"start":{"line":184,"column":11},"end":{"line":184,"column":12}},"loc":{"start":{"line":184,"column":22},"end":{"line":193,"column":5}},"line":184}},"branchMap":{"0":{"loc":{"start":{"line":32,"column":12},"end":{"line":40,"column":13}},"type":"if","locations":[{"start":{"line":32,"column":12},"end":{"line":40,"column":13}},{"start":{"line":38,"column":19},"end":{"line":40,"column":13}}],"line":32},"1":{"loc":{"start":{"line":65,"column":22},"end":{"line":65,"column":67}},"type":"binary-expr","locations":[{"start":{"line":65,"column":22},"end":{"line":65,"column":55}},{"start":{"line":65,"column":59},"end":{"line":65,"column":67}}],"line":65},"2":{"loc":{"start":{"line":68,"column":12},"end":{"line":72,"column":13}},"type":"if","locations":[{"start":{"line":68,"column":12},"end":{"line":72,"column":13}},{"start":{},"end":{}}],"line":68},"3":{"loc":{"start":{"line":89,"column":12},"end":{"line":91,"column":13}},"type":"if","locations":[{"start":{"line":89,"column":12},"end":{"line":91,"column":13}},{"start":{},"end":{}}],"line":89},"4":{"loc":{"start":{"line":111,"column":23},"end":{"line":111,"column":49}},"type":"cond-expr","locations":[{"start":{"line":111,"column":31},"end":{"line":111,"column":33}},{"start":{"line":111,"column":36},"end":{"line":111,"column":49}}],"line":111},"5":{"loc":{"start":{"line":111,"column":36},"end":{"line":111,"column":49}},"type":"cond-expr","locations":[{"start":{"line":111,"column":44},"end":{"line":111,"column":45}},{"start":{"line":111,"column":48},"end":{"line":111,"column":49}}],"line":111},"6":{"loc":{"start":{"line":119,"column":8},"end":{"line":123,"column":9}},"type":"if","locations":[{"start":{"line":119,"column":8},"end":{"line":123,"column":9}},{"start":{},"end":{}}],"line":119},"7":{"loc":{"start":{"line":146,"column":53},"end":{"line":148,"column":23}},"type":"cond-expr","locations":[{"start":{"line":147,"column":14},"end":{"line":147,"column":28}},{"start":{"line":148,"column":14},"end":{"line":148,"column":23}}],"line":146},"8":{"loc":{"start":{"line":160,"column":20},"end":{"line":162,"column":21}},"type":"if","locations":[{"start":{"line":160,"column":20},"end":{"line":162,"column":21}},{"start":{},"end":{}}],"line":160},"9":{"loc":{"start":{"line":171,"column":12},"end":{"line":180,"column":13}},"type":"if","locations":[{"start":{"line":171,"column":12},"end":{"line":180,"column":13}},{"start":{},"end":{}}],"line":171},"10":{"loc":{"start":{"line":175,"column":16},"end":{"line":179,"column":17}},"type":"if","locations":[{"start":{"line":175,"column":16},"end":{"line":179,"column":17}},{"start":{"line":177,"column":23},"end":{"line":179,"column":17}}],"line":175},"11":{"loc":{"start":{"line":185,"column":8},"end":{"line":187,"column":9}},"type":"if","locations":[{"start":{"line":185,"column":8},"end":{"line":187,"column":9}},{"start":{},"end":{}}],"line":185}},"s":{"0":0,"1":0,"2":0,"3":0,"4":0,"5":0,"6":0,"7":0,"8":0,"9":0,"10":0,"11":0,"12":0,"13":0,"14":0,"15":0,"16":0,"17":0,"18":0,"19":0,"20":0,"21":0,"22":0,"23":0,"24":0,"25":0,"26":0,"27":0,"28":0,"29":0,"30":0,"31":0,"32":0,"33":0,"34":0,"35":0,"36":0,"37":0,"38":0,"39":0,"40":0,"41":0,"42":0,"43":0,"44":0,"45":0,"46":0,"47":0,"48":0,"49":0,"50":0,"51":0,"52":0,"53":0,"54":0,"55":0,"56":0,"57":0,"58":0,"59":0,"60":0,"61":0,"62":0,"63":0,"64":0,"65":0,"66":0,"67":0,"68":0,"69":0,"70":0,"71":0,"72":0,"73":0,"74":0,"75":0,"76":0,"77":0,"78":0,"79":0,"80":0,"81":0,"82":0,"83":0,"84":0,"85":0,"86":0,"87":0,"88":0,"89":0},"f":{"0":0,"1":0,"2":0,"3":0,"4":0,"5":0,"6":0,"7":0,"8":0,"9":0,"10":0,"11":0,"12":0,"13":0,"14":0,"15":0,"16":0,"17":0,"18":0},"b":{"0":[0,0],"1":[0,0],"2":[0,0],"3":[0,0],"4":[0,0],"5":[0,0],"6":[0,0],"7":[0,0],"8":[0,0],"9":[0,0],"10":[0,0],"11":[0,0]}}
}
