TN:
SF:GPT3.5/ProjectTest/JS/original_fix/aggregate/aggregate.js
FN:12,(anonymous_0)
FNF:1
FNH:0
FNDA:0,(anonymous_0)
DA:12,0
DA:13,0
DA:14,0
DA:17,0
DA:18,0
DA:21,0
LF:6
LH:0
BRDA:13,0,0,0
BRDA:13,0,1,0
BRDA:17,1,0,0
BRDA:17,1,1,0
BRF:4
BRH:0
end_of_record
TN:
SF:GPT3.5/ProjectTest/JS/original_fix/aggregate/descriptors.js
FN:2,(anonymous_0)
FNF:1
FNH:0
FNDA:0,(anonymous_0)
DA:2,0
DA:4,0
LF:2
LH:0
BRF:0
BRH:0
end_of_record
TN:
SF:GPT3.5/ProjectTest/JS/original_fix/animation/AnimationAction.js
FN:6,(anonymous_0)
FN:74,(anonymous_1)
FN:82,(anonymous_2)
FN:90,(anonymous_3)
FN:103,(anonymous_4)
FN:111,(anonymous_5)
FN:117,(anonymous_6)
FN:125,(anonymous_7)
FN:139,(anonymous_8)
FN:151,(anonymous_9)
FN:157,(anonymous_10)
FN:163,(anonymous_11)
FN:169,(anonymous_12)
FN:191,(anonymous_13)
FN:197,(anonymous_14)
FN:217,(anonymous_15)
FN:227,(anonymous_16)
FN:233,(anonymous_17)
FN:241,(anonymous_18)
FN:250,(anonymous_19)
FN:256,(anonymous_20)
FN:284,(anonymous_21)
FN:301,(anonymous_22)
FN:307,(anonymous_23)
FN:313,(anonymous_24)
FN:321,(anonymous_25)
FN:399,(anonymous_26)
FN:436,(anonymous_27)
FN:479,(anonymous_28)
FN:636,(anonymous_29)
FN:673,(anonymous_30)
FNF:31
FNH:0
FNDA:0,(anonymous_0)
FNDA:0,(anonymous_1)
FNDA:0,(anonymous_2)
FNDA:0,(anonymous_3)
FNDA:0,(anonymous_4)
FNDA:0,(anonymous_5)
FNDA:0,(anonymous_6)
FNDA:0,(anonymous_7)
FNDA:0,(anonymous_8)
FNDA:0,(anonymous_9)
FNDA:0,(anonymous_10)
FNDA:0,(anonymous_11)
FNDA:0,(anonymous_12)
FNDA:0,(anonymous_13)
FNDA:0,(anonymous_14)
FNDA:0,(anonymous_15)
FNDA:0,(anonymous_16)
FNDA:0,(anonymous_17)
FNDA:0,(anonymous_18)
FNDA:0,(anonymous_19)
FNDA:0,(anonymous_20)
FNDA:0,(anonymous_21)
FNDA:0,(anonymous_22)
FNDA:0,(anonymous_23)
FNDA:0,(anonymous_24)
FNDA:0,(anonymous_25)
FNDA:0,(anonymous_26)
FNDA:0,(anonymous_27)
FNDA:0,(anonymous_28)
FNDA:0,(anonymous_29)
FNDA:0,(anonymous_30)
DA:8,0
DA:9,0
DA:10,0
DA:11,0
DA:13,0
DA:14,0
DA:15,0
DA:17,0
DA:22,0
DA:24,0
DA:25,0
DA:26,0
DA:30,0
DA:32,0
DA:35,0
DA:37,0
DA:38,0
DA:40,0
DA:41,0
DA:43,0
DA:44,0
DA:48,0
DA:52,0
DA:54,0
DA:55,0
DA:57,0
DA:58,0
DA:60,0
DA:62,0
DA:63,0
DA:65,0
DA:67,0
DA:68,0
DA:76,0
DA:78,0
DA:84,0
DA:86,0
DA:92,0
DA:93,0
DA:95,0
DA:96,0
DA:97,0
DA:99,0
DA:105,0
DA:113,0
DA:119,0
DA:121,0
DA:127,0
DA:128,0
DA:130,0
DA:141,0
DA:144,0
DA:146,0
DA:153,0
DA:159,0
DA:165,0
DA:171,0
DA:172,0
DA:174,0
DA:176,0
DA:177,0
DA:179,0
DA:180,0
DA:182,0
DA:183,0
DA:187,0
DA:193,0
DA:199,0
DA:201,0
DA:203,0
DA:204,0
DA:208,0
DA:219,0
DA:220,0
DA:222,0
DA:229,0
DA:235,0
DA:237,0
DA:243,0
DA:244,0
DA:246,0
DA:252,0
DA:258,0
DA:259,0
DA:260,0
DA:262,0
DA:264,0
DA:266,0
DA:267,0
DA:271,0
DA:272,0
DA:274,0
DA:275,0
DA:277,0
DA:278,0
DA:280,0
DA:286,0
DA:288,0
DA:290,0
DA:291,0
DA:295,0
DA:303,0
DA:309,0
DA:315,0
DA:325,0
DA:329,0
DA:330,0
DA:334,0
DA:336,0
DA:340,0
DA:341,0
DA:343,0
DA:348,0
DA:349,0
DA:357,0
DA:358,0
DA:363,0
DA:365,0
DA:367,0
DA:368,0
DA:370,0
DA:374,0
DA:376,0
DA:377,0
DA:381,0
DA:386,0
DA:388,0
DA:389,0
DA:401,0
DA:403,0
DA:405,0
DA:406,0
DA:408,0
DA:410,0
DA:412,0
DA:414,0
DA:416,0
DA:418,0
DA:421,0
DA:431,0
DA:432,0
DA:438,0
DA:440,0
DA:442,0
DA:444,0
DA:446,0
DA:448,0
DA:450,0
DA:452,0
DA:454,0
DA:456,0
DA:459,0
DA:464,0
DA:474,0
DA:475,0
DA:481,0
DA:482,0
DA:484,0
DA:485,0
DA:487,0
DA:489,0
DA:491,0
DA:493,0
DA:497,0
DA:499,0
DA:503,0
DA:504,0
DA:508,0
DA:510,0
DA:512,0
DA:514,0
DA:516,0
DA:520,0
DA:522,0
DA:526,0
DA:527,0
DA:529,0
DA:531,0
DA:540,0
DA:544,0
DA:546,0
DA:548,0
DA:556,0
DA:562,0
DA:566,0
DA:567,0
DA:569,0
DA:571,0
DA:573,0
DA:577,0
DA:578,0
DA:580,0
DA:582,0
DA:584,0
DA:593,0
DA:597,0
DA:598,0
DA:602,0
DA:606,0
DA:608,0
DA:610,0
DA:618,0
DA:622,0
DA:626,0
DA:632,0
DA:638,0
DA:640,0
DA:642,0
DA:643,0
DA:649,0
DA:651,0
DA:655,0
DA:659,0
DA:661,0
DA:665,0
DA:675,0
DA:676,0
DA:678,0
DA:680,0
DA:681,0
DA:685,0
DA:686,0
DA:688,0
DA:689,0
DA:690,0
DA:691,0
DA:693,0
LF:227
LH:0
BRDA:6,0,0,0
BRDA:6,1,0,0
BRDA:105,2,0,0
BRDA:105,2,1,0
BRDA:105,2,2,0
BRDA:105,2,3,0
BRDA:105,2,4,0
BRDA:144,3,0,0
BRDA:144,3,1,0
BRDA:174,4,0,0
BRDA:174,4,1,0
BRDA:201,5,0,0
BRDA:201,5,1,0
BRDA:220,6,0,0
BRDA:220,6,1,0
BRDA:264,7,0,0
BRDA:264,7,1,0
BRDA:288,8,0,0
BRDA:288,8,1,0
BRDA:315,9,0,0
BRDA:315,9,1,0
BRDA:325,10,0,0
BRDA:325,10,1,0
BRDA:336,11,0,0
BRDA:336,11,1,0
BRDA:341,12,0,0
BRDA:341,12,1,0
BRDA:341,13,0,0
BRDA:341,13,1,0
BRDA:365,14,0,0
BRDA:365,14,1,0
BRDA:370,15,0,0
BRDA:370,15,1,0
BRDA:370,15,2,0
BRDA:403,16,0,0
BRDA:403,16,1,0
BRDA:408,17,0,0
BRDA:408,17,1,0
BRDA:414,18,0,0
BRDA:414,18,1,0
BRDA:418,19,0,0
BRDA:418,19,1,0
BRDA:440,20,0,0
BRDA:440,20,1,0
BRDA:446,21,0,0
BRDA:446,21,1,0
BRDA:452,22,0,0
BRDA:452,22,1,0
BRDA:456,23,0,0
BRDA:456,23,1,0
BRDA:489,24,0,0
BRDA:489,24,1,0
BRDA:491,25,0,0
BRDA:491,25,1,0
BRDA:493,26,0,0
BRDA:493,26,1,0
BRDA:493,27,0,0
BRDA:493,27,1,0
BRDA:497,28,0,0
BRDA:497,28,1,0
BRDA:499,29,0,0
BRDA:499,29,1,0
BRDA:510,30,0,0
BRDA:510,30,1,0
BRDA:514,31,0,0
BRDA:514,31,1,0
BRDA:526,32,0,0
BRDA:526,32,1,0
BRDA:533,33,0,0
BRDA:533,33,1,0
BRDA:540,34,0,0
BRDA:540,34,1,0
BRDA:544,35,0,0
BRDA:544,35,1,0
BRDA:562,36,0,0
BRDA:562,36,1,0
BRDA:562,37,0,0
BRDA:562,37,1,0
BRDA:573,38,0,0
BRDA:573,38,1,0
BRDA:577,39,0,0
BRDA:577,39,1,0
BRDA:580,40,0,0
BRDA:580,40,1,0
BRDA:586,41,0,0
BRDA:586,41,1,0
BRDA:593,42,0,0
BRDA:593,42,1,0
BRDA:622,43,0,0
BRDA:622,43,1,0
BRDA:622,44,0,0
BRDA:622,44,1,0
BRDA:640,45,0,0
BRDA:640,45,1,0
BRDA:649,46,0,0
BRDA:649,46,1,0
BRDA:651,47,0,0
BRDA:651,47,1,0
BRDA:659,48,0,0
BRDA:659,48,1,0
BRDA:661,49,0,0
BRDA:661,49,1,0
BRDA:678,50,0,0
BRDA:678,50,1,0
BRF:104
BRH:0
end_of_record
TN:
SF:GPT3.5/ProjectTest/JS/original_fix/animation/constants.js
FNF:0
FNH:0
DA:1,0
DA:3,0
DA:4,0
DA:5,0
DA:6,0
DA:7,0
DA:8,0
DA:9,0
DA:10,0
DA:11,0
DA:12,0
DA:13,0
DA:14,0
DA:15,0
DA:16,0
DA:17,0
DA:18,0
DA:19,0
DA:20,0
DA:21,0
DA:22,0
DA:23,0
DA:24,0
DA:25,0
DA:26,0
DA:27,0
DA:28,0
DA:29,0
DA:30,0
DA:31,0
DA:32,0
DA:33,0
DA:34,0
DA:35,0
DA:36,0
DA:37,0
DA:38,0
DA:39,0
DA:40,0
DA:41,0
DA:42,0
DA:43,0
DA:44,0
DA:45,0
DA:46,0
DA:47,0
DA:48,0
DA:49,0
DA:50,0
DA:51,0
DA:52,0
DA:53,0
DA:54,0
DA:55,0
DA:56,0
DA:57,0
DA:58,0
DA:59,0
DA:60,0
DA:61,0
DA:62,0
DA:64,0
DA:65,0
DA:66,0
DA:67,0
DA:68,0
DA:69,0
DA:70,0
DA:71,0
DA:72,0
DA:73,0
DA:74,0
DA:75,0
DA:76,0
DA:77,0
DA:78,0
DA:79,0
DA:80,0
DA:81,0
DA:82,0
DA:83,0
DA:84,0
DA:85,0
DA:86,0
DA:87,0
DA:88,0
DA:89,0
DA:90,0
DA:91,0
DA:92,0
DA:93,0
DA:94,0
DA:95,0
DA:96,0
DA:97,0
DA:98,0
DA:99,0
DA:100,0
DA:101,0
DA:102,0
DA:103,0
DA:104,0
DA:105,0
DA:106,0
DA:107,0
DA:109,0
DA:110,0
DA:111,0
DA:112,0
DA:113,0
DA:114,0
DA:115,0
DA:116,0
DA:117,0
DA:118,0
DA:119,0
DA:120,0
DA:121,0
DA:122,0
DA:123,0
DA:124,0
DA:125,0
DA:126,0
DA:127,0
DA:128,0
DA:129,0
DA:130,0
DA:131,0
DA:132,0
DA:133,0
DA:134,0
DA:135,0
DA:136,0
DA:137,0
DA:138,0
DA:139,0
DA:140,0
DA:141,0
DA:142,0
DA:143,0
DA:144,0
DA:145,0
DA:146,0
DA:147,0
DA:148,0
DA:149,0
DA:150,0
DA:151,0
DA:152,0
DA:153,0
DA:154,0
DA:155,0
DA:156,0
DA:157,0
DA:158,0
DA:159,0
DA:160,0
DA:163,0
DA:164,0
DA:165,0
DA:167,0
DA:168,0
DA:170,0
DA:171,0
DA:172,0
DA:173,0
DA:174,0
DA:175,0
DA:176,0
DA:177,0
DA:179,0
DA:180,0
DA:181,0
DA:182,0
DA:183,0
DA:184,0
DA:185,0
DA:186,0
DA:188,0
DA:189,0
DA:190,0
DA:191,0
DA:192,0
DA:193,0
DA:194,0
DA:195,0
DA:197,0
DA:198,0
DA:199,0
DA:200,0
DA:201,0
DA:202,0
DA:203,0
DA:204,0
DA:205,0
DA:207,0
DA:208,0
DA:210,0
DA:211,0
LF:199
LH:0
BRF:0
BRH:0
end_of_record
TN:
SF:GPT3.5/ProjectTest/JS/original_fix/check/check.js
FN:4,(anonymous_0)
FN:23,(anonymous_1)
FN:43,(anonymous_2)
FNF:3
FNH:0
FNDA:0,(anonymous_0)
FNDA:0,(anonymous_1)
FNDA:0,(anonymous_2)
DA:4,0
DA:5,0
DA:6,0
DA:11,0
DA:12,0
DA:23,0
DA:24,0
DA:25,0
DA:30,0
DA:31,0
DA:36,0
DA:37,0
DA:43,0
DA:44,0
DA:45,0
DA:50,0
DA:51,0
LF:17
LH:0
BRDA:5,0,0,0
BRDA:5,0,1,0
BRDA:24,1,0,0
BRDA:24,1,1,0
BRDA:30,2,0,0
BRDA:30,2,1,0
BRDA:36,3,0,0
BRDA:36,3,1,0
BRDA:44,4,0,0
BRDA:44,4,1,0
BRDA:44,5,0,0
BRDA:44,5,1,0
BRDA:50,6,0,0
BRDA:50,6,1,0
BRF:14
BRH:0
end_of_record
TN:
SF:GPT3.5/ProjectTest/JS/original_fix/check/subclass.js
FN:20,(anonymous_0)
FNF:1
FNH:0
FNDA:0,(anonymous_0)
DA:20,0
DA:21,0
DA:23,0
LF:3
LH:0
BRDA:21,0,0,0
BRDA:21,0,1,0
BRF:2
BRH:0
end_of_record
TN:
SF:GPT3.5/ProjectTest/JS/original_fix/circle/Circle.js
FN:22,Circle
FN:42,(anonymous_1)
FN:51,(anonymous_2)
FN:59,(anonymous_3)
FN:69,(anonymous_4)
FN:89,(anonymous_5)
FN:145,(anonymous_6)
FNF:7
FNH:0
FNDA:0,Circle
FNDA:0,(anonymous_1)
FNDA:0,(anonymous_2)
FNDA:0,(anonymous_3)
FNDA:0,(anonymous_4)
FNDA:0,(anonymous_5)
FNDA:0,(anonymous_6)
DA:1,0
DA:2,0
DA:3,0
DA:5,0
DA:23,0
DA:30,0
DA:32,0
DA:33,0
DA:35,0
DA:36,0
DA:42,0
DA:43,0
DA:44,0
DA:51,0
DA:52,0
DA:59,0
DA:60,0
DA:69,0
DA:70,0
DA:71,0
DA:72,0
DA:73,0
DA:74,0
DA:75,0
DA:79,0
DA:80,0
DA:89,0
DA:90,0
DA:91,0
DA:92,0
DA:94,0
DA:95,0
DA:96,0
DA:97,0
DA:99,0
DA:100,0
DA:102,0
DA:104,0
DA:106,0
DA:108,0
DA:110,0
DA:111,0
DA:113,0
DA:116,0
DA:117,0
DA:118,0
DA:119,0
DA:121,0
DA:122,0
DA:124,0
DA:125,0
DA:127,0
DA:129,0
DA:130,0
DA:134,0
DA:135,0
DA:137,0
DA:138,0
DA:140,0
DA:145,0
DA:146,0
DA:147,0
LF:62
LH:0
BRDA:23,0,0,0
BRDA:23,0,1,0
BRDA:30,1,0,0
BRDA:30,1,1,0
BRDA:73,2,0,0
BRDA:73,2,1,0
BRDA:102,3,0,0
BRDA:102,3,1,0
BRDA:106,4,0,0
BRDA:106,4,1,0
BRDA:121,5,0,0
BRDA:121,5,1,0
BRDA:121,6,0,0
BRDA:121,6,1,0
BRDA:129,7,0,0
BRDA:129,7,1,0
BRDA:134,8,0,0
BRDA:134,8,1,0
BRDA:134,9,0,0
BRDA:134,9,1,0
BRF:20
BRH:0
end_of_record
TN:
SF:GPT3.5/ProjectTest/JS/original_fix/circle/Shape.js
FN:19,Shape
FN:205,(anonymous_1)
FN:212,(anonymous_2)
FN:218,(anonymous_3)
FN:227,(anonymous_4)
FN:239,(anonymous_5)
FN:249,(anonymous_6)
FN:257,(anonymous_7)
FN:259,(anonymous_8)
FNF:9
FNH:0
FNDA:0,Shape
FNDA:0,(anonymous_1)
FNDA:0,(anonymous_2)
FNDA:0,(anonymous_3)
FNDA:0,(anonymous_4)
FNDA:0,(anonymous_5)
FNDA:0,(anonymous_6)
FNDA:0,(anonymous_7)
FNDA:0,(anonymous_8)
DA:1,0
DA:3,0
DA:20,0
DA:26,0
DA:32,0
DA:33,0
DA:34,0
DA:41,0
DA:59,0
DA:67,0
DA:75,0
DA:106,0
DA:112,0
DA:119,0
DA:126,0
DA:133,0
DA:139,0
DA:141,0
DA:142,0
DA:145,0
DA:148,0
DA:154,0
DA:160,0
DA:166,0
DA:172,0
DA:178,0
DA:184,0
DA:190,0
DA:196,0
DA:198,0
DA:249,0
DA:258,0
DA:259,0
DA:260,0
DA:262,0
DA:263,0
DA:265,0
LF:37
LH:0
BRDA:20,0,0,0
BRDA:20,0,1,0
BRDA:33,1,0,0
BRDA:33,1,1,0
BRDA:41,2,0,0
BRDA:41,2,1,0
BRDA:59,3,0,0
BRDA:59,3,1,0
BRDA:106,4,0,0
BRDA:106,4,1,0
BRDA:112,5,0,0
BRDA:112,5,1,0
BRDA:119,6,0,0
BRDA:119,6,1,0
BRDA:126,7,0,0
BRDA:126,7,1,0
BRDA:139,8,0,0
BRDA:139,8,1,0
BRDA:141,9,0,0
BRDA:141,9,1,0
BRF:20
BRH:0
end_of_record
TN:
SF:GPT3.5/ProjectTest/JS/original_fix/circle/Utils.js
FN:10,Utils
FN:19,(anonymous_1)
FN:37,(anonymous_2)
FN:52,(anonymous_3)
FN:85,(anonymous_4)
FN:97,(anonymous_5)
FN:112,(anonymous_6)
FNF:7
FNH:0
FNDA:0,Utils
FNDA:0,(anonymous_1)
FNDA:0,(anonymous_2)
FNDA:0,(anonymous_3)
FNDA:0,(anonymous_4)
FNDA:0,(anonymous_5)
FNDA:0,(anonymous_6)
DA:3,0
DA:19,0
DA:20,0
DA:21,0
DA:23,0
DA:24,0
DA:37,0
DA:38,0
DA:39,0
DA:40,0
DA:42,0
DA:52,0
DA:53,0
DA:54,0
DA:55,0
DA:70,0
DA:71,0
DA:72,0
DA:73,0
DA:75,0
DA:85,0
DA:86,0
DA:87,0
DA:97,0
DA:98,0
DA:99,0
DA:100,0
DA:112,0
DA:113,0
DA:114,0
DA:115,0
DA:116,0
DA:117,0
DA:120,0
LF:34
LH:0
BRDA:20,0,0,0
BRDA:20,0,1,0
BRDA:38,1,0,0
BRDA:38,1,1,0
BRDA:54,2,0,0
BRDA:54,2,1,0
BRDA:70,3,0,0
BRDA:70,3,1,0
BRDA:72,4,0,0
BRDA:72,4,1,0
BRDA:114,5,0,0
BRDA:114,5,1,0
BRDA:116,6,0,0
BRDA:116,6,1,0
BRF:14
BRH:0
end_of_record
TN:
SF:GPT3.5/ProjectTest/JS/original_fix/circle/vec2.js
FN:40,(anonymous_0)
FN:53,(anonymous_1)
FN:68,(anonymous_2)
FN:83,(anonymous_3)
FN:107,(anonymous_4)
FN:124,(anonymous_5)
FN:142,(anonymous_6)
FN:161,(anonymous_7)
FN:190,(anonymous_8)
FN:203,(anonymous_9)
FN:217,(anonymous_10)
FN:232,(anonymous_11)
FN:247,(anonymous_12)
FN:262,(anonymous_13)
FN:277,(anonymous_14)
FN:292,(anonymous_15)
FN:307,(anonymous_16)
FN:322,(anonymous_17)
FN:337,(anonymous_18)
FN:351,(anonymous_19)
FN:365,(anonymous_20)
FN:378,(anonymous_21)
FN:391,(anonymous_22)
FN:405,(anonymous_23)
FN:419,(anonymous_24)
FN:440,(anonymous_25)
FN:451,(anonymous_26)
FN:464,(anonymous_27)
FN:480,(anonymous_28)
FN:497,(anonymous_29)
FN:518,(anonymous_30)
FNF:31
FNH:0
FNDA:0,(anonymous_0)
FNDA:0,(anonymous_1)
FNDA:0,(anonymous_2)
FNDA:0,(anonymous_3)
FNDA:0,(anonymous_4)
FNDA:0,(anonymous_5)
FNDA:0,(anonymous_6)
FNDA:0,(anonymous_7)
FNDA:0,(anonymous_8)
FNDA:0,(anonymous_9)
FNDA:0,(anonymous_10)
FNDA:0,(anonymous_11)
FNDA:0,(anonymous_12)
FNDA:0,(anonymous_13)
FNDA:0,(anonymous_14)
FNDA:0,(anonymous_15)
FNDA:0,(anonymous_16)
FNDA:0,(anonymous_17)
FNDA:0,(anonymous_18)
FNDA:0,(anonymous_19)
FNDA:0,(anonymous_20)
FNDA:0,(anonymous_21)
FNDA:0,(anonymous_22)
FNDA:0,(anonymous_23)
FNDA:0,(anonymous_24)
FNDA:0,(anonymous_25)
FNDA:0,(anonymous_26)
FNDA:0,(anonymous_27)
FNDA:0,(anonymous_28)
FNDA:0,(anonymous_29)
FNDA:0,(anonymous_30)
DA:28,0
DA:30,0
DA:40,0
DA:41,0
DA:53,0
DA:54,0
DA:55,0
DA:56,0
DA:68,0
DA:69,0
DA:70,0
DA:71,0
DA:83,0
DA:84,0
DA:85,0
DA:86,0
DA:87,0
DA:88,0
DA:89,0
DA:90,0
DA:92,0
DA:93,0
DA:95,0
DA:107,0
DA:108,0
DA:109,0
DA:110,0
DA:111,0
DA:112,0
DA:124,0
DA:125,0
DA:126,0
DA:127,0
DA:128,0
DA:129,0
DA:130,0
DA:131,0
DA:142,0
DA:143,0
DA:144,0
DA:145,0
DA:146,0
DA:147,0
DA:148,0
DA:149,0
DA:150,0
DA:161,0
DA:162,0
DA:163,0
DA:164,0
DA:165,0
DA:166,0
DA:167,0
DA:168,0
DA:178,0
DA:190,0
DA:191,0
DA:192,0
DA:193,0
DA:194,0
DA:203,0
DA:204,0
DA:205,0
DA:206,0
DA:207,0
DA:217,0
DA:218,0
DA:219,0
DA:220,0
DA:221,0
DA:232,0
DA:233,0
DA:234,0
DA:235,0
DA:236,0
DA:247,0
DA:248,0
DA:249,0
DA:250,0
DA:262,0
DA:263,0
DA:264,0
DA:265,0
DA:277,0
DA:278,0
DA:279,0
DA:280,0
DA:292,0
DA:293,0
DA:294,0
DA:295,0
DA:307,0
DA:308,0
DA:309,0
DA:310,0
DA:322,0
DA:323,0
DA:324,0
DA:325,0
DA:337,0
DA:338,0
DA:339,0
DA:340,0
DA:351,0
DA:352,0
DA:353,0
DA:354,0
DA:365,0
DA:366,0
DA:367,0
DA:368,0
DA:378,0
DA:379,0
DA:380,0
DA:381,0
DA:391,0
DA:392,0
DA:393,0
DA:394,0
DA:405,0
DA:406,0
DA:407,0
DA:408,0
DA:419,0
DA:420,0
DA:421,0
DA:422,0
DA:423,0
DA:425,0
DA:426,0
DA:427,0
DA:429,0
DA:440,0
DA:441,0
DA:451,0
DA:452,0
DA:464,0
DA:465,0
DA:466,0
DA:467,0
DA:468,0
DA:469,0
DA:480,0
DA:481,0
DA:482,0
DA:483,0
DA:497,0
DA:498,0
DA:499,0
DA:500,0
DA:502,0
DA:503,0
DA:504,0
DA:518,0
DA:519,0
DA:520,0
DA:521,0
DA:522,0
DA:525,0
DA:526,0
DA:527,0
DA:528,0
DA:530,0
LF:163
LH:0
BRDA:84,0,0,0
BRDA:84,0,1,0
BRDA:423,1,0,0
BRDA:423,1,1,0
BRDA:499,2,0,0
BRDA:499,2,1,0
BRDA:527,3,0,0
BRDA:527,3,1,0
BRDA:527,4,0,0
BRDA:527,4,1,0
BRDA:527,4,2,0
BRDA:527,4,3,0
BRF:12
BRH:0
end_of_record
TN:
SF:GPT3.5/ProjectTest/JS/original_fix/ckmeans/ckmeans.js
FN:18,ssq
FN:46,fillMatrixColumn
FN:138,fillMatrices
FN:230,ckmeans
FNF:4
FNH:0
FNDA:0,ssq
FNDA:0,fillMatrixColumn
FNDA:0,fillMatrices
FNDA:0,ckmeans
DA:20,0
DA:21,0
DA:22,0
DA:25,0
DA:27,0
DA:28,0
DA:30,0
DA:55,0
DA:56,0
DA:60,0
DA:62,0
DA:63,0
DA:65,0
DA:67,0
DA:68,0
DA:70,0
DA:72,0
DA:73,0
DA:75,0
DA:83,0
DA:84,0
DA:86,0
DA:87,0
DA:91,0
DA:93,0
DA:95,0
DA:97,0
DA:98,0
DA:100,0
DA:102,0
DA:103,0
DA:104,0
DA:105,0
DA:109,0
DA:118,0
DA:139,0
DA:142,0
DA:145,0
DA:146,0
DA:149,0
DA:150,0
DA:151,0
DA:152,0
DA:153,0
DA:155,0
DA:156,0
DA:162,0
DA:163,0
DA:168,0
DA:169,0
DA:170,0
DA:173,0
DA:176,0
DA:231,0
DA:232,0
DA:237,0
DA:239,0
DA:243,0
DA:244,0
DA:248,0
DA:250,0
DA:256,0
DA:262,0
DA:263,0
DA:268,0
DA:269,0
DA:274,0
DA:276,0
DA:277,0
DA:281,0
LF:70
LH:0
BRDA:20,0,0,0
BRDA:20,0,1,0
BRDA:27,1,0,0
BRDA:27,1,1,0
BRDA:55,2,0,0
BRDA:55,2,1,0
BRDA:67,3,0,0
BRDA:67,3,1,0
BRDA:68,4,0,0
BRDA:68,4,1,0
BRDA:70,5,0,0
BRDA:70,5,1,0
BRDA:73,6,0,0
BRDA:73,6,1,0
BRDA:75,7,0,0
BRDA:75,7,1,0
BRDA:86,8,0,0
BRDA:86,8,1,0
BRDA:95,9,0,0
BRDA:95,9,1,0
BRDA:103,10,0,0
BRDA:103,10,1,0
BRDA:151,11,0,0
BRDA:151,11,1,0
BRDA:169,12,0,0
BRDA:169,12,1,0
BRDA:231,13,0,0
BRDA:231,13,1,0
BRDA:243,14,0,0
BRDA:243,14,1,0
BRDA:276,15,0,0
BRDA:276,15,1,0
BRF:32
BRH:0
end_of_record
TN:
SF:GPT3.5/ProjectTest/JS/original_fix/ckmeans/make_matrix.js
FN:11,makeMatrix
FNF:1
FNH:0
FNDA:0,makeMatrix
DA:12,0
DA:13,0
DA:14,0
DA:15,0
DA:16,0
DA:18,0
DA:20,0
LF:7
LH:0
BRF:0
BRH:0
end_of_record
TN:
SF:GPT3.5/ProjectTest/JS/original_fix/ckmeans/numeric_sort.js
FN:18,numericSort
FN:24,(anonymous_1)
FNF:2
FNH:0
FNDA:0,numericSort
FNDA:0,(anonymous_1)
DA:19,0
DA:25,0
LF:2
LH:0
BRF:0
BRH:0
end_of_record
TN:
SF:GPT3.5/ProjectTest/JS/original_fix/ckmeans/unique_count_sorted.js
FN:15,uniqueCountSorted
FNF:1
FNH:0
FNDA:0,uniqueCountSorted
DA:16,0
DA:18,0
DA:19,0
DA:20,0
DA:21,0
DA:24,0
LF:6
LH:0
BRDA:19,0,0,0
BRDA:19,0,1,0
BRDA:19,1,0,0
BRDA:19,1,1,0
BRF:4
BRH:0
end_of_record
TN:
SF:GPT3.5/ProjectTest/JS/original_fix/ckmeans/coverage/lcov-report/block-navigation.js
FN:2,init
FN:24,toggleClass
FN:31,makeCurrent
FN:41,goToPrevious
FN:52,goToNext
FN:65,jump
FNF:6
FNH:0
FNDA:0,init
FNDA:0,toggleClass
FNDA:0,makeCurrent
FNDA:0,goToPrevious
FNDA:0,goToNext
FNDA:0,jump
DA:2,0
DA:4,0
DA:7,0
DA:10,0
DA:14,0
DA:20,0
DA:25,0
DA:28,0
DA:32,0
DA:33,0
DA:34,0
DA:42,0
DA:43,0
DA:44,0
DA:45,0
DA:46,0
DA:49,0
DA:53,0
DA:55,0
DA:59,0
DA:62,0
DA:65,0
DA:66,0
DA:71,0
DA:74,0
DA:77,0
DA:78,0
DA:82,0
DA:83,0
DA:87,0
LF:30
LH:0
BRDA:43,0,0,0
BRDA:43,0,1,0
BRDA:43,1,0,0
BRDA:43,1,1,0
BRDA:45,2,0,0
BRDA:45,2,1,0
BRDA:55,3,0,0
BRDA:55,3,1,0
BRDA:56,4,0,0
BRDA:56,4,1,0
BRDA:66,5,0,0
BRDA:66,5,1,0
BRDA:67,6,0,0
BRDA:67,6,1,0
BRDA:74,7,0,0
BRDA:74,7,1,0
BRDA:74,7,2,0
BRDA:74,7,3,0
BRDA:74,7,4,0
BRF:19
BRH:0
end_of_record
TN:
SF:GPT3.5/ProjectTest/JS/original_fix/ckmeans/coverage/lcov-report/prettify.js
FN:2,(anonymous_0)
FN:2,k
FN:2,ab
FN:2,T
FN:2,X
FN:2,(anonymous_5)
FN:2,W
FN:2,(anonymous_7)
FN:2,a
FN:2,aa
FN:2,B
FN:2,o
FN:2,g
FN:2,(anonymous_13)
FN:2,(anonymous_14)
FN:2,i
FN:2,Q
FN:2,ae
FN:2,ad
FN:2,ai
FN:2,D
FN:2,c
FN:2,q
FN:2,d
FN:2,y
FN:2,b
FN:2,Y
FN:2,(anonymous_27)
FN:2,U
FNF:29
FNH:0
FNDA:0,(anonymous_0)
FNDA:0,k
FNDA:0,ab
FNDA:0,T
FNDA:0,X
FNDA:0,(anonymous_5)
FNDA:0,W
FNDA:0,(anonymous_7)
FNDA:0,a
FNDA:0,aa
FNDA:0,B
FNDA:0,o
FNDA:0,g
FNDA:0,(anonymous_13)
FNDA:0,(anonymous_14)
FNDA:0,i
FNDA:0,Q
FNDA:0,ae
FNDA:0,ad
FNDA:0,ai
FNDA:0,D
FNDA:0,c
FNDA:0,q
FNDA:0,d
FNDA:0,y
FNDA:0,b
FNDA:0,Y
FNDA:0,(anonymous_27)
FNDA:0,U
DA:2,0
LF:1
LH:0
BRDA:2,0,0,0
BRDA:2,0,1,0
BRDA:2,1,0,0
BRDA:2,1,1,0
BRDA:2,2,0,0
BRDA:2,2,1,0
BRDA:2,3,0,0
BRDA:2,3,1,0
BRDA:2,4,0,0
BRDA:2,4,1,0
BRDA:2,5,0,0
BRDA:2,5,1,0
BRDA:2,6,0,0
BRDA:2,6,1,0
BRDA:2,7,0,0
BRDA:2,7,1,0
BRDA:2,8,0,0
BRDA:2,8,1,0
BRDA:2,9,0,0
BRDA:2,9,1,0
BRDA:2,10,0,0
BRDA:2,10,1,0
BRDA:2,11,0,0
BRDA:2,11,1,0
BRDA:2,11,2,0
BRDA:2,11,3,0
BRDA:2,12,0,0
BRDA:2,12,1,0
BRDA:2,13,0,0
BRDA:2,13,1,0
BRDA:2,14,0,0
BRDA:2,14,1,0
BRDA:2,15,0,0
BRDA:2,15,1,0
BRDA:2,16,0,0
BRDA:2,16,1,0
BRDA:2,17,0,0
BRDA:2,17,1,0
BRDA:2,18,0,0
BRDA:2,18,1,0
BRDA:2,19,0,0
BRDA:2,19,1,0
BRDA:2,20,0,0
BRDA:2,20,1,0
BRDA:2,21,0,0
BRDA:2,21,1,0
BRDA:2,22,0,0
BRDA:2,22,1,0
BRDA:2,23,0,0
BRDA:2,23,1,0
BRDA:2,24,0,0
BRDA:2,24,1,0
BRDA:2,25,0,0
BRDA:2,25,1,0
BRDA:2,26,0,0
BRDA:2,26,1,0
BRDA:2,27,0,0
BRDA:2,27,1,0
BRDA:2,28,0,0
BRDA:2,28,1,0
BRDA:2,29,0,0
BRDA:2,29,1,0
BRDA:2,30,0,0
BRDA:2,30,1,0
BRDA:2,31,0,0
BRDA:2,31,1,0
BRDA:2,32,0,0
BRDA:2,32,1,0
BRDA:2,33,0,0
BRDA:2,33,1,0
BRDA:2,34,0,0
BRDA:2,34,1,0
BRDA:2,35,0,0
BRDA:2,35,1,0
BRDA:2,36,0,0
BRDA:2,36,1,0
BRDA:2,37,0,0
BRDA:2,37,1,0
BRDA:2,38,0,0
BRDA:2,38,1,0
BRDA:2,39,0,0
BRDA:2,39,1,0
BRDA:2,40,0,0
BRDA:2,40,1,0
BRDA:2,41,0,0
BRDA:2,41,1,0
BRDA:2,42,0,0
BRDA:2,42,1,0
BRDA:2,43,0,0
BRDA:2,43,1,0
BRDA:2,44,0,0
BRDA:2,44,1,0
BRDA:2,45,0,0
BRDA:2,45,1,0
BRDA:2,46,0,0
BRDA:2,46,1,0
BRDA:2,47,0,0
BRDA:2,47,1,0
BRDA:2,48,0,0
BRDA:2,48,1,0
BRDA:2,49,0,0
BRDA:2,49,1,0
BRDA:2,50,0,0
BRDA:2,50,1,0
BRDA:2,50,2,0
BRDA:2,51,0,0
BRDA:2,51,1,0
BRDA:2,52,0,0
BRDA:2,52,1,0
BRDA:2,53,0,0
BRDA:2,53,1,0
BRDA:2,54,0,0
BRDA:2,54,1,0
BRDA:2,55,0,0
BRDA:2,55,1,0
BRDA:2,56,0,0
BRDA:2,56,1,0
BRDA:2,57,0,0
BRDA:2,57,1,0
BRDA:2,58,0,0
BRDA:2,58,1,0
BRDA:2,59,0,0
BRDA:2,59,1,0
BRDA:2,60,0,0
BRDA:2,60,1,0
BRDA:2,61,0,0
BRDA:2,61,1,0
BRDA:2,62,0,0
BRDA:2,62,1,0
BRDA:2,63,0,0
BRDA:2,63,1,0
BRDA:2,64,0,0
BRDA:2,64,1,0
BRDA:2,65,0,0
BRDA:2,65,1,0
BRDA:2,66,0,0
BRDA:2,66,1,0
BRDA:2,67,0,0
BRDA:2,67,1,0
BRDA:2,68,0,0
BRDA:2,68,1,0
BRDA:2,69,0,0
BRDA:2,69,1,0
BRDA:2,70,0,0
BRDA:2,70,1,0
BRDA:2,71,0,0
BRDA:2,71,1,0
BRDA:2,72,0,0
BRDA:2,72,1,0
BRDA:2,73,0,0
BRDA:2,73,1,0
BRDA:2,74,0,0
BRDA:2,74,1,0
BRDA:2,75,0,0
BRDA:2,75,1,0
BRDA:2,76,0,0
BRDA:2,76,1,0
BRDA:2,77,0,0
BRDA:2,77,1,0
BRDA:2,78,0,0
BRDA:2,78,1,0
BRDA:2,79,0,0
BRDA:2,79,1,0
BRDA:2,80,0,0
BRDA:2,80,1,0
BRDA:2,81,0,0
BRDA:2,81,1,0
BRDA:2,82,0,0
BRDA:2,82,1,0
BRDA:2,83,0,0
BRDA:2,83,1,0
BRDA:2,84,0,0
BRDA:2,84,1,0
BRDA:2,85,0,0
BRDA:2,85,1,0
BRDA:2,86,0,0
BRDA:2,86,1,0
BRDA:2,87,0,0
BRDA:2,87,1,0
BRDA:2,88,0,0
BRDA:2,88,1,0
BRDA:2,89,0,0
BRDA:2,89,1,0
BRDA:2,89,2,0
BRDA:2,90,0,0
BRDA:2,90,1,0
BRDA:2,91,0,0
BRDA:2,91,1,0
BRDA:2,92,0,0
BRDA:2,92,1,0
BRDA:2,93,0,0
BRDA:2,93,1,0
BRDA:2,94,0,0
BRDA:2,94,1,0
BRDA:2,95,0,0
BRDA:2,95,1,0
BRDA:2,96,0,0
BRDA:2,96,1,0
BRDA:2,97,0,0
BRDA:2,97,1,0
BRDA:2,98,0,0
BRDA:2,98,1,0
BRDA:2,99,0,0
BRDA:2,99,1,0
BRDA:2,100,0,0
BRDA:2,100,1,0
BRDA:2,101,0,0
BRDA:2,101,1,0
BRDA:2,102,0,0
BRDA:2,102,1,0
BRDA:2,103,0,0
BRDA:2,103,1,0
BRDA:2,104,0,0
BRDA:2,104,1,0
BRDA:2,105,0,0
BRDA:2,105,1,0
BRDA:2,106,0,0
BRDA:2,106,1,0
BRDA:2,107,0,0
BRDA:2,107,1,0
BRDA:2,108,0,0
BRDA:2,108,1,0
BRDA:2,109,0,0
BRDA:2,109,1,0
BRDA:2,110,0,0
BRDA:2,110,1,0
BRDA:2,111,0,0
BRDA:2,111,1,0
BRDA:2,112,0,0
BRDA:2,112,1,0
BRDA:2,113,0,0
BRDA:2,113,1,0
BRDA:2,114,0,0
BRDA:2,114,1,0
BRDA:2,115,0,0
BRDA:2,115,1,0
BRDA:2,116,0,0
BRDA:2,116,1,0
BRDA:2,117,0,0
BRDA:2,117,1,0
BRDA:2,118,0,0
BRDA:2,118,1,0
BRDA:2,119,0,0
BRDA:2,119,1,0
BRDA:2,120,0,0
BRDA:2,120,1,0
BRDA:2,121,0,0
BRDA:2,121,1,0
BRDA:2,122,0,0
BRDA:2,122,1,0
BRDA:2,123,0,0
BRDA:2,123,1,0
BRDA:2,124,0,0
BRDA:2,124,1,0
BRDA:2,125,0,0
BRDA:2,125,1,0
BRDA:2,126,0,0
BRDA:2,126,1,0
BRDA:2,127,0,0
BRDA:2,127,1,0
BRDA:2,128,0,0
BRDA:2,128,1,0
BRDA:2,128,2,0
BRDA:2,129,0,0
BRDA:2,129,1,0
BRDA:2,130,0,0
BRDA:2,130,1,0
BRDA:2,131,0,0
BRDA:2,131,1,0
BRDA:2,131,2,0
BRDA:2,131,3,0
BRDA:2,131,4,0
BRDA:2,132,0,0
BRDA:2,132,1,0
BRDA:2,133,0,0
BRDA:2,133,1,0
BRDA:2,134,0,0
BRDA:2,134,1,0
BRDA:2,135,0,0
BRDA:2,135,1,0
BRDA:2,136,0,0
BRDA:2,136,1,0
BRDA:2,137,0,0
BRDA:2,137,1,0
BRDA:2,138,0,0
BRDA:2,138,1,0
BRF:286
BRH:0
end_of_record
TN:
SF:GPT3.5/ProjectTest/JS/original_fix/ckmeans/coverage/lcov-report/sorter.js
FN:2,(anonymous_0)
FN:11,getTable
FN:15,getTableHeader
FN:19,getTableBody
FN:23,getNthColumn
FN:27,onFilterInput
FN:45,addSearchBox
FN:53,loadColumns
FN:78,loadRowData
FN:97,loadData
FN:106,sortByIndex
FN:108,(anonymous_11)
FN:120,(anonymous_12)
FN:137,removeSortIndicators
FN:145,addSortIndicators
FN:151,enableUI
FN:154,ithSorter
FN:157,(anonymous_17)
FN:184,(anonymous_18)
FNF:19
FNH:0
FNDA:0,(anonymous_0)
FNDA:0,getTable
FNDA:0,getTableHeader
FNDA:0,getTableBody
FNDA:0,getNthColumn
FNDA:0,onFilterInput
FNDA:0,addSearchBox
FNDA:0,loadColumns
FNDA:0,loadRowData
FNDA:0,loadData
FNDA:0,sortByIndex
FNDA:0,(anonymous_11)
FNDA:0,(anonymous_12)
FNDA:0,removeSortIndicators
FNDA:0,addSortIndicators
FNDA:0,enableUI
FNDA:0,ithSorter
FNDA:0,(anonymous_17)
FNDA:0,(anonymous_18)
DA:2,0
DA:5,0
DA:12,0
DA:16,0
DA:20,0
DA:24,0
DA:28,0
DA:29,0
DA:30,0
DA:31,0
DA:32,0
DA:37,0
DA:39,0
DA:46,0
DA:47,0
DA:48,0
DA:49,0
DA:54,0
DA:56,0
DA:60,0
DA:61,0
DA:62,0
DA:67,0
DA:68,0
DA:69,0
DA:70,0
DA:74,0
DA:79,0
DA:82,0
DA:85,0
DA:86,0
DA:87,0
DA:88,0
DA:89,0
DA:90,0
DA:92,0
DA:94,0
DA:98,0
DA:101,0
DA:102,0
DA:107,0
DA:108,0
DA:109,0
DA:110,0
DA:111,0
DA:113,0
DA:114,0
DA:115,0
DA:116,0
DA:119,0
DA:120,0
DA:121,0
DA:125,0
DA:126,0
DA:127,0
DA:130,0
DA:132,0
DA:133,0
DA:138,0
DA:139,0
DA:141,0
DA:142,0
DA:146,0
DA:154,0
DA:155,0
DA:157,0
DA:158,0
DA:160,0
DA:161,0
DA:163,0
DA:164,0
DA:165,0
DA:166,0
DA:167,0
DA:170,0
DA:171,0
DA:174,0
DA:175,0
DA:176,0
DA:178,0
DA:184,0
DA:185,0
DA:186,0
DA:188,0
DA:189,0
DA:190,0
DA:191,0
DA:192,0
DA:196,0
LF:89
LH:0
BRDA:32,0,0,0
BRDA:32,0,1,0
BRDA:65,1,0,0
BRDA:65,1,1,0
BRDA:68,2,0,0
BRDA:68,2,1,0
BRDA:89,3,0,0
BRDA:89,3,1,0
BRDA:111,4,0,0
BRDA:111,4,1,0
BRDA:111,5,0,0
BRDA:111,5,1,0
BRDA:119,6,0,0
BRDA:119,6,1,0
BRDA:146,7,0,0
BRDA:146,7,1,0
BRDA:160,8,0,0
BRDA:160,8,1,0
BRDA:171,9,0,0
BRDA:171,9,1,0
BRDA:175,10,0,0
BRDA:175,10,1,0
BRDA:185,11,0,0
BRDA:185,11,1,0
BRF:24
BRH:0
end_of_record
TN:
SF:GPT3.5/ProjectTest/JS/original_fix/controls/Controls.js
FN:5,(anonymous_0)
FN:22,(anonymous_1)
FN:24,(anonymous_2)
FN:26,(anonymous_3)
FN:28,(anonymous_4)
FNF:5
FNH:0
FNDA:0,(anonymous_0)
FNDA:0,(anonymous_1)
FNDA:0,(anonymous_2)
FNDA:0,(anonymous_3)
FNDA:0,(anonymous_4)
DA:7,0
DA:9,0
DA:10,0
DA:12,0
DA:14,0
DA:16,0
DA:17,0
DA:18,0
LF:8
LH:0
BRDA:5,0,0,0
BRF:1
BRH:0
end_of_record
TN:
SF:GPT3.5/ProjectTest/JS/original_fix/controls/EventDispatcher.js
FN:7,(anonymous_0)
FN:27,(anonymous_1)
FN:37,(anonymous_2)
FN:58,(anonymous_3)
FNF:4
FNH:0
FNDA:0,(anonymous_0)
FNDA:0,(anonymous_1)
FNDA:0,(anonymous_2)
FNDA:0,(anonymous_3)
DA:9,0
DA:11,0
DA:13,0
DA:15,0
DA:19,0
DA:21,0
DA:29,0
DA:31,0
DA:33,0
DA:39,0
DA:41,0
DA:42,0
DA:44,0
DA:46,0
DA:48,0
DA:50,0
DA:60,0
DA:62,0
DA:63,0
DA:65,0
DA:67,0
DA:70,0
DA:72,0
DA:74,0
DA:78,0
LF:25
LH:0
BRDA:9,0,0,0
BRDA:9,0,1,0
BRDA:13,1,0,0
BRDA:13,1,1,0
BRDA:19,2,0,0
BRDA:19,2,1,0
BRDA:29,3,0,0
BRDA:29,3,1,0
BRDA:33,4,0,0
BRDA:33,4,1,0
BRDA:39,5,0,0
BRDA:39,5,1,0
BRDA:44,6,0,0
BRDA:44,6,1,0
BRDA:48,7,0,0
BRDA:48,7,1,0
BRDA:60,8,0,0
BRDA:60,8,1,0
BRDA:65,9,0,0
BRDA:65,9,1,0
BRF:20
BRH:0
end_of_record
TN:
SF:GPT3.5/ProjectTest/JS/original_fix/convex/Convex.js
FN:24,Convex
FN:92,(anonymous_1)
FN:117,(anonymous_2)
FN:145,(anonymous_3)
FN:166,(anonymous_4)
FN:201,(anonymous_5)
FN:241,(anonymous_6)
FN:260,(anonymous_7)
FN:286,triangleArea
FN:294,(anonymous_9)
FN:319,(anonymous_10)
FN:334,(anonymous_11)
FN:362,(anonymous_12)
FNF:13
FNH:0
FNDA:0,Convex
FNDA:0,(anonymous_1)
FNDA:0,(anonymous_2)
FNDA:0,(anonymous_3)
FNDA:0,(anonymous_4)
FNDA:0,(anonymous_5)
FNDA:0,(anonymous_6)
FNDA:0,(anonymous_7)
FNDA:0,triangleArea
FNDA:0,(anonymous_9)
FNDA:0,(anonymous_10)
FNDA:0,(anonymous_11)
FNDA:0,(anonymous_12)
DA:1,0
DA:2,0
DA:3,0
DA:4,0
DA:5,0
DA:7,0
DA:25,0
DA:32,0
DA:35,0
DA:36,0
DA:37,0
DA:45,0
DA:46,0
DA:47,0
DA:49,0
DA:56,0
DA:63,0
DA:65,0
DA:66,0
DA:67,0
DA:75,0
DA:77,0
DA:78,0
DA:80,0
DA:81,0
DA:82,0
DA:83,0
DA:86,0
DA:87,0
DA:89,0
DA:90,0
DA:92,0
DA:93,0
DA:94,0
DA:96,0
DA:97,0
DA:98,0
DA:100,0
DA:101,0
DA:104,0
DA:105,0
DA:117,0
DA:118,0
DA:119,0
DA:122,0
DA:125,0
DA:126,0
DA:127,0
DA:128,0
DA:129,0
DA:131,0
DA:132,0
DA:136,0
DA:137,0
DA:138,0
DA:139,0
DA:142,0
DA:145,0
DA:146,0
DA:148,0
DA:151,0
DA:152,0
DA:154,0
DA:156,0
DA:158,0
DA:166,0
DA:168,0
DA:171,0
DA:172,0
DA:173,0
DA:174,0
DA:178,0
DA:181,0
DA:182,0
DA:183,0
DA:184,0
DA:187,0
DA:191,0
DA:192,0
DA:193,0
DA:194,0
DA:195,0
DA:201,0
DA:202,0
DA:203,0
DA:204,0
DA:205,0
DA:206,0
DA:207,0
DA:208,0
DA:209,0
DA:211,0
DA:212,0
DA:214,0
DA:215,0
DA:216,0
DA:217,0
DA:218,0
DA:220,0
DA:224,0
DA:225,0
DA:228,0
DA:229,0
DA:232,0
DA:241,0
DA:242,0
DA:243,0
DA:244,0
DA:245,0
DA:246,0
DA:247,0
DA:248,0
DA:249,0
DA:250,0
DA:251,0
DA:253,0
DA:260,0
DA:261,0
DA:262,0
DA:264,0
DA:265,0
DA:266,0
DA:267,0
DA:271,0
DA:284,0
DA:287,0
DA:294,0
DA:295,0
DA:296,0
DA:298,0
DA:299,0
DA:300,0
DA:301,0
DA:302,0
DA:303,0
DA:304,0
DA:307,0
DA:308,0
DA:319,0
DA:320,0
DA:323,0
DA:324,0
DA:325,0
DA:334,0
DA:335,0
DA:336,0
DA:337,0
DA:338,0
DA:341,0
DA:342,0
DA:344,0
DA:346,0
DA:347,0
DA:348,0
DA:349,0
DA:351,0
DA:352,0
DA:353,0
DA:354,0
DA:355,0
DA:360,0
DA:361,0
DA:362,0
DA:363,0
DA:364,0
DA:365,0
DA:366,0
DA:367,0
DA:369,0
DA:370,0
DA:371,0
DA:373,0
DA:374,0
DA:376,0
DA:378,0
DA:379,0
DA:383,0
DA:384,0
DA:386,0
DA:388,0
LF:180
LH:0
BRDA:25,0,0,0
BRDA:25,0,1,0
BRDA:35,1,0,0
BRDA:35,1,1,0
BRDA:65,2,0,0
BRDA:65,2,1,0
BRDA:77,3,0,0
BRDA:77,3,1,0
BRDA:82,4,0,0
BRDA:82,4,1,0
BRDA:128,5,0,0
BRDA:128,5,1,0
BRDA:128,6,0,0
BRDA:128,6,1,0
BRDA:131,7,0,0
BRDA:131,7,1,0
BRDA:131,8,0,0
BRDA:131,8,1,0
BRDA:136,9,0,0
BRDA:136,9,1,0
BRDA:151,10,0,0
BRDA:151,10,1,0
BRDA:266,11,0,0
BRDA:266,11,1,0
BRDA:346,12,0,0
BRDA:346,12,1,0
BRDA:351,13,0,0
BRDA:351,13,1,0
BRDA:378,14,0,0
BRDA:378,14,1,0
BRDA:383,15,0,0
BRDA:383,15,1,0
BRF:32
BRH:0
end_of_record
TN:
SF:GPT3.5/ProjectTest/JS/original_fix/convex/Line.js
FN:21,Line
FN:37,(anonymous_1)
FN:41,(anonymous_2)
FN:53,(anonymous_3)
FN:72,(anonymous_4)
FNF:5
FNH:0
FNDA:0,Line
FNDA:0,(anonymous_1)
FNDA:0,(anonymous_2)
FNDA:0,(anonymous_3)
FNDA:0,(anonymous_4)
DA:1,0
DA:2,0
DA:3,0
DA:5,0
DA:22,0
DA:29,0
DA:31,0
DA:32,0
DA:34,0
DA:35,0
DA:37,0
DA:38,0
DA:41,0
DA:42,0
DA:45,0
DA:53,0
DA:54,0
DA:55,0
DA:56,0
DA:57,0
DA:60,0
DA:61,0
DA:62,0
DA:63,0
DA:72,0
DA:73,0
DA:74,0
DA:76,0
DA:77,0
DA:80,0
DA:81,0
DA:82,0
DA:83,0
DA:84,0
DA:86,0
DA:87,0
DA:88,0
DA:89,0
DA:90,0
LF:39
LH:0
BRDA:22,0,0,0
BRDA:22,0,1,0
BRDA:29,1,0,0
BRDA:29,1,1,0
BRDA:87,2,0,0
BRDA:87,2,1,0
BRF:6
BRH:0
end_of_record
TN:
SF:GPT3.5/ProjectTest/JS/original_fix/convex/Shape.js
FN:19,Shape
FN:205,(anonymous_1)
FN:212,(anonymous_2)
FN:218,(anonymous_3)
FN:227,(anonymous_4)
FN:239,(anonymous_5)
FN:249,(anonymous_6)
FN:257,(anonymous_7)
FN:259,(anonymous_8)
FNF:9
FNH:0
FNDA:0,Shape
FNDA:0,(anonymous_1)
FNDA:0,(anonymous_2)
FNDA:0,(anonymous_3)
FNDA:0,(anonymous_4)
FNDA:0,(anonymous_5)
FNDA:0,(anonymous_6)
FNDA:0,(anonymous_7)
FNDA:0,(anonymous_8)
DA:1,0
DA:3,0
DA:20,0
DA:26,0
DA:32,0
DA:33,0
DA:34,0
DA:41,0
DA:59,0
DA:67,0
DA:75,0
DA:106,0
DA:112,0
DA:119,0
DA:126,0
DA:133,0
DA:139,0
DA:141,0
DA:142,0
DA:145,0
DA:148,0
DA:154,0
DA:160,0
DA:166,0
DA:172,0
DA:178,0
DA:184,0
DA:190,0
DA:196,0
DA:198,0
DA:249,0
DA:258,0
DA:259,0
DA:260,0
DA:262,0
DA:263,0
DA:265,0
LF:37
LH:0
BRDA:20,0,0,0
BRDA:20,0,1,0
BRDA:33,1,0,0
BRDA:33,1,1,0
BRDA:41,2,0,0
BRDA:41,2,1,0
BRDA:59,3,0,0
BRDA:59,3,1,0
BRDA:106,4,0,0
BRDA:106,4,1,0
BRDA:112,5,0,0
BRDA:112,5,1,0
BRDA:119,6,0,0
BRDA:119,6,1,0
BRDA:126,7,0,0
BRDA:126,7,1,0
BRDA:139,8,0,0
BRDA:139,8,1,0
BRDA:141,9,0,0
BRDA:141,9,1,0
BRF:20
BRH:0
end_of_record
TN:
SF:GPT3.5/ProjectTest/JS/original_fix/convex/Utils.js
FN:10,Utils
FN:19,(anonymous_1)
FN:37,(anonymous_2)
FN:52,(anonymous_3)
FN:85,(anonymous_4)
FN:97,(anonymous_5)
FN:112,(anonymous_6)
FNF:7
FNH:0
FNDA:0,Utils
FNDA:0,(anonymous_1)
FNDA:0,(anonymous_2)
FNDA:0,(anonymous_3)
FNDA:0,(anonymous_4)
FNDA:0,(anonymous_5)
FNDA:0,(anonymous_6)
DA:3,0
DA:19,0
DA:20,0
DA:21,0
DA:23,0
DA:24,0
DA:37,0
DA:38,0
DA:39,0
DA:40,0
DA:42,0
DA:52,0
DA:53,0
DA:54,0
DA:55,0
DA:70,0
DA:71,0
DA:72,0
DA:73,0
DA:75,0
DA:85,0
DA:86,0
DA:87,0
DA:97,0
DA:98,0
DA:99,0
DA:100,0
DA:112,0
DA:113,0
DA:114,0
DA:115,0
DA:116,0
DA:117,0
DA:120,0
LF:34
LH:0
BRDA:20,0,0,0
BRDA:20,0,1,0
BRDA:38,1,0,0
BRDA:38,1,1,0
BRDA:54,2,0,0
BRDA:54,2,1,0
BRDA:70,3,0,0
BRDA:70,3,1,0
BRDA:72,4,0,0
BRDA:72,4,1,0
BRDA:114,5,0,0
BRDA:114,5,1,0
BRDA:116,6,0,0
BRDA:116,6,1,0
BRF:14
BRH:0
end_of_record
TN:
SF:GPT3.5/ProjectTest/JS/original_fix/convex/math/polyk.js
FN:82,(anonymous_0)
FN:110,(anonymous_1)
FN:376,(anonymous_2)
FN:451,(anonymous_3)
FNF:4
FNH:0
FNDA:0,(anonymous_0)
FNDA:0,(anonymous_1)
FNDA:0,(anonymous_2)
FNDA:0,(anonymous_3)
DA:31,0
DA:82,0
DA:84,0
DA:85,0
DA:86,0
DA:87,0
DA:88,0
DA:89,0
DA:90,0
DA:110,0
DA:112,0
DA:113,0
DA:114,0
DA:115,0
DA:116,0
DA:118,0
DA:119,0
DA:120,0
DA:122,0
DA:123,0
DA:124,0
DA:126,0
DA:127,0
DA:128,0
DA:130,0
DA:131,0
DA:133,0
DA:134,0
DA:136,0
DA:137,0
DA:138,0
DA:141,0
DA:143,0
DA:144,0
DA:145,0
DA:146,0
DA:148,0
DA:150,0
DA:151,0
DA:376,0
DA:378,0
DA:379,0
DA:380,0
DA:381,0
DA:382,0
DA:383,0
DA:385,0
DA:386,0
DA:387,0
DA:388,0
DA:389,0
DA:391,0
DA:392,0
DA:393,0
DA:396,0
DA:451,0
DA:453,0
DA:477,0
LF:58
LH:0
BRDA:84,0,0,0
BRDA:84,0,1,0
BRDA:113,1,0,0
BRDA:113,1,1,0
BRDA:131,2,0,0
BRDA:131,2,1,0
BRDA:137,3,0,0
BRDA:137,3,1,0
BRDA:137,4,0,0
BRDA:137,4,1,0
BRDA:137,4,2,0
BRDA:138,5,0,0
BRDA:138,5,1,0
BRDA:141,6,0,0
BRDA:141,6,1,0
BRDA:148,7,0,0
BRDA:148,7,1,0
BRDA:396,8,0,0
BRDA:396,8,1,0
BRDA:396,8,2,0
BRF:20
BRH:0
end_of_record
TN:
SF:GPT3.5/ProjectTest/JS/original_fix/convex/math/vec2.js
FN:40,(anonymous_0)
FN:53,(anonymous_1)
FN:68,(anonymous_2)
FN:83,(anonymous_3)
FN:107,(anonymous_4)
FN:124,(anonymous_5)
FN:142,(anonymous_6)
FN:161,(anonymous_7)
FN:190,(anonymous_8)
FN:203,(anonymous_9)
FN:217,(anonymous_10)
FN:232,(anonymous_11)
FN:247,(anonymous_12)
FN:262,(anonymous_13)
FN:277,(anonymous_14)
FN:292,(anonymous_15)
FN:307,(anonymous_16)
FN:322,(anonymous_17)
FN:337,(anonymous_18)
FN:351,(anonymous_19)
FN:365,(anonymous_20)
FN:378,(anonymous_21)
FN:391,(anonymous_22)
FN:405,(anonymous_23)
FN:419,(anonymous_24)
FN:440,(anonymous_25)
FN:451,(anonymous_26)
FN:464,(anonymous_27)
FN:480,(anonymous_28)
FN:497,(anonymous_29)
FN:518,(anonymous_30)
FNF:31
FNH:0
FNDA:0,(anonymous_0)
FNDA:0,(anonymous_1)
FNDA:0,(anonymous_2)
FNDA:0,(anonymous_3)
FNDA:0,(anonymous_4)
FNDA:0,(anonymous_5)
FNDA:0,(anonymous_6)
FNDA:0,(anonymous_7)
FNDA:0,(anonymous_8)
FNDA:0,(anonymous_9)
FNDA:0,(anonymous_10)
FNDA:0,(anonymous_11)
FNDA:0,(anonymous_12)
FNDA:0,(anonymous_13)
FNDA:0,(anonymous_14)
FNDA:0,(anonymous_15)
FNDA:0,(anonymous_16)
FNDA:0,(anonymous_17)
FNDA:0,(anonymous_18)
FNDA:0,(anonymous_19)
FNDA:0,(anonymous_20)
FNDA:0,(anonymous_21)
FNDA:0,(anonymous_22)
FNDA:0,(anonymous_23)
FNDA:0,(anonymous_24)
FNDA:0,(anonymous_25)
FNDA:0,(anonymous_26)
FNDA:0,(anonymous_27)
FNDA:0,(anonymous_28)
FNDA:0,(anonymous_29)
FNDA:0,(anonymous_30)
DA:28,0
DA:30,0
DA:40,0
DA:41,0
DA:53,0
DA:54,0
DA:55,0
DA:56,0
DA:68,0
DA:69,0
DA:70,0
DA:71,0
DA:83,0
DA:84,0
DA:85,0
DA:86,0
DA:87,0
DA:88,0
DA:89,0
DA:90,0
DA:92,0
DA:93,0
DA:95,0
DA:107,0
DA:108,0
DA:109,0
DA:110,0
DA:111,0
DA:112,0
DA:124,0
DA:125,0
DA:126,0
DA:127,0
DA:128,0
DA:129,0
DA:130,0
DA:131,0
DA:142,0
DA:143,0
DA:144,0
DA:145,0
DA:146,0
DA:147,0
DA:148,0
DA:149,0
DA:150,0
DA:161,0
DA:162,0
DA:163,0
DA:164,0
DA:165,0
DA:166,0
DA:167,0
DA:168,0
DA:178,0
DA:190,0
DA:191,0
DA:192,0
DA:193,0
DA:194,0
DA:203,0
DA:204,0
DA:205,0
DA:206,0
DA:207,0
DA:217,0
DA:218,0
DA:219,0
DA:220,0
DA:221,0
DA:232,0
DA:233,0
DA:234,0
DA:235,0
DA:236,0
DA:247,0
DA:248,0
DA:249,0
DA:250,0
DA:262,0
DA:263,0
DA:264,0
DA:265,0
DA:277,0
DA:278,0
DA:279,0
DA:280,0
DA:292,0
DA:293,0
DA:294,0
DA:295,0
DA:307,0
DA:308,0
DA:309,0
DA:310,0
DA:322,0
DA:323,0
DA:324,0
DA:325,0
DA:337,0
DA:338,0
DA:339,0
DA:340,0
DA:351,0
DA:352,0
DA:353,0
DA:354,0
DA:365,0
DA:366,0
DA:367,0
DA:368,0
DA:378,0
DA:379,0
DA:380,0
DA:381,0
DA:391,0
DA:392,0
DA:393,0
DA:394,0
DA:405,0
DA:406,0
DA:407,0
DA:408,0
DA:419,0
DA:420,0
DA:421,0
DA:422,0
DA:423,0
DA:425,0
DA:426,0
DA:427,0
DA:429,0
DA:440,0
DA:441,0
DA:451,0
DA:452,0
DA:464,0
DA:465,0
DA:466,0
DA:467,0
DA:468,0
DA:469,0
DA:480,0
DA:481,0
DA:482,0
DA:483,0
DA:497,0
DA:498,0
DA:499,0
DA:500,0
DA:502,0
DA:503,0
DA:504,0
DA:518,0
DA:519,0
DA:520,0
DA:521,0
DA:522,0
DA:525,0
DA:526,0
DA:527,0
DA:528,0
DA:530,0
LF:163
LH:0
BRDA:84,0,0,0
BRDA:84,0,1,0
BRDA:423,1,0,0
BRDA:423,1,1,0
BRDA:499,2,0,0
BRDA:499,2,1,0
BRDA:527,3,0,0
BRDA:527,3,1,0
BRDA:527,4,0,0
BRDA:527,4,1,0
BRDA:527,4,2,0
BRDA:527,4,3,0
BRF:12
BRH:0
end_of_record
TN:
SF:GPT3.5/ProjectTest/JS/original_fix/easing/BezierEasing.js
FN:16,A
FN:20,B
FN:24,C
FN:29,calcBezier
FN:34,getSlope
FN:38,binarySubdivide
FN:57,newtonRaphsonIterate
FN:72,LinearEasing
FN:76,bezier
FN:91,getTForX
FN:115,BezierEasing
FNF:11
FNH:0
FNDA:0,A
FNDA:0,B
FNDA:0,C
FNDA:0,calcBezier
FNDA:0,getSlope
FNDA:0,binarySubdivide
FNDA:0,newtonRaphsonIterate
FNDA:0,LinearEasing
FNDA:0,bezier
FNDA:0,getTForX
FNDA:0,BezierEasing
DA:8,0
DA:9,0
DA:10,0
DA:11,0
DA:13,0
DA:14,0
DA:17,0
DA:21,0
DA:25,0
DA:30,0
DA:35,0
DA:41,0
DA:43,0
DA:44,0
DA:45,0
DA:47,0
DA:48,0
DA:50,0
DA:54,0
DA:58,0
DA:59,0
DA:61,0
DA:62,0
DA:65,0
DA:66,0
DA:69,0
DA:73,0
DA:77,0
DA:78,0
DA:81,0
DA:82,0
DA:86,0
DA:87,0
DA:88,0
DA:92,0
DA:93,0
DA:94,0
DA:96,0
DA:97,0
DA:99,0
DA:102,0
DA:103,0
DA:105,0
DA:106,0
DA:107,0
DA:108,0
DA:109,0
DA:111,0
DA:115,0
DA:117,0
DA:118,0
DA:121,0
LF:52
LH:0
BRDA:47,0,0,0
BRDA:47,0,1,0
BRDA:52,1,0,0
BRDA:52,1,1,0
BRDA:61,2,0,0
BRDA:61,2,1,0
BRDA:77,3,0,0
BRDA:77,3,1,0
BRDA:77,4,0,0
BRDA:77,4,1,0
BRDA:77,4,2,0
BRDA:77,4,3,0
BRDA:81,5,0,0
BRDA:81,5,1,0
BRDA:81,6,0,0
BRDA:81,6,1,0
BRDA:96,7,0,0
BRDA:96,7,1,0
BRDA:106,8,0,0
BRDA:106,8,1,0
BRDA:108,9,0,0
BRDA:108,9,1,0
BRDA:117,10,0,0
BRDA:117,10,1,0
BRDA:117,11,0,0
BRDA:117,11,1,0
BRF:26
BRH:0
end_of_record
TN:
SF:GPT3.5/ProjectTest/JS/original_fix/easing/Easing.js
FN:13,(anonymous_0)
FN:17,(anonymous_1)
FN:21,(anonymous_2)
FN:25,(anonymous_3)
FN:33,(anonymous_4)
FN:37,(anonymous_5)
FN:41,(anonymous_6)
FN:49,(anonymous_7)
FN:53,(anonymous_8)
FN:57,(anonymous_9)
FN:65,(anonymous_10)
FN:69,(anonymous_11)
FN:73,(anonymous_12)
FN:81,(anonymous_13)
FN:85,(anonymous_14)
FN:89,(anonymous_15)
FN:93,(anonymous_16)
FN:97,(anonymous_17)
FN:101,(anonymous_18)
FN:113,(anonymous_19)
FN:117,(anonymous_20)
FN:121,(anonymous_21)
FN:129,(anonymous_22)
FN:135,(anonymous_23)
FN:141,(anonymous_24)
FN:151,(anonymous_25)
FN:162,(anonymous_26)
FN:173,(anonymous_27)
FN:188,(anonymous_28)
FN:192,(anonymous_29)
FN:207,(anonymous_30)
FN:215,(anonymous_31)
FNF:32
FNH:0
FNDA:0,(anonymous_0)
FNDA:0,(anonymous_1)
FNDA:0,(anonymous_2)
FNDA:0,(anonymous_3)
FNDA:0,(anonymous_4)
FNDA:0,(anonymous_5)
FNDA:0,(anonymous_6)
FNDA:0,(anonymous_7)
FNDA:0,(anonymous_8)
FNDA:0,(anonymous_9)
FNDA:0,(anonymous_10)
FNDA:0,(anonymous_11)
FNDA:0,(anonymous_12)
FNDA:0,(anonymous_13)
FNDA:0,(anonymous_14)
FNDA:0,(anonymous_15)
FNDA:0,(anonymous_16)
FNDA:0,(anonymous_17)
FNDA:0,(anonymous_18)
FNDA:0,(anonymous_19)
FNDA:0,(anonymous_20)
FNDA:0,(anonymous_21)
FNDA:0,(anonymous_22)
FNDA:0,(anonymous_23)
FNDA:0,(anonymous_24)
FNDA:0,(anonymous_25)
FNDA:0,(anonymous_26)
FNDA:0,(anonymous_27)
FNDA:0,(anonymous_28)
FNDA:0,(anonymous_29)
FNDA:0,(anonymous_30)
FNDA:0,(anonymous_31)
DA:14,0
DA:18,0
DA:22,0
DA:26,0
DA:27,0
DA:30,0
DA:34,0
DA:38,0
DA:42,0
DA:43,0
DA:46,0
DA:50,0
DA:54,0
DA:58,0
DA:59,0
DA:62,0
DA:66,0
DA:70,0
DA:74,0
DA:75,0
DA:78,0
DA:82,0
DA:86,0
DA:90,0
DA:94,0
DA:98,0
DA:102,0
DA:103,0
DA:106,0
DA:107,0
DA:110,0
DA:114,0
DA:118,0
DA:122,0
DA:123,0
DA:126,0
DA:130,0
DA:132,0
DA:136,0
DA:138,0
DA:142,0
DA:144,0
DA:145,0
DA:148,0
DA:152,0
DA:153,0
DA:156,0
DA:157,0
DA:159,0
DA:163,0
DA:164,0
DA:167,0
DA:168,0
DA:170,0
DA:174,0
DA:175,0
DA:178,0
DA:179,0
DA:181,0
DA:182,0
DA:185,0
DA:189,0
DA:193,0
DA:194,0
DA:196,0
DA:197,0
DA:198,0
DA:199,0
DA:200,0
DA:201,0
DA:203,0
DA:208,0
DA:209,0
DA:212,0
DA:216,0
LF:75
LH:0
BRDA:26,0,0,0
BRDA:26,0,1,0
BRDA:42,1,0,0
BRDA:42,1,1,0
BRDA:58,2,0,0
BRDA:58,2,1,0
BRDA:74,3,0,0
BRDA:74,3,1,0
BRDA:94,4,0,0
BRDA:94,4,1,0
BRDA:98,5,0,0
BRDA:98,5,1,0
BRDA:102,6,0,0
BRDA:102,6,1,0
BRDA:102,7,0,0
BRDA:102,7,1,0
BRDA:106,8,0,0
BRDA:106,8,1,0
BRDA:122,9,0,0
BRDA:122,9,1,0
BRDA:132,10,0,0
BRDA:132,10,1,0
BRDA:138,11,0,0
BRDA:138,11,1,0
BRDA:144,12,0,0
BRDA:144,12,1,0
BRDA:151,13,0,0
BRDA:151,14,0,0
BRDA:152,15,0,0
BRDA:152,15,1,0
BRDA:152,16,0,0
BRDA:152,16,1,0
BRDA:162,17,0,0
BRDA:162,18,0,0
BRDA:163,19,0,0
BRDA:163,19,1,0
BRDA:163,20,0,0
BRDA:163,20,1,0
BRDA:173,21,0,0
BRDA:173,22,0,0
BRDA:174,23,0,0
BRDA:174,23,1,0
BRDA:174,24,0,0
BRDA:174,24,1,0
BRDA:181,25,0,0
BRDA:181,25,1,0
BRDA:196,26,0,0
BRDA:196,26,1,0
BRDA:198,27,0,0
BRDA:198,27,1,0
BRDA:200,28,0,0
BRDA:200,28,1,0
BRDA:208,29,0,0
BRDA:208,29,1,0
BRF:54
BRH:0
end_of_record
TN:
SF:GPT3.5/ProjectTest/JS/original_fix/magnetic/BezierEasing.js
FN:16,A
FN:20,B
FN:24,C
FN:29,calcBezier
FN:34,getSlope
FN:38,binarySubdivide
FN:57,newtonRaphsonIterate
FN:72,LinearEasing
FN:76,bezier
FN:91,getTForX
FN:115,BezierEasing
FNF:11
FNH:0
FNDA:0,A
FNDA:0,B
FNDA:0,C
FNDA:0,calcBezier
FNDA:0,getSlope
FNDA:0,binarySubdivide
FNDA:0,newtonRaphsonIterate
FNDA:0,LinearEasing
FNDA:0,bezier
FNDA:0,getTForX
FNDA:0,BezierEasing
DA:8,0
DA:9,0
DA:10,0
DA:11,0
DA:13,0
DA:14,0
DA:17,0
DA:21,0
DA:25,0
DA:30,0
DA:35,0
DA:41,0
DA:43,0
DA:44,0
DA:45,0
DA:47,0
DA:48,0
DA:50,0
DA:54,0
DA:58,0
DA:59,0
DA:61,0
DA:62,0
DA:65,0
DA:66,0
DA:69,0
DA:73,0
DA:77,0
DA:78,0
DA:81,0
DA:82,0
DA:86,0
DA:87,0
DA:88,0
DA:92,0
DA:93,0
DA:94,0
DA:96,0
DA:97,0
DA:99,0
DA:102,0
DA:103,0
DA:105,0
DA:106,0
DA:107,0
DA:108,0
DA:109,0
DA:111,0
DA:115,0
DA:117,0
DA:118,0
DA:121,0
LF:52
LH:0
BRDA:47,0,0,0
BRDA:47,0,1,0
BRDA:52,1,0,0
BRDA:52,1,1,0
BRDA:61,2,0,0
BRDA:61,2,1,0
BRDA:77,3,0,0
BRDA:77,3,1,0
BRDA:77,4,0,0
BRDA:77,4,1,0
BRDA:77,4,2,0
BRDA:77,4,3,0
BRDA:81,5,0,0
BRDA:81,5,1,0
BRDA:81,6,0,0
BRDA:81,6,1,0
BRDA:96,7,0,0
BRDA:96,7,1,0
BRDA:106,8,0,0
BRDA:106,8,1,0
BRDA:108,9,0,0
BRDA:108,9,1,0
BRDA:117,10,0,0
BRDA:117,10,1,0
BRDA:117,11,0,0
BRDA:117,11,1,0
BRF:26
BRH:0
end_of_record
TN:
SF:GPT3.5/ProjectTest/JS/original_fix/magnetic/Component.js
FN:14,(anonymous_0)
FN:19,(anonymous_1)
FN:31,(anonymous_2)
FN:43,(anonymous_3)
FN:51,(anonymous_4)
FN:57,(anonymous_5)
FNF:6
FNH:0
FNDA:0,(anonymous_0)
FNDA:0,(anonymous_1)
FNDA:0,(anonymous_2)
FNDA:0,(anonymous_3)
FNDA:0,(anonymous_4)
FNDA:0,(anonymous_5)
DA:15,0
DA:16,0
DA:20,0
DA:21,0
DA:24,0
DA:26,0
DA:28,0
DA:32,0
DA:33,0
DA:36,0
DA:38,0
DA:39,0
DA:44,0
DA:45,0
DA:48,0
DA:52,0
DA:54,0
DA:58,0
DA:59,0
DA:62,0
DA:63,0
DA:66,0
DA:68,0
DA:70,0
DA:71,0
DA:72,0
DA:76,0
DA:77,0
DA:80,0
LF:29
LH:0
BRDA:20,0,0,0
BRDA:20,0,1,0
BRDA:32,1,0,0
BRDA:32,1,1,0
BRDA:38,2,0,0
BRDA:38,2,1,0
BRDA:44,3,0,0
BRDA:44,3,1,0
BRDA:58,4,0,0
BRDA:58,4,1,0
BRDA:62,5,0,0
BRDA:62,5,1,0
BRDA:62,6,0,0
BRDA:62,6,1,0
BRDA:71,7,0,0
BRDA:71,7,1,0
BRDA:71,8,0,0
BRDA:71,8,1,0
BRF:18
BRH:0
end_of_record
TN:
SF:GPT3.5/ProjectTest/JS/original_fix/magnetic/Easing.js
FN:13,(anonymous_0)
FN:17,(anonymous_1)
FN:21,(anonymous_2)
FN:25,(anonymous_3)
FN:33,(anonymous_4)
FN:37,(anonymous_5)
FN:41,(anonymous_6)
FN:49,(anonymous_7)
FN:53,(anonymous_8)
FN:57,(anonymous_9)
FN:65,(anonymous_10)
FN:69,(anonymous_11)
FN:73,(anonymous_12)
FN:81,(anonymous_13)
FN:85,(anonymous_14)
FN:89,(anonymous_15)
FN:93,(anonymous_16)
FN:97,(anonymous_17)
FN:101,(anonymous_18)
FN:113,(anonymous_19)
FN:117,(anonymous_20)
FN:121,(anonymous_21)
FN:129,(anonymous_22)
FN:135,(anonymous_23)
FN:141,(anonymous_24)
FN:151,(anonymous_25)
FN:162,(anonymous_26)
FN:173,(anonymous_27)
FN:188,(anonymous_28)
FN:192,(anonymous_29)
FN:207,(anonymous_30)
FN:215,(anonymous_31)
FNF:32
FNH:0
FNDA:0,(anonymous_0)
FNDA:0,(anonymous_1)
FNDA:0,(anonymous_2)
FNDA:0,(anonymous_3)
FNDA:0,(anonymous_4)
FNDA:0,(anonymous_5)
FNDA:0,(anonymous_6)
FNDA:0,(anonymous_7)
FNDA:0,(anonymous_8)
FNDA:0,(anonymous_9)
FNDA:0,(anonymous_10)
FNDA:0,(anonymous_11)
FNDA:0,(anonymous_12)
FNDA:0,(anonymous_13)
FNDA:0,(anonymous_14)
FNDA:0,(anonymous_15)
FNDA:0,(anonymous_16)
FNDA:0,(anonymous_17)
FNDA:0,(anonymous_18)
FNDA:0,(anonymous_19)
FNDA:0,(anonymous_20)
FNDA:0,(anonymous_21)
FNDA:0,(anonymous_22)
FNDA:0,(anonymous_23)
FNDA:0,(anonymous_24)
FNDA:0,(anonymous_25)
FNDA:0,(anonymous_26)
FNDA:0,(anonymous_27)
FNDA:0,(anonymous_28)
FNDA:0,(anonymous_29)
FNDA:0,(anonymous_30)
FNDA:0,(anonymous_31)
DA:14,0
DA:18,0
DA:22,0
DA:26,0
DA:27,0
DA:30,0
DA:34,0
DA:38,0
DA:42,0
DA:43,0
DA:46,0
DA:50,0
DA:54,0
DA:58,0
DA:59,0
DA:62,0
DA:66,0
DA:70,0
DA:74,0
DA:75,0
DA:78,0
DA:82,0
DA:86,0
DA:90,0
DA:94,0
DA:98,0
DA:102,0
DA:103,0
DA:106,0
DA:107,0
DA:110,0
DA:114,0
DA:118,0
DA:122,0
DA:123,0
DA:126,0
DA:130,0
DA:132,0
DA:136,0
DA:138,0
DA:142,0
DA:144,0
DA:145,0
DA:148,0
DA:152,0
DA:153,0
DA:156,0
DA:157,0
DA:159,0
DA:163,0
DA:164,0
DA:167,0
DA:168,0
DA:170,0
DA:174,0
DA:175,0
DA:178,0
DA:179,0
DA:181,0
DA:182,0
DA:185,0
DA:189,0
DA:193,0
DA:194,0
DA:196,0
DA:197,0
DA:198,0
DA:199,0
DA:200,0
DA:201,0
DA:203,0
DA:208,0
DA:209,0
DA:212,0
DA:216,0
LF:75
LH:0
BRDA:26,0,0,0
BRDA:26,0,1,0
BRDA:42,1,0,0
BRDA:42,1,1,0
BRDA:58,2,0,0
BRDA:58,2,1,0
BRDA:74,3,0,0
BRDA:74,3,1,0
BRDA:94,4,0,0
BRDA:94,4,1,0
BRDA:98,5,0,0
BRDA:98,5,1,0
BRDA:102,6,0,0
BRDA:102,6,1,0
BRDA:102,7,0,0
BRDA:102,7,1,0
BRDA:106,8,0,0
BRDA:106,8,1,0
BRDA:122,9,0,0
BRDA:122,9,1,0
BRDA:132,10,0,0
BRDA:132,10,1,0
BRDA:138,11,0,0
BRDA:138,11,1,0
BRDA:144,12,0,0
BRDA:144,12,1,0
BRDA:151,13,0,0
BRDA:151,14,0,0
BRDA:152,15,0,0
BRDA:152,15,1,0
BRDA:152,16,0,0
BRDA:152,16,1,0
BRDA:162,17,0,0
BRDA:162,18,0,0
BRDA:163,19,0,0
BRDA:163,19,1,0
BRDA:163,20,0,0
BRDA:163,20,1,0
BRDA:173,21,0,0
BRDA:173,22,0,0
BRDA:174,23,0,0
BRDA:174,23,1,0
BRDA:174,24,0,0
BRDA:174,24,1,0
BRDA:181,25,0,0
BRDA:181,25,1,0
BRDA:196,26,0,0
BRDA:196,26,1,0
BRDA:198,27,0,0
BRDA:198,27,1,0
BRDA:200,28,0,0
BRDA:200,28,1,0
BRDA:208,29,0,0
BRDA:208,29,1,0
BRF:54
BRH:0
end_of_record
TN:
SF:GPT3.5/ProjectTest/JS/original_fix/magnetic/EventEmitter.js
FN:11,(anonymous_0)
FN:15,(anonymous_1)
FN:23,(anonymous_2)
FN:39,(anonymous_3)
FN:51,(anonymous_4)
FNF:5
FNH:0
FNDA:0,(anonymous_0)
FNDA:0,(anonymous_1)
FNDA:0,(anonymous_2)
FNDA:0,(anonymous_3)
FNDA:0,(anonymous_4)
DA:12,0
DA:16,0
DA:17,0
DA:20,0
DA:24,0
DA:25,0
DA:28,0
DA:29,0
DA:31,0
DA:32,0
DA:35,0
DA:40,0
DA:41,0
DA:44,0
DA:46,0
DA:47,0
DA:52,0
DA:53,0
DA:56,0
LF:19
LH:0
BRDA:16,0,0,0
BRDA:16,0,1,0
BRDA:24,1,0,0
BRDA:24,1,1,0
BRDA:28,2,0,0
BRDA:28,2,1,0
BRDA:31,3,0,0
BRDA:31,3,1,0
BRDA:40,4,0,0
BRDA:40,4,1,0
BRF:10
BRH:0
end_of_record
TN:
SF:GPT3.5/ProjectTest/JS/original_fix/magnetic/Magnetic.js
FN:10,(anonymous_0)
FN:24,(anonymous_1)
FN:28,(anonymous_2)
FN:34,(anonymous_3)
FN:42,(anonymous_4)
FN:46,(anonymous_5)
FN:60,(anonymous_6)
FN:64,(anonymous_7)
FN:96,(anonymous_8)
FN:100,(anonymous_9)
FN:104,(anonymous_10)
FNF:11
FNH:0
FNDA:0,(anonymous_0)
FNDA:0,(anonymous_1)
FNDA:0,(anonymous_2)
FNDA:0,(anonymous_3)
FNDA:0,(anonymous_4)
FNDA:0,(anonymous_5)
FNDA:0,(anonymous_6)
FNDA:0,(anonymous_7)
FNDA:0,(anonymous_8)
FNDA:0,(anonymous_9)
FNDA:0,(anonymous_10)
DA:13,0
DA:15,0
DA:16,0
DA:17,0
DA:19,0
DA:21,0
DA:25,0
DA:29,0
DA:30,0
DA:31,0
DA:35,0
DA:36,0
DA:37,0
DA:42,0
DA:43,0
DA:46,0
DA:47,0
DA:49,0
DA:50,0
DA:51,0
DA:53,0
DA:54,0
DA:55,0
DA:56,0
DA:60,0
DA:61,0
DA:64,0
DA:65,0
DA:67,0
DA:68,0
DA:77,0
DA:79,0
DA:90,0
DA:97,0
DA:101,0
DA:105,0
DA:107,0
LF:37
LH:0
BRDA:10,0,0,0
BRDA:11,1,0,0
BRDA:53,2,0,0
BRDA:53,2,1,0
BRDA:55,3,0,0
BRDA:55,3,1,0
BRDA:67,4,0,0
BRDA:67,4,1,0
BRF:8
BRH:0
end_of_record
TN:
SF:GPT3.5/ProjectTest/JS/original_fix/magnetic/Ticker.js
FN:15,(anonymous_0)
FN:16,(anonymous_1)
FN:39,(anonymous_2)
FN:50,(anonymous_3)
FN:87,(anonymous_4)
FN:97,(anonymous_5)
FN:105,(anonymous_6)
FN:115,(anonymous_7)
FN:125,(anonymous_8)
FN:129,(anonymous_9)
FNF:10
FNH:0
FNDA:0,(anonymous_0)
FNDA:0,(anonymous_1)
FNDA:0,(anonymous_2)
FNDA:0,(anonymous_3)
FNDA:0,(anonymous_4)
FNDA:0,(anonymous_5)
FNDA:0,(anonymous_6)
FNDA:0,(anonymous_7)
FNDA:0,(anonymous_8)
FNDA:0,(anonymous_9)
DA:8,0
DA:9,0
DA:10,0
DA:12,0
DA:13,0
DA:15,0
DA:16,0
DA:17,0
DA:21,0
DA:40,0
DA:41,0
DA:42,0
DA:43,0
DA:44,0
DA:45,0
DA:50,0
DA:51,0
DA:52,0
DA:55,0
DA:56,0
DA:57,0
DA:58,0
DA:60,0
DA:61,0
DA:63,0
DA:64,0
DA:67,0
DA:68,0
DA:70,0
DA:71,0
DA:74,0
DA:75,0
DA:77,0
DA:78,0
DA:81,0
DA:88,0
DA:89,0
DA:90,0
DA:91,0
DA:94,0
DA:98,0
DA:100,0
DA:101,0
DA:106,0
DA:107,0
DA:110,0
DA:112,0
DA:116,0
DA:117,0
DA:120,0
DA:122,0
DA:126,0
DA:130,0
DA:134,0
LF:54
LH:0
BRDA:8,0,0,0
BRDA:8,0,1,0
BRDA:51,1,0,0
BRDA:51,1,1,0
BRDA:63,2,0,0
BRDA:63,2,1,0
BRDA:67,3,0,0
BRDA:67,3,1,0
BRDA:70,4,0,0
BRDA:70,4,1,0
BRDA:88,5,0,0
BRDA:88,5,1,0
BRDA:100,6,0,0
BRDA:100,6,1,0
BRDA:106,7,0,0
BRDA:106,7,1,0
BRDA:116,8,0,0
BRDA:116,8,1,0
BRF:18
BRH:0
end_of_record
TN:
SF:GPT3.5/ProjectTest/JS/original_fix/magnetic/Tween.js
FN:27,(anonymous_0)
FN:63,(anonymous_1)
FN:88,(anonymous_2)
FN:98,(anonymous_3)
FN:121,delayedCall
FN:136,wait
FN:137,(anonymous_6)
FN:151,defer
FN:152,(anonymous_8)
FN:175,tween
FN:182,(anonymous_10)
FN:209,clearTween
FNF:12
FNH:0
FNDA:0,(anonymous_0)
FNDA:0,(anonymous_1)
FNDA:0,(anonymous_2)
FNDA:0,(anonymous_3)
FNDA:0,delayedCall
FNDA:0,wait
FNDA:0,(anonymous_6)
FNDA:0,defer
FNDA:0,(anonymous_8)
FNDA:0,tween
FNDA:0,(anonymous_10)
FNDA:0,clearTween
DA:9,0
DA:28,0
DA:29,0
DA:30,0
DA:31,0
DA:34,0
DA:35,0
DA:36,0
DA:37,0
DA:38,0
DA:39,0
DA:40,0
DA:41,0
DA:43,0
DA:44,0
DA:46,0
DA:47,0
DA:49,0
DA:50,0
DA:52,0
DA:53,0
DA:54,0
DA:58,0
DA:63,0
DA:64,0
DA:66,0
DA:67,0
DA:69,0
DA:70,0
DA:73,0
DA:74,0
DA:77,0
DA:78,0
DA:80,0
DA:81,0
DA:89,0
DA:90,0
DA:93,0
DA:95,0
DA:99,0
DA:100,0
DA:103,0
DA:105,0
DA:122,0
DA:124,0
DA:126,0
DA:137,0
DA:152,0
DA:154,0
DA:155,0
DA:158,0
DA:176,0
DA:177,0
DA:178,0
DA:179,0
DA:182,0
DA:183,0
DA:185,0
DA:188,0
DA:189,0
DA:192,0
DA:210,0
DA:211,0
DA:213,0
DA:215,0
DA:216,0
DA:219,0
DA:220,0
DA:221,0
LF:69
LH:0
BRDA:27,0,0,0
BRDA:28,1,0,0
BRDA:28,1,1,0
BRDA:37,2,0,0
BRDA:37,2,1,0
BRDA:37,3,0,0
BRDA:37,3,1,0
BRDA:53,4,0,0
BRDA:53,4,1,0
BRDA:53,5,0,0
BRDA:53,5,1,0
BRDA:73,6,0,0
BRDA:73,6,1,0
BRDA:77,7,0,0
BRDA:77,7,1,0
BRDA:80,8,0,0
BRDA:80,8,1,0
BRDA:89,9,0,0
BRDA:89,9,1,0
BRDA:99,10,0,0
BRDA:99,10,1,0
BRDA:136,11,0,0
BRDA:154,12,0,0
BRDA:154,12,1,0
BRDA:175,13,0,0
BRDA:176,14,0,0
BRDA:176,14,1,0
BRDA:188,15,0,0
BRDA:188,15,1,0
BRDA:210,16,0,0
BRDA:210,16,1,0
BRDA:215,17,0,0
BRDA:215,17,1,0
BRDA:220,18,0,0
BRDA:220,18,1,0
BRF:35
BRH:0
end_of_record
TN:
SF:GPT3.5/ProjectTest/JS/original_fix/overlapkeeper/OverlapKeeper.js
FN:11,OverlapKeeper
FN:23,(anonymous_1)
FN:55,(anonymous_2)
FN:66,(anonymous_3)
FN:70,(anonymous_4)
FN:81,(anonymous_5)
FN:94,(anonymous_6)
FN:120,(anonymous_7)
FN:129,(anonymous_8)
FN:135,(anonymous_9)
FN:141,(anonymous_10)
FNF:11
FNH:0
FNDA:0,OverlapKeeper
FNDA:0,(anonymous_1)
FNDA:0,(anonymous_2)
FNDA:0,(anonymous_3)
FNDA:0,(anonymous_4)
FNDA:0,(anonymous_5)
FNDA:0,(anonymous_6)
FNDA:0,(anonymous_7)
FNDA:0,(anonymous_8)
FNDA:0,(anonymous_9)
FNDA:0,(anonymous_10)
DA:1,0
DA:2,0
DA:4,0
DA:12,0
DA:13,0
DA:14,0
DA:15,0
DA:16,0
DA:23,0
DA:24,0
DA:25,0
DA:28,0
DA:29,0
DA:30,0
DA:31,0
DA:32,0
DA:34,0
DA:39,0
DA:42,0
DA:45,0
DA:55,0
DA:56,0
DA:59,0
DA:60,0
DA:61,0
DA:62,0
DA:66,0
DA:67,0
DA:70,0
DA:71,0
DA:81,0
DA:82,0
DA:83,0
DA:84,0
DA:85,0
DA:86,0
DA:87,0
DA:88,0
DA:91,0
DA:94,0
DA:95,0
DA:96,0
DA:97,0
DA:99,0
DA:101,0
DA:102,0
DA:103,0
DA:104,0
DA:106,0
DA:107,0
DA:110,0
DA:111,0
DA:113,0
DA:117,0
DA:120,0
DA:121,0
DA:122,0
DA:123,0
DA:124,0
DA:126,0
DA:129,0
DA:130,0
DA:131,0
DA:132,0
DA:135,0
DA:136,0
DA:137,0
DA:138,0
DA:141,0
DA:142,0
DA:143,0
DA:145,0
DA:147,0
DA:148,0
DA:151,0
DA:154,0
DA:155,0
DA:156,0
DA:157,0
DA:158,0
DA:162,0
DA:164,0
LF:82
LH:0
BRDA:32,0,0,0
BRDA:32,0,1,0
BRDA:59,1,0,0
BRDA:59,1,1,0
BRDA:87,2,0,0
BRDA:87,2,1,0
BRDA:87,3,0,0
BRDA:87,3,1,0
BRDA:87,3,2,0
BRDA:87,3,3,0
BRDA:95,4,0,0
BRDA:95,4,1,0
BRDA:106,5,0,0
BRDA:106,5,1,0
BRDA:111,6,0,0
BRDA:111,6,1,0
BRDA:126,7,0,0
BRDA:126,7,1,0
BRDA:142,8,0,0
BRDA:142,8,1,0
BRDA:157,9,0,0
BRDA:157,9,1,0
BRF:22
BRH:0
end_of_record
TN:
SF:GPT3.5/ProjectTest/JS/original_fix/overlapkeeper/OverlapKeeperRecord.js
FN:12,OverlapKeeperRecord
FN:39,(anonymous_1)
FNF:2
FNH:0
FNDA:0,OverlapKeeperRecord
FNDA:0,(anonymous_1)
DA:1,0
DA:16,0
DA:20,0
DA:24,0
DA:28,0
DA:39,0
DA:40,0
LF:7
LH:0
BRF:0
BRH:0
end_of_record
TN:
SF:GPT3.5/ProjectTest/JS/original_fix/overlapkeeper/OverlapKeeperRecordPool.js
FN:9,OverlapKeeperRecordPool
FN:19,(anonymous_1)
FN:28,(anonymous_2)
FNF:3
FNH:0
FNDA:0,OverlapKeeperRecordPool
FNDA:0,(anonymous_1)
FNDA:0,(anonymous_2)
DA:1,0
DA:2,0
DA:4,0
DA:10,0
DA:12,0
DA:13,0
DA:19,0
DA:20,0
DA:28,0
DA:29,0
DA:30,0
LF:11
LH:0
BRF:0
BRH:0
end_of_record
TN:
SF:GPT3.5/ProjectTest/JS/original_fix/overlapkeeper/Pool.js
FN:8,Pool
FN:27,(anonymous_1)
FN:46,(anonymous_2)
FN:57,(anonymous_3)
FNF:4
FNH:0
FNDA:0,Pool
FNDA:0,(anonymous_1)
FNDA:0,(anonymous_2)
FNDA:0,(anonymous_3)
DA:1,0
DA:9,0
DA:15,0
DA:17,0
DA:18,0
DA:27,0
DA:28,0
DA:30,0
DA:31,0
DA:34,0
DA:35,0
DA:38,0
DA:46,0
DA:47,0
DA:48,0
DA:57,0
DA:58,0
DA:59,0
DA:60,0
LF:19
LH:0
BRDA:9,0,0,0
BRDA:9,0,1,0
BRDA:17,1,0,0
BRDA:17,1,1,0
BRDA:48,2,0,0
BRDA:48,2,1,0
BRF:6
BRH:0
end_of_record
TN:
SF:GPT3.5/ProjectTest/JS/original_fix/overlapkeeper/TupleDictionary.js
FN:9,TupleDictionary
FN:32,(anonymous_1)
FN:52,(anonymous_2)
FN:63,(anonymous_3)
FN:74,(anonymous_4)
FN:95,(anonymous_5)
FN:112,(anonymous_6)
FNF:7
FNH:0
FNDA:0,TupleDictionary
FNDA:0,(anonymous_1)
FNDA:0,(anonymous_2)
FNDA:0,(anonymous_3)
FNDA:0,(anonymous_4)
FNDA:0,(anonymous_5)
FNDA:0,(anonymous_6)
DA:1,0
DA:3,0
DA:16,0
DA:22,0
DA:32,0
DA:33,0
DA:34,0
DA:36,0
DA:37,0
DA:41,0
DA:52,0
DA:53,0
DA:54,0
DA:63,0
DA:64,0
DA:74,0
DA:75,0
DA:76,0
DA:79,0
DA:82,0
DA:83,0
DA:86,0
DA:88,0
DA:95,0
DA:96,0
DA:97,0
DA:99,0
DA:100,0
DA:101,0
DA:104,0
DA:112,0
DA:113,0
DA:114,0
DA:115,0
DA:116,0
DA:117,0
DA:118,0
LF:37
LH:0
BRDA:36,0,0,0
BRDA:36,0,1,0
BRDA:41,1,0,0
BRDA:41,1,1,0
BRDA:75,2,0,0
BRDA:75,2,1,0
BRDA:82,3,0,0
BRDA:82,3,1,0
BRF:8
BRH:0
end_of_record
TN:
SF:GPT3.5/ProjectTest/JS/original_fix/overlapkeeper/Utils.js
FN:10,Utils
FN:19,(anonymous_1)
FN:37,(anonymous_2)
FN:52,(anonymous_3)
FN:85,(anonymous_4)
FN:97,(anonymous_5)
FN:112,(anonymous_6)
FNF:7
FNH:0
FNDA:0,Utils
FNDA:0,(anonymous_1)
FNDA:0,(anonymous_2)
FNDA:0,(anonymous_3)
FNDA:0,(anonymous_4)
FNDA:0,(anonymous_5)
FNDA:0,(anonymous_6)
DA:3,0
DA:19,0
DA:20,0
DA:21,0
DA:23,0
DA:24,0
DA:37,0
DA:38,0
DA:39,0
DA:40,0
DA:42,0
DA:52,0
DA:53,0
DA:54,0
DA:55,0
DA:70,0
DA:71,0
DA:72,0
DA:73,0
DA:75,0
DA:85,0
DA:86,0
DA:87,0
DA:97,0
DA:98,0
DA:99,0
DA:100,0
DA:112,0
DA:113,0
DA:114,0
DA:115,0
DA:116,0
DA:117,0
DA:120,0
LF:34
LH:0
BRDA:20,0,0,0
BRDA:20,0,1,0
BRDA:38,1,0,0
BRDA:38,1,1,0
BRDA:54,2,0,0
BRDA:54,2,1,0
BRDA:70,3,0,0
BRDA:70,3,1,0
BRDA:72,4,0,0
BRDA:72,4,1,0
BRDA:114,5,0,0
BRDA:114,5,1,0
BRDA:116,6,0,0
BRDA:116,6,1,0
BRF:14
BRH:0
end_of_record
TN:
SF:GPT3.5/ProjectTest/JS/original_fix/particle/Particle.js
FN:18,Particle
FN:26,(anonymous_1)
FN:30,(anonymous_2)
FN:40,(anonymous_3)
FNF:4
FNH:0
FNDA:0,Particle
FNDA:0,(anonymous_1)
FNDA:0,(anonymous_2)
FNDA:0,(anonymous_3)
DA:1,0
DA:2,0
DA:3,0
DA:5,0
DA:19,0
DA:20,0
DA:21,0
DA:23,0
DA:24,0
DA:26,0
DA:27,0
DA:30,0
DA:31,0
DA:40,0
DA:41,0
DA:42,0
LF:16
LH:0
BRDA:19,0,0,0
BRDA:19,0,1,0
BRF:2
BRH:0
end_of_record
TN:
SF:GPT3.5/ProjectTest/JS/original_fix/particle/Shape.js
FN:19,Shape
FN:205,(anonymous_1)
FN:212,(anonymous_2)
FN:218,(anonymous_3)
FN:227,(anonymous_4)
FN:239,(anonymous_5)
FN:249,(anonymous_6)
FN:257,(anonymous_7)
FN:259,(anonymous_8)
FNF:9
FNH:0
FNDA:0,Shape
FNDA:0,(anonymous_1)
FNDA:0,(anonymous_2)
FNDA:0,(anonymous_3)
FNDA:0,(anonymous_4)
FNDA:0,(anonymous_5)
FNDA:0,(anonymous_6)
FNDA:0,(anonymous_7)
FNDA:0,(anonymous_8)
DA:1,0
DA:3,0
DA:20,0
DA:26,0
DA:32,0
DA:33,0
DA:34,0
DA:41,0
DA:59,0
DA:67,0
DA:75,0
DA:106,0
DA:112,0
DA:119,0
DA:126,0
DA:133,0
DA:139,0
DA:141,0
DA:142,0
DA:145,0
DA:148,0
DA:154,0
DA:160,0
DA:166,0
DA:172,0
DA:178,0
DA:184,0
DA:190,0
DA:196,0
DA:198,0
DA:249,0
DA:258,0
DA:259,0
DA:260,0
DA:262,0
DA:263,0
DA:265,0
LF:37
LH:0
BRDA:20,0,0,0
BRDA:20,0,1,0
BRDA:33,1,0,0
BRDA:33,1,1,0
BRDA:41,2,0,0
BRDA:41,2,1,0
BRDA:59,3,0,0
BRDA:59,3,1,0
BRDA:106,4,0,0
BRDA:106,4,1,0
BRDA:112,5,0,0
BRDA:112,5,1,0
BRDA:119,6,0,0
BRDA:119,6,1,0
BRDA:126,7,0,0
BRDA:126,7,1,0
BRDA:139,8,0,0
BRDA:139,8,1,0
BRDA:141,9,0,0
BRDA:141,9,1,0
BRF:20
BRH:0
end_of_record
TN:
SF:GPT3.5/ProjectTest/JS/original_fix/particle/Utils.js
FN:10,Utils
FN:19,(anonymous_1)
FN:37,(anonymous_2)
FN:52,(anonymous_3)
FN:85,(anonymous_4)
FN:97,(anonymous_5)
FN:112,(anonymous_6)
FNF:7
FNH:0
FNDA:0,Utils
FNDA:0,(anonymous_1)
FNDA:0,(anonymous_2)
FNDA:0,(anonymous_3)
FNDA:0,(anonymous_4)
FNDA:0,(anonymous_5)
FNDA:0,(anonymous_6)
DA:3,0
DA:19,0
DA:20,0
DA:21,0
DA:23,0
DA:24,0
DA:37,0
DA:38,0
DA:39,0
DA:40,0
DA:42,0
DA:52,0
DA:53,0
DA:54,0
DA:55,0
DA:70,0
DA:71,0
DA:72,0
DA:73,0
DA:75,0
DA:85,0
DA:86,0
DA:87,0
DA:97,0
DA:98,0
DA:99,0
DA:100,0
DA:112,0
DA:113,0
DA:114,0
DA:115,0
DA:116,0
DA:117,0
DA:120,0
LF:34
LH:0
BRDA:20,0,0,0
BRDA:20,0,1,0
BRDA:38,1,0,0
BRDA:38,1,1,0
BRDA:54,2,0,0
BRDA:54,2,1,0
BRDA:70,3,0,0
BRDA:70,3,1,0
BRDA:72,4,0,0
BRDA:72,4,1,0
BRDA:114,5,0,0
BRDA:114,5,1,0
BRDA:116,6,0,0
BRDA:116,6,1,0
BRF:14
BRH:0
end_of_record
TN:
SF:GPT3.5/ProjectTest/JS/original_fix/particle/vec2.js
FN:40,(anonymous_0)
FN:53,(anonymous_1)
FN:68,(anonymous_2)
FN:83,(anonymous_3)
FN:107,(anonymous_4)
FN:124,(anonymous_5)
FN:142,(anonymous_6)
FN:161,(anonymous_7)
FN:190,(anonymous_8)
FN:203,(anonymous_9)
FN:217,(anonymous_10)
FN:232,(anonymous_11)
FN:247,(anonymous_12)
FN:262,(anonymous_13)
FN:277,(anonymous_14)
FN:292,(anonymous_15)
FN:307,(anonymous_16)
FN:322,(anonymous_17)
FN:337,(anonymous_18)
FN:351,(anonymous_19)
FN:365,(anonymous_20)
FN:378,(anonymous_21)
FN:391,(anonymous_22)
FN:405,(anonymous_23)
FN:419,(anonymous_24)
FN:440,(anonymous_25)
FN:451,(anonymous_26)
FN:464,(anonymous_27)
FN:480,(anonymous_28)
FN:497,(anonymous_29)
FN:518,(anonymous_30)
FNF:31
FNH:0
FNDA:0,(anonymous_0)
FNDA:0,(anonymous_1)
FNDA:0,(anonymous_2)
FNDA:0,(anonymous_3)
FNDA:0,(anonymous_4)
FNDA:0,(anonymous_5)
FNDA:0,(anonymous_6)
FNDA:0,(anonymous_7)
FNDA:0,(anonymous_8)
FNDA:0,(anonymous_9)
FNDA:0,(anonymous_10)
FNDA:0,(anonymous_11)
FNDA:0,(anonymous_12)
FNDA:0,(anonymous_13)
FNDA:0,(anonymous_14)
FNDA:0,(anonymous_15)
FNDA:0,(anonymous_16)
FNDA:0,(anonymous_17)
FNDA:0,(anonymous_18)
FNDA:0,(anonymous_19)
FNDA:0,(anonymous_20)
FNDA:0,(anonymous_21)
FNDA:0,(anonymous_22)
FNDA:0,(anonymous_23)
FNDA:0,(anonymous_24)
FNDA:0,(anonymous_25)
FNDA:0,(anonymous_26)
FNDA:0,(anonymous_27)
FNDA:0,(anonymous_28)
FNDA:0,(anonymous_29)
FNDA:0,(anonymous_30)
DA:28,0
DA:30,0
DA:40,0
DA:41,0
DA:53,0
DA:54,0
DA:55,0
DA:56,0
DA:68,0
DA:69,0
DA:70,0
DA:71,0
DA:83,0
DA:84,0
DA:85,0
DA:86,0
DA:87,0
DA:88,0
DA:89,0
DA:90,0
DA:92,0
DA:93,0
DA:95,0
DA:107,0
DA:108,0
DA:109,0
DA:110,0
DA:111,0
DA:112,0
DA:124,0
DA:125,0
DA:126,0
DA:127,0
DA:128,0
DA:129,0
DA:130,0
DA:131,0
DA:142,0
DA:143,0
DA:144,0
DA:145,0
DA:146,0
DA:147,0
DA:148,0
DA:149,0
DA:150,0
DA:161,0
DA:162,0
DA:163,0
DA:164,0
DA:165,0
DA:166,0
DA:167,0
DA:168,0
DA:178,0
DA:190,0
DA:191,0
DA:192,0
DA:193,0
DA:194,0
DA:203,0
DA:204,0
DA:205,0
DA:206,0
DA:207,0
DA:217,0
DA:218,0
DA:219,0
DA:220,0
DA:221,0
DA:232,0
DA:233,0
DA:234,0
DA:235,0
DA:236,0
DA:247,0
DA:248,0
DA:249,0
DA:250,0
DA:262,0
DA:263,0
DA:264,0
DA:265,0
DA:277,0
DA:278,0
DA:279,0
DA:280,0
DA:292,0
DA:293,0
DA:294,0
DA:295,0
DA:307,0
DA:308,0
DA:309,0
DA:310,0
DA:322,0
DA:323,0
DA:324,0
DA:325,0
DA:337,0
DA:338,0
DA:339,0
DA:340,0
DA:351,0
DA:352,0
DA:353,0
DA:354,0
DA:365,0
DA:366,0
DA:367,0
DA:368,0
DA:378,0
DA:379,0
DA:380,0
DA:381,0
DA:391,0
DA:392,0
DA:393,0
DA:394,0
DA:405,0
DA:406,0
DA:407,0
DA:408,0
DA:419,0
DA:420,0
DA:421,0
DA:422,0
DA:423,0
DA:425,0
DA:426,0
DA:427,0
DA:429,0
DA:440,0
DA:441,0
DA:451,0
DA:452,0
DA:464,0
DA:465,0
DA:466,0
DA:467,0
DA:468,0
DA:469,0
DA:480,0
DA:481,0
DA:482,0
DA:483,0
DA:497,0
DA:498,0
DA:499,0
DA:500,0
DA:502,0
DA:503,0
DA:504,0
DA:518,0
DA:519,0
DA:520,0
DA:521,0
DA:522,0
DA:525,0
DA:526,0
DA:527,0
DA:528,0
DA:530,0
LF:163
LH:0
BRDA:84,0,0,0
BRDA:84,0,1,0
BRDA:423,1,0,0
BRDA:423,1,1,0
BRDA:499,2,0,0
BRDA:499,2,1,0
BRDA:527,3,0,0
BRDA:527,3,1,0
BRDA:527,4,0,0
BRDA:527,4,1,0
BRDA:527,4,2,0
BRDA:527,4,3,0
BRF:12
BRH:0
end_of_record
TN:
SF:GPT3.5/ProjectTest/JS/original_fix/pixelrender/BaseRenderer.js
FN:4,(anonymous_0)
FN:14,(anonymous_1)
FN:18,(anonymous_2)
FN:19,(anonymous_3)
FN:23,(anonymous_4)
FN:27,(anonymous_5)
FN:31,(anonymous_6)
FN:35,(anonymous_7)
FN:39,(anonymous_8)
FN:43,(anonymous_9)
FN:48,(anonymous_10)
FN:62,(anonymous_11)
FN:64,(anonymous_12)
FN:72,(anonymous_13)
FN:86,(anonymous_14)
FN:87,(anonymous_15)
FN:89,(anonymous_16)
FN:90,(anonymous_17)
FN:92,(anonymous_18)
FN:93,(anonymous_19)
FN:94,(anonymous_20)
FNF:21
FNH:0
FNDA:0,(anonymous_0)
FNDA:0,(anonymous_1)
FNDA:0,(anonymous_2)
FNDA:0,(anonymous_3)
FNDA:0,(anonymous_4)
FNDA:0,(anonymous_5)
FNDA:0,(anonymous_6)
FNDA:0,(anonymous_7)
FNDA:0,(anonymous_8)
FNDA:0,(anonymous_9)
FNDA:0,(anonymous_10)
FNDA:0,(anonymous_11)
FNDA:0,(anonymous_12)
FNDA:0,(anonymous_13)
FNDA:0,(anonymous_14)
FNDA:0,(anonymous_15)
FNDA:0,(anonymous_16)
FNDA:0,(anonymous_17)
FNDA:0,(anonymous_18)
FNDA:0,(anonymous_19)
FNDA:0,(anonymous_20)
DA:5,0
DA:6,0
DA:7,0
DA:8,0
DA:10,0
DA:11,0
DA:15,0
DA:19,0
DA:20,0
DA:23,0
DA:24,0
DA:27,0
DA:28,0
DA:31,0
DA:32,0
DA:35,0
DA:36,0
DA:39,0
DA:40,0
DA:43,0
DA:44,0
DA:49,0
DA:51,0
DA:52,0
DA:54,0
DA:55,0
DA:57,0
DA:58,0
DA:59,0
DA:65,0
DA:66,0
DA:67,0
DA:68,0
DA:69,0
DA:73,0
DA:74,0
DA:76,0
DA:77,0
DA:79,0
DA:80,0
DA:81,0
DA:83,0
LF:42
LH:0
BRDA:14,0,0,0
BRDA:14,1,0,0
BRF:2
BRH:0
end_of_record
TN:
SF:GPT3.5/ProjectTest/JS/original_fix/pixelrender/DomUtil.js
FN:15,(anonymous_0)
FN:28,(anonymous_1)
FN:38,(anonymous_2)
FN:57,(anonymous_3)
FN:63,(anonymous_4)
FN:70,(anonymous_5)
FNF:6
FNH:0
FNDA:0,(anonymous_0)
FNDA:0,(anonymous_1)
FNDA:0,(anonymous_2)
FNDA:0,(anonymous_3)
FNDA:0,(anonymous_4)
FNDA:0,(anonymous_5)
DA:16,0
DA:18,0
DA:19,0
DA:20,0
DA:21,0
DA:22,0
DA:23,0
DA:25,0
DA:29,0
DA:31,0
DA:32,0
DA:33,0
DA:35,0
DA:39,0
DA:40,0
DA:41,0
DA:42,0
DA:58,0
DA:59,0
DA:60,0
DA:64,0
DA:65,0
DA:66,0
DA:67,0
DA:71,0
DA:73,0
DA:74,0
DA:75,0
DA:76,0
DA:77,0
LF:30
LH:0
BRDA:15,0,0,0
BRF:1
BRH:0
end_of_record
TN:
SF:GPT3.5/ProjectTest/JS/original_fix/pixelrender/ImgUtil.js
FN:19,(anonymous_0)
FN:39,(anonymous_1)
FN:46,(anonymous_2)
FN:55,(anonymous_3)
FNF:4
FNH:0
FNDA:0,(anonymous_0)
FNDA:0,(anonymous_1)
FNDA:0,(anonymous_2)
FNDA:0,(anonymous_3)
DA:4,0
DA:5,0
DA:6,0
DA:20,0
DA:21,0
DA:22,0
DA:24,0
DA:40,0
DA:42,0
DA:43,0
DA:45,0
DA:46,0
DA:47,0
DA:48,0
DA:51,0
DA:56,0
DA:58,0
DA:59,0
DA:60,0
DA:62,0
DA:63,0
DA:64,0
DA:66,0
DA:69,0
DA:71,0
LF:25
LH:0
BRDA:40,0,0,0
BRDA:40,0,1,0
BRDA:42,1,0,0
BRDA:42,1,1,0
BRDA:58,2,0,0
BRDA:58,2,1,0
BRDA:69,3,0,0
BRDA:69,3,1,0
BRF:8
BRH:0
end_of_record
TN:
SF:GPT3.5/ProjectTest/JS/original_fix/pixelrender/PixelRenderer.js
FN:5,(anonymous_0)
FN:16,(anonymous_1)
FN:21,(anonymous_2)
FN:27,(anonymous_3)
FN:37,(anonymous_4)
FN:41,(anonymous_5)
FN:43,(anonymous_6)
FN:54,(anonymous_7)
FN:65,(anonymous_8)
FN:67,(anonymous_9)
FNF:10
FNH:0
FNDA:0,(anonymous_0)
FNDA:0,(anonymous_1)
FNDA:0,(anonymous_2)
FNDA:0,(anonymous_3)
FNDA:0,(anonymous_4)
FNDA:0,(anonymous_5)
FNDA:0,(anonymous_6)
FNDA:0,(anonymous_7)
FNDA:0,(anonymous_8)
FNDA:0,(anonymous_9)
DA:6,0
DA:8,0
DA:9,0
DA:10,0
DA:11,0
DA:13,0
DA:17,0
DA:18,0
DA:22,0
DA:23,0
DA:24,0
DA:28,0
DA:29,0
DA:38,0
DA:44,0
DA:45,0
DA:55,0
DA:56,0
DA:58,0
DA:59,0
DA:60,0
DA:61,0
DA:62,0
DA:68,0
DA:69,0
DA:70,0
DA:71,0
DA:72,0
LF:28
LH:0
BRDA:22,0,0,0
BRDA:22,0,1,0
BRDA:44,1,0,0
BRDA:44,1,1,0
BRDA:56,2,0,0
BRDA:56,2,1,0
BRDA:56,3,0,0
BRDA:56,3,1,0
BRDA:56,3,2,0
BRDA:56,3,3,0
BRF:10
BRH:0
end_of_record
TN:
SF:GPT3.5/ProjectTest/JS/original_fix/pixelrender/Pool.js
FN:32,(anonymous_0)
FN:48,(anonymous_1)
FN:72,(anonymous_2)
FN:89,(anonymous_3)
FN:109,(anonymous_4)
FN:121,(anonymous_5)
FN:139,(anonymous_6)
FNF:7
FNH:0
FNDA:0,(anonymous_0)
FNDA:0,(anonymous_1)
FNDA:0,(anonymous_2)
FNDA:0,(anonymous_3)
FNDA:0,(anonymous_4)
FNDA:0,(anonymous_5)
FNDA:0,(anonymous_6)
DA:33,0
DA:34,0
DA:50,0
DA:52,0
DA:53,0
DA:55,0
DA:58,0
DA:59,0
DA:73,0
DA:90,0
DA:92,0
DA:93,0
DA:94,0
DA:95,0
DA:97,0
DA:110,0
DA:111,0
DA:112,0
DA:122,0
DA:123,0
DA:124,0
DA:140,0
DA:141,0
LF:23
LH:0
BRDA:50,0,0,0
BRDA:50,0,1,0
BRDA:50,0,2,0
BRDA:52,1,0,0
BRDA:52,1,1,0
BRDA:52,2,0,0
BRDA:52,2,1,0
BRDA:58,3,0,0
BRDA:58,3,1,0
BRDA:92,4,0,0
BRDA:92,4,1,0
BRDA:94,5,0,0
BRDA:94,5,1,0
BRDA:139,6,0,0
BRDA:140,7,0,0
BRDA:140,7,1,0
BRF:16
BRH:0
end_of_record
TN:
SF:GPT3.5/ProjectTest/JS/original_fix/pixelrender/Puid.js
FN:7,(anonymous_0)
FN:12,(anonymous_1)
FN:21,(anonymous_2)
FN:34,(anonymous_3)
FN:38,(anonymous_4)
FNF:5
FNH:0
FNDA:0,(anonymous_0)
FNDA:0,(anonymous_1)
FNDA:0,(anonymous_2)
FNDA:0,(anonymous_3)
FNDA:0,(anonymous_4)
DA:1,0
DA:3,0
DA:8,0
DA:9,0
DA:13,0
DA:14,0
DA:16,0
DA:17,0
DA:18,0
DA:24,0
DA:25,0
DA:27,0
DA:28,0
DA:31,0
DA:35,0
DA:39,0
LF:16
LH:0
BRDA:8,0,0,0
BRDA:8,0,1,0
BRDA:8,1,0,0
BRDA:8,1,1,0
BRDA:14,2,0,0
BRDA:14,2,1,0
BRDA:27,3,0,0
BRDA:27,3,1,0
BRDA:28,4,0,0
BRDA:28,4,1,0
BRDA:28,5,0,0
BRDA:28,5,1,0
BRDA:35,6,0,0
BRDA:35,6,1,0
BRDA:35,6,2,0
BRDA:35,6,3,0
BRF:16
BRH:0
end_of_record
TN:
SF:GPT3.5/ProjectTest/JS/original_fix/pixelrender/Rectangle.js
FN:2,(anonymous_0)
FN:13,(anonymous_1)
FNF:2
FNH:0
FNDA:0,(anonymous_0)
FNDA:0,(anonymous_1)
DA:3,0
DA:4,0
DA:6,0
DA:7,0
DA:9,0
DA:10,0
DA:14,0
DA:15,0
LF:8
LH:0
BRDA:14,0,0,0
BRDA:14,0,1,0
BRDA:14,1,0,0
BRDA:14,1,1,0
BRDA:14,1,2,0
BRDA:14,1,3,0
BRF:6
BRH:0
end_of_record
TN:
SF:GPT3.5/ProjectTest/JS/original_fix/pixelrender/Util.js
FN:13,(anonymous_0)
FN:28,(anonymous_1)
FN:40,(anonymous_2)
FN:44,(anonymous_3)
FN:48,(anonymous_4)
FN:55,(anonymous_5)
FN:68,(anonymous_6)
FN:86,(anonymous_7)
FN:105,(anonymous_8)
FN:109,(anonymous_9)
FN:123,(anonymous_10)
FNF:11
FNH:0
FNDA:0,(anonymous_0)
FNDA:0,(anonymous_1)
FNDA:0,(anonymous_2)
FNDA:0,(anonymous_3)
FNDA:0,(anonymous_4)
FNDA:0,(anonymous_5)
FNDA:0,(anonymous_6)
FNDA:0,(anonymous_7)
FNDA:0,(anonymous_8)
FNDA:0,(anonymous_9)
FNDA:0,(anonymous_10)
DA:14,0
DA:15,0
DA:29,0
DA:41,0
DA:45,0
DA:49,0
DA:50,0
DA:51,0
DA:56,0
DA:57,0
DA:69,0
DA:70,0
DA:71,0
DA:87,0
DA:88,0
DA:90,0
DA:91,0
DA:106,0
DA:110,0
DA:112,0
DA:113,0
DA:114,0
DA:117,0
DA:120,0
DA:124,0
DA:125,0
DA:126,0
DA:127,0
DA:131,0
DA:133,0
LF:30
LH:0
BRDA:14,0,0,0
BRDA:14,0,1,0
BRDA:14,1,0,0
BRDA:14,1,1,0
BRDA:41,2,0,0
BRDA:41,2,1,0
BRDA:45,3,0,0
BRDA:45,3,1,0
BRDA:56,4,0,0
BRDA:56,4,1,0
BRDA:68,5,0,0
BRDA:70,6,0,0
BRDA:70,6,1,0
BRDA:70,7,0,0
BRDA:70,7,1,0
BRDA:86,8,0,0
BRDA:87,9,0,0
BRDA:87,9,1,0
BRDA:109,10,0,0
BRDA:124,11,0,0
BRDA:124,11,1,0
BRDA:126,12,0,0
BRDA:126,12,1,0
BRF:23
BRH:0
end_of_record
TN:
SF:GPT3.5/ProjectTest/JS/original_fix/pixelrender/WebGLUtil.js
FN:13,(anonymous_0)
FN:28,(anonymous_1)
FN:50,(anonymous_2)
FN:65,(anonymous_3)
FN:85,(anonymous_4)
FN:102,(anonymous_5)
FNF:6
FNH:0
FNDA:0,(anonymous_0)
FNDA:0,(anonymous_1)
FNDA:0,(anonymous_2)
FNDA:0,(anonymous_3)
FNDA:0,(anonymous_4)
FNDA:0,(anonymous_5)
DA:14,0
DA:29,0
DA:30,0
DA:31,0
DA:34,0
DA:51,0
DA:66,0
DA:67,0
DA:69,0
DA:86,0
DA:103,0
DA:104,0
DA:105,0
DA:106,0
DA:107,0
DA:108,0
DA:109,0
DA:110,0
DA:111,0
DA:112,0
DA:113,0
DA:114,0
DA:115,0
DA:116,0
DA:117,0
DA:118,0
DA:119,0
DA:120,0
DA:122,0
LF:29
LH:0
BRF:0
BRH:0
end_of_record
TN:
SF:GPT3.5/ProjectTest/JS/original_fix/plane/Plane.js
FN:18,Plane
FN:30,(anonymous_1)
FN:38,(anonymous_2)
FN:48,(anonymous_3)
FN:81,(anonymous_4)
FN:96,(anonymous_5)
FN:130,(anonymous_6)
FNF:7
FNH:0
FNDA:0,Plane
FNDA:0,(anonymous_1)
FNDA:0,(anonymous_2)
FNDA:0,(anonymous_3)
FNDA:0,(anonymous_4)
FNDA:0,(anonymous_5)
FNDA:0,(anonymous_6)
DA:1,0
DA:2,0
DA:3,0
DA:5,0
DA:19,0
DA:20,0
DA:21,0
DA:23,0
DA:24,0
DA:30,0
DA:31,0
DA:38,0
DA:39,0
DA:48,0
DA:49,0
DA:50,0
DA:51,0
DA:52,0
DA:53,0
DA:56,0
DA:57,0
DA:59,0
DA:61,0
DA:63,0
DA:66,0
DA:68,0
DA:71,0
DA:73,0
DA:76,0
DA:81,0
DA:82,0
DA:85,0
DA:86,0
DA:87,0
DA:96,0
DA:97,0
DA:98,0
DA:99,0
DA:100,0
DA:101,0
DA:102,0
DA:105,0
DA:106,0
DA:108,0
DA:109,0
DA:110,0
DA:111,0
DA:113,0
DA:115,0
DA:118,0
DA:119,0
DA:122,0
DA:124,0
DA:125,0
DA:127,0
DA:130,0
DA:131,0
LF:57
LH:0
BRDA:19,0,0,0
BRDA:19,0,1,0
BRDA:59,1,0,0
BRDA:59,1,1,0
BRDA:63,2,0,0
BRDA:63,2,1,0
BRDA:68,3,0,0
BRDA:68,3,1,0
BRDA:73,4,0,0
BRDA:73,4,1,0
BRDA:113,5,0,0
BRDA:113,5,1,0
BRDA:118,6,0,0
BRDA:118,6,1,0
BRF:14
BRH:0
end_of_record
TN:
SF:GPT3.5/ProjectTest/JS/original_fix/plane/Shape.js
FN:19,Shape
FN:205,(anonymous_1)
FN:212,(anonymous_2)
FN:218,(anonymous_3)
FN:227,(anonymous_4)
FN:239,(anonymous_5)
FN:249,(anonymous_6)
FN:257,(anonymous_7)
FN:259,(anonymous_8)
FNF:9
FNH:0
FNDA:0,Shape
FNDA:0,(anonymous_1)
FNDA:0,(anonymous_2)
FNDA:0,(anonymous_3)
FNDA:0,(anonymous_4)
FNDA:0,(anonymous_5)
FNDA:0,(anonymous_6)
FNDA:0,(anonymous_7)
FNDA:0,(anonymous_8)
DA:1,0
DA:3,0
DA:20,0
DA:26,0
DA:32,0
DA:33,0
DA:34,0
DA:41,0
DA:59,0
DA:67,0
DA:75,0
DA:106,0
DA:112,0
DA:119,0
DA:126,0
DA:133,0
DA:139,0
DA:141,0
DA:142,0
DA:145,0
DA:148,0
DA:154,0
DA:160,0
DA:166,0
DA:172,0
DA:178,0
DA:184,0
DA:190,0
DA:196,0
DA:198,0
DA:249,0
DA:258,0
DA:259,0
DA:260,0
DA:262,0
DA:263,0
DA:265,0
LF:37
LH:0
BRDA:20,0,0,0
BRDA:20,0,1,0
BRDA:33,1,0,0
BRDA:33,1,1,0
BRDA:41,2,0,0
BRDA:41,2,1,0
BRDA:59,3,0,0
BRDA:59,3,1,0
BRDA:106,4,0,0
BRDA:106,4,1,0
BRDA:112,5,0,0
BRDA:112,5,1,0
BRDA:119,6,0,0
BRDA:119,6,1,0
BRDA:126,7,0,0
BRDA:126,7,1,0
BRDA:139,8,0,0
BRDA:139,8,1,0
BRDA:141,9,0,0
BRDA:141,9,1,0
BRF:20
BRH:0
end_of_record
TN:
SF:GPT3.5/ProjectTest/JS/original_fix/plane/Utils.js
FN:10,Utils
FN:19,(anonymous_1)
FN:37,(anonymous_2)
FN:52,(anonymous_3)
FN:85,(anonymous_4)
FN:97,(anonymous_5)
FN:112,(anonymous_6)
FNF:7
FNH:0
FNDA:0,Utils
FNDA:0,(anonymous_1)
FNDA:0,(anonymous_2)
FNDA:0,(anonymous_3)
FNDA:0,(anonymous_4)
FNDA:0,(anonymous_5)
FNDA:0,(anonymous_6)
DA:3,0
DA:19,0
DA:20,0
DA:21,0
DA:23,0
DA:24,0
DA:37,0
DA:38,0
DA:39,0
DA:40,0
DA:42,0
DA:52,0
DA:53,0
DA:54,0
DA:55,0
DA:70,0
DA:71,0
DA:72,0
DA:73,0
DA:75,0
DA:85,0
DA:86,0
DA:87,0
DA:97,0
DA:98,0
DA:99,0
DA:100,0
DA:112,0
DA:113,0
DA:114,0
DA:115,0
DA:116,0
DA:117,0
DA:120,0
LF:34
LH:0
BRDA:20,0,0,0
BRDA:20,0,1,0
BRDA:38,1,0,0
BRDA:38,1,1,0
BRDA:54,2,0,0
BRDA:54,2,1,0
BRDA:70,3,0,0
BRDA:70,3,1,0
BRDA:72,4,0,0
BRDA:72,4,1,0
BRDA:114,5,0,0
BRDA:114,5,1,0
BRDA:116,6,0,0
BRDA:116,6,1,0
BRF:14
BRH:0
end_of_record
TN:
SF:GPT3.5/ProjectTest/JS/original_fix/plane/vec2.js
FN:40,(anonymous_0)
FN:53,(anonymous_1)
FN:68,(anonymous_2)
FN:83,(anonymous_3)
FN:107,(anonymous_4)
FN:124,(anonymous_5)
FN:142,(anonymous_6)
FN:161,(anonymous_7)
FN:190,(anonymous_8)
FN:203,(anonymous_9)
FN:217,(anonymous_10)
FN:232,(anonymous_11)
FN:247,(anonymous_12)
FN:262,(anonymous_13)
FN:277,(anonymous_14)
FN:292,(anonymous_15)
FN:307,(anonymous_16)
FN:322,(anonymous_17)
FN:337,(anonymous_18)
FN:351,(anonymous_19)
FN:365,(anonymous_20)
FN:378,(anonymous_21)
FN:391,(anonymous_22)
FN:405,(anonymous_23)
FN:419,(anonymous_24)
FN:440,(anonymous_25)
FN:451,(anonymous_26)
FN:464,(anonymous_27)
FN:480,(anonymous_28)
FN:497,(anonymous_29)
FN:518,(anonymous_30)
FNF:31
FNH:0
FNDA:0,(anonymous_0)
FNDA:0,(anonymous_1)
FNDA:0,(anonymous_2)
FNDA:0,(anonymous_3)
FNDA:0,(anonymous_4)
FNDA:0,(anonymous_5)
FNDA:0,(anonymous_6)
FNDA:0,(anonymous_7)
FNDA:0,(anonymous_8)
FNDA:0,(anonymous_9)
FNDA:0,(anonymous_10)
FNDA:0,(anonymous_11)
FNDA:0,(anonymous_12)
FNDA:0,(anonymous_13)
FNDA:0,(anonymous_14)
FNDA:0,(anonymous_15)
FNDA:0,(anonymous_16)
FNDA:0,(anonymous_17)
FNDA:0,(anonymous_18)
FNDA:0,(anonymous_19)
FNDA:0,(anonymous_20)
FNDA:0,(anonymous_21)
FNDA:0,(anonymous_22)
FNDA:0,(anonymous_23)
FNDA:0,(anonymous_24)
FNDA:0,(anonymous_25)
FNDA:0,(anonymous_26)
FNDA:0,(anonymous_27)
FNDA:0,(anonymous_28)
FNDA:0,(anonymous_29)
FNDA:0,(anonymous_30)
DA:28,0
DA:30,0
DA:40,0
DA:41,0
DA:53,0
DA:54,0
DA:55,0
DA:56,0
DA:68,0
DA:69,0
DA:70,0
DA:71,0
DA:83,0
DA:84,0
DA:85,0
DA:86,0
DA:87,0
DA:88,0
DA:89,0
DA:90,0
DA:92,0
DA:93,0
DA:95,0
DA:107,0
DA:108,0
DA:109,0
DA:110,0
DA:111,0
DA:112,0
DA:124,0
DA:125,0
DA:126,0
DA:127,0
DA:128,0
DA:129,0
DA:130,0
DA:131,0
DA:142,0
DA:143,0
DA:144,0
DA:145,0
DA:146,0
DA:147,0
DA:148,0
DA:149,0
DA:150,0
DA:161,0
DA:162,0
DA:163,0
DA:164,0
DA:165,0
DA:166,0
DA:167,0
DA:168,0
DA:178,0
DA:190,0
DA:191,0
DA:192,0
DA:193,0
DA:194,0
DA:203,0
DA:204,0
DA:205,0
DA:206,0
DA:207,0
DA:217,0
DA:218,0
DA:219,0
DA:220,0
DA:221,0
DA:232,0
DA:233,0
DA:234,0
DA:235,0
DA:236,0
DA:247,0
DA:248,0
DA:249,0
DA:250,0
DA:262,0
DA:263,0
DA:264,0
DA:265,0
DA:277,0
DA:278,0
DA:279,0
DA:280,0
DA:292,0
DA:293,0
DA:294,0
DA:295,0
DA:307,0
DA:308,0
DA:309,0
DA:310,0
DA:322,0
DA:323,0
DA:324,0
DA:325,0
DA:337,0
DA:338,0
DA:339,0
DA:340,0
DA:351,0
DA:352,0
DA:353,0
DA:354,0
DA:365,0
DA:366,0
DA:367,0
DA:368,0
DA:378,0
DA:379,0
DA:380,0
DA:381,0
DA:391,0
DA:392,0
DA:393,0
DA:394,0
DA:405,0
DA:406,0
DA:407,0
DA:408,0
DA:419,0
DA:420,0
DA:421,0
DA:422,0
DA:423,0
DA:425,0
DA:426,0
DA:427,0
DA:429,0
DA:440,0
DA:441,0
DA:451,0
DA:452,0
DA:464,0
DA:465,0
DA:466,0
DA:467,0
DA:468,0
DA:469,0
DA:480,0
DA:481,0
DA:482,0
DA:483,0
DA:497,0
DA:498,0
DA:499,0
DA:500,0
DA:502,0
DA:503,0
DA:504,0
DA:518,0
DA:519,0
DA:520,0
DA:521,0
DA:522,0
DA:525,0
DA:526,0
DA:527,0
DA:528,0
DA:530,0
LF:163
LH:0
BRDA:84,0,0,0
BRDA:84,0,1,0
BRDA:423,1,0,0
BRDA:423,1,1,0
BRDA:499,2,0,0
BRDA:499,2,1,0
BRDA:527,3,0,0
BRDA:527,3,1,0
BRDA:527,4,0,0
BRDA:527,4,1,0
BRDA:527,4,2,0
BRDA:527,4,3,0
BRF:12
BRH:0
end_of_record
TN:
SF:GPT3.5/ProjectTest/JS/original_fix/solver/EventEmitter.js
FN:17,EventEmitter
FN:35,(anonymous_1)
FN:60,(anonymous_2)
FN:79,(anonymous_3)
FN:109,(anonymous_4)
FNF:5
FNH:0
FNDA:0,EventEmitter
FNDA:0,(anonymous_1)
FNDA:0,(anonymous_2)
FNDA:0,(anonymous_3)
FNDA:0,(anonymous_4)
DA:1,0
DA:18,0
DA:21,0
DA:36,0
DA:37,0
DA:38,0
DA:40,0
DA:41,0
DA:42,0
DA:44,0
DA:45,0
DA:47,0
DA:61,0
DA:62,0
DA:63,0
DA:65,0
DA:66,0
DA:67,0
DA:69,0
DA:80,0
DA:81,0
DA:83,0
DA:84,0
DA:85,0
DA:86,0
DA:89,0
DA:90,0
DA:94,0
DA:110,0
DA:111,0
DA:113,0
DA:114,0
DA:115,0
DA:116,0
DA:119,0
DA:120,0
DA:121,0
DA:123,0
DA:124,0
DA:125,0
DA:127,0
DA:129,0
LF:42
LH:0
BRDA:36,0,0,0
BRDA:36,0,1,0
BRDA:37,1,0,0
BRDA:37,1,1,0
BRDA:41,2,0,0
BRDA:41,2,1,0
BRDA:44,3,0,0
BRDA:44,3,1,0
BRDA:62,4,0,0
BRDA:62,4,1,0
BRDA:62,5,0,0
BRDA:62,5,1,0
BRDA:66,6,0,0
BRDA:66,6,1,0
BRDA:80,7,0,0
BRDA:80,7,1,0
BRDA:84,8,0,0
BRDA:84,8,1,0
BRDA:85,9,0,0
BRDA:85,9,1,0
BRDA:85,10,0,0
BRDA:85,10,1,0
BRDA:89,11,0,0
BRDA:89,11,1,0
BRDA:110,12,0,0
BRDA:110,12,1,0
BRDA:115,13,0,0
BRDA:115,13,1,0
BRF:28
BRH:0
end_of_record
TN:
SF:GPT3.5/ProjectTest/JS/original_fix/solver/Solver.js
FN:11,Solver
FN:42,(anonymous_1)
FN:50,(anonymous_2)
FN:62,(anonymous_3)
FN:74,(anonymous_4)
FN:89,(anonymous_5)
FN:101,(anonymous_6)
FNF:7
FNH:0
FNDA:0,Solver
FNDA:0,(anonymous_1)
FNDA:0,(anonymous_2)
FNDA:0,(anonymous_3)
FNDA:0,(anonymous_4)
FNDA:0,(anonymous_5)
FNDA:0,(anonymous_6)
DA:1,0
DA:3,0
DA:12,0
DA:14,0
DA:16,0
DA:24,0
DA:31,0
DA:33,0
DA:34,0
DA:42,0
DA:43,0
DA:50,0
DA:51,0
DA:52,0
DA:62,0
DA:63,0
DA:64,0
DA:74,0
DA:75,0
DA:76,0
DA:77,0
DA:78,0
DA:89,0
DA:90,0
DA:91,0
DA:92,0
DA:101,0
DA:102,0
DA:111,0
LF:29
LH:0
BRDA:12,0,0,0
BRDA:12,0,1,0
BRDA:31,1,0,0
BRDA:31,1,1,0
BRDA:51,2,0,0
BRDA:51,2,1,0
BRDA:63,3,0,0
BRDA:63,3,1,0
BRDA:77,4,0,0
BRDA:77,4,1,0
BRDA:91,5,0,0
BRDA:91,5,1,0
BRF:12
BRH:0
end_of_record
TN:
SF:GPT3.5/ProjectTest/JS/original_fix/span/DomUtil.js
FN:15,(anonymous_0)
FN:28,(anonymous_1)
FN:38,(anonymous_2)
FN:57,(anonymous_3)
FN:63,(anonymous_4)
FN:70,(anonymous_5)
FNF:6
FNH:0
FNDA:0,(anonymous_0)
FNDA:0,(anonymous_1)
FNDA:0,(anonymous_2)
FNDA:0,(anonymous_3)
FNDA:0,(anonymous_4)
FNDA:0,(anonymous_5)
DA:16,0
DA:18,0
DA:19,0
DA:20,0
DA:21,0
DA:22,0
DA:23,0
DA:25,0
DA:29,0
DA:31,0
DA:32,0
DA:33,0
DA:35,0
DA:39,0
DA:40,0
DA:41,0
DA:42,0
DA:58,0
DA:59,0
DA:60,0
DA:64,0
DA:65,0
DA:66,0
DA:67,0
DA:71,0
DA:73,0
DA:74,0
DA:75,0
DA:76,0
DA:77,0
LF:30
LH:0
BRDA:15,0,0,0
BRF:1
BRH:0
end_of_record
TN:
SF:GPT3.5/ProjectTest/JS/original_fix/span/ImgUtil.js
FN:19,(anonymous_0)
FN:39,(anonymous_1)
FN:46,(anonymous_2)
FN:55,(anonymous_3)
FNF:4
FNH:0
FNDA:0,(anonymous_0)
FNDA:0,(anonymous_1)
FNDA:0,(anonymous_2)
FNDA:0,(anonymous_3)
DA:4,0
DA:5,0
DA:6,0
DA:20,0
DA:21,0
DA:22,0
DA:24,0
DA:40,0
DA:42,0
DA:43,0
DA:45,0
DA:46,0
DA:47,0
DA:48,0
DA:51,0
DA:56,0
DA:58,0
DA:59,0
DA:60,0
DA:62,0
DA:63,0
DA:64,0
DA:66,0
DA:69,0
DA:71,0
LF:25
LH:0
BRDA:40,0,0,0
BRDA:40,0,1,0
BRDA:42,1,0,0
BRDA:42,1,1,0
BRDA:58,2,0,0
BRDA:58,2,1,0
BRDA:69,3,0,0
BRDA:69,3,1,0
BRF:8
BRH:0
end_of_record
TN:
SF:GPT3.5/ProjectTest/JS/original_fix/span/MathUtil.js
FN:12,(anonymous_0)
FN:16,(anonymous_1)
FN:21,(anonymous_2)
FN:25,(anonymous_3)
FN:29,(anonymous_4)
FN:31,(anonymous_5)
FN:36,(anonymous_6)
FN:40,(anonymous_7)
FNF:8
FNH:0
FNDA:0,(anonymous_0)
FNDA:0,(anonymous_1)
FNDA:0,(anonymous_2)
FNDA:0,(anonymous_3)
FNDA:0,(anonymous_4)
FNDA:0,(anonymous_5)
FNDA:0,(anonymous_6)
FNDA:0,(anonymous_7)
DA:1,0
DA:2,0
DA:4,0
DA:13,0
DA:17,0
DA:18,0
DA:22,0
DA:26,0
DA:32,0
DA:33,0
DA:37,0
DA:41,0
LF:12
LH:0
BRDA:13,0,0,0
BRDA:13,0,1,0
BRDA:16,1,0,0
BRDA:17,2,0,0
BRDA:17,2,1,0
BRDA:31,3,0,0
BRF:6
BRH:0
end_of_record
TN:
SF:GPT3.5/ProjectTest/JS/original_fix/span/Span.js
FN:5,(anonymous_0)
FN:17,(anonymous_1)
FN:43,(anonymous_2)
FN:66,(anonymous_3)
FNF:4
FNH:0
FNDA:0,(anonymous_0)
FNDA:0,(anonymous_1)
FNDA:0,(anonymous_2)
FNDA:0,(anonymous_3)
DA:6,0
DA:7,0
DA:8,0
DA:10,0
DA:11,0
DA:12,0
DA:13,0
DA:18,0
DA:19,0
DA:21,0
DA:22,0
DA:24,0
DA:44,0
DA:45,0
DA:47,0
DA:48,0
DA:50,0
DA:51,0
DA:67,0
LF:19
LH:0
BRDA:6,0,0,0
BRDA:6,0,1,0
BRDA:17,1,0,0
BRDA:18,2,0,0
BRDA:18,2,1,0
BRDA:21,3,0,0
BRDA:21,3,1,0
BRDA:44,4,0,0
BRDA:44,4,1,0
BRDA:47,5,0,0
BRDA:47,5,1,0
BRDA:50,6,0,0
BRDA:50,6,1,0
BRDA:67,7,0,0
BRDA:67,7,1,0
BRF:15
BRH:0
end_of_record
TN:
SF:GPT3.5/ProjectTest/JS/original_fix/span/Util.js
FN:13,(anonymous_0)
FN:28,(anonymous_1)
FN:40,(anonymous_2)
FN:44,(anonymous_3)
FN:48,(anonymous_4)
FN:55,(anonymous_5)
FN:68,(anonymous_6)
FN:86,(anonymous_7)
FN:105,(anonymous_8)
FN:109,(anonymous_9)
FN:123,(anonymous_10)
FNF:11
FNH:0
FNDA:0,(anonymous_0)
FNDA:0,(anonymous_1)
FNDA:0,(anonymous_2)
FNDA:0,(anonymous_3)
FNDA:0,(anonymous_4)
FNDA:0,(anonymous_5)
FNDA:0,(anonymous_6)
FNDA:0,(anonymous_7)
FNDA:0,(anonymous_8)
FNDA:0,(anonymous_9)
FNDA:0,(anonymous_10)
DA:14,0
DA:15,0
DA:29,0
DA:41,0
DA:45,0
DA:49,0
DA:50,0
DA:51,0
DA:56,0
DA:57,0
DA:69,0
DA:70,0
DA:71,0
DA:87,0
DA:88,0
DA:90,0
DA:91,0
DA:106,0
DA:110,0
DA:112,0
DA:113,0
DA:114,0
DA:117,0
DA:120,0
DA:124,0
DA:125,0
DA:126,0
DA:127,0
DA:131,0
DA:133,0
LF:30
LH:0
BRDA:14,0,0,0
BRDA:14,0,1,0
BRDA:14,1,0,0
BRDA:14,1,1,0
BRDA:41,2,0,0
BRDA:41,2,1,0
BRDA:45,3,0,0
BRDA:45,3,1,0
BRDA:56,4,0,0
BRDA:56,4,1,0
BRDA:68,5,0,0
BRDA:70,6,0,0
BRDA:70,6,1,0
BRDA:70,7,0,0
BRDA:70,7,1,0
BRDA:86,8,0,0
BRDA:87,9,0,0
BRDA:87,9,1,0
BRDA:109,10,0,0
BRDA:124,11,0,0
BRDA:124,11,1,0
BRDA:126,12,0,0
BRDA:126,12,1,0
BRF:23
BRH:0
end_of_record
TN:
SF:GPT3.5/ProjectTest/JS/original_fix/span/WebGLUtil.js
FN:13,(anonymous_0)
FN:28,(anonymous_1)
FN:50,(anonymous_2)
FN:65,(anonymous_3)
FN:85,(anonymous_4)
FN:102,(anonymous_5)
FNF:6
FNH:0
FNDA:0,(anonymous_0)
FNDA:0,(anonymous_1)
FNDA:0,(anonymous_2)
FNDA:0,(anonymous_3)
FNDA:0,(anonymous_4)
FNDA:0,(anonymous_5)
DA:14,0
DA:29,0
DA:30,0
DA:31,0
DA:34,0
DA:51,0
DA:66,0
DA:67,0
DA:69,0
DA:86,0
DA:103,0
DA:104,0
DA:105,0
DA:106,0
DA:107,0
DA:108,0
DA:109,0
DA:110,0
DA:111,0
DA:112,0
DA:113,0
DA:114,0
DA:115,0
DA:116,0
DA:117,0
DA:118,0
DA:119,0
DA:120,0
DA:122,0
LF:29
LH:0
BRF:0
BRH:0
end_of_record
TN:
SF:GPT3.5/ProjectTest/JS/original_fix/spherical/MathUtils.js
FN:10,generateUUID
FN:26,clamp
FN:34,euclideanModulo
FN:41,mapLinear
FN:48,inverseLerp
FN:63,lerp
FN:70,damp
FN:77,pingpong
FN:84,smoothstep
FN:95,smootherstep
FN:107,randInt
FN:114,randFloat
FN:121,randFloatSpread
FN:128,seededRandom
FN:144,degToRad
FN:150,radToDeg
FN:156,isPowerOfTwo
FN:162,ceilPowerOfTwo
FN:168,floorPowerOfTwo
FN:174,setQuaternionFromProperEuler
FN:230,denormalize
FN:270,normalize
FNF:22
FNH:0
FNDA:0,generateUUID
FNDA:0,clamp
FNDA:0,euclideanModulo
FNDA:0,mapLinear
FNDA:0,inverseLerp
FNDA:0,lerp
FNDA:0,damp
FNDA:0,pingpong
FNDA:0,smoothstep
FNDA:0,smootherstep
FNDA:0,randInt
FNDA:0,randFloat
FNDA:0,randFloatSpread
FNDA:0,seededRandom
FNDA:0,degToRad
FNDA:0,radToDeg
FNDA:0,isPowerOfTwo
FNDA:0,ceilPowerOfTwo
FNDA:0,floorPowerOfTwo
FNDA:0,setQuaternionFromProperEuler
FNDA:0,denormalize
FNDA:0,normalize
DA:1,0
DA:3,0
DA:6,0
DA:7,0
DA:12,0
DA:13,0
DA:14,0
DA:15,0
DA:16,0
DA:22,0
DA:28,0
DA:36,0
DA:43,0
DA:50,0
DA:52,0
DA:56,0
DA:65,0
DA:72,0
DA:79,0
DA:86,0
DA:87,0
DA:89,0
DA:91,0
DA:97,0
DA:98,0
DA:100,0
DA:102,0
DA:109,0
DA:116,0
DA:123,0
DA:130,0
DA:134,0
DA:136,0
DA:138,0
DA:140,0
DA:146,0
DA:152,0
DA:158,0
DA:164,0
DA:170,0
DA:182,0
DA:183,0
DA:185,0
DA:186,0
DA:188,0
DA:189,0
DA:191,0
DA:192,0
DA:194,0
DA:195,0
DA:197,0
DA:200,0
DA:201,0
DA:204,0
DA:205,0
DA:208,0
DA:209,0
DA:212,0
DA:213,0
DA:216,0
DA:217,0
DA:220,0
DA:221,0
DA:224,0
DA:232,0
DA:236,0
DA:240,0
DA:244,0
DA:248,0
DA:252,0
DA:256,0
DA:260,0
DA:264,0
DA:272,0
DA:276,0
DA:280,0
DA:284,0
DA:288,0
DA:292,0
DA:296,0
DA:300,0
DA:304,0
DA:310,0
LF:83
LH:0
BRDA:50,0,0,0
BRDA:50,0,1,0
BRDA:77,1,0,0
BRDA:86,2,0,0
BRDA:86,2,1,0
BRDA:87,3,0,0
BRDA:87,3,1,0
BRDA:97,4,0,0
BRDA:97,4,1,0
BRDA:98,5,0,0
BRDA:98,5,1,0
BRDA:130,6,0,0
BRDA:130,6,1,0
BRDA:158,7,0,0
BRDA:158,7,1,0
BRDA:197,8,0,0
BRDA:197,8,1,0
BRDA:197,8,2,0
BRDA:197,8,3,0
BRDA:197,8,4,0
BRDA:197,8,5,0
BRDA:197,8,6,0
BRDA:232,9,0,0
BRDA:232,9,1,0
BRDA:232,9,2,0
BRDA:232,9,3,0
BRDA:232,9,4,0
BRDA:232,9,5,0
BRDA:232,9,6,0
BRDA:232,9,7,0
BRDA:272,10,0,0
BRDA:272,10,1,0
BRDA:272,10,2,0
BRDA:272,10,3,0
BRDA:272,10,4,0
BRDA:272,10,5,0
BRDA:272,10,6,0
BRDA:272,10,7,0
BRF:38
BRH:0
end_of_record
TN:
SF:GPT3.5/ProjectTest/JS/original_fix/spherical/Spherical.js
FN:11,(anonymous_0)
FN:21,(anonymous_1)
FN:31,(anonymous_2)
FN:42,(anonymous_3)
FN:51,(anonymous_4)
FN:57,(anonymous_5)
FN:77,(anonymous_6)
FNF:7
FNH:0
FNDA:0,(anonymous_0)
FNDA:0,(anonymous_1)
FNDA:0,(anonymous_2)
FNDA:0,(anonymous_3)
FNDA:0,(anonymous_4)
FNDA:0,(anonymous_5)
FNDA:0,(anonymous_6)
DA:13,0
DA:14,0
DA:15,0
DA:17,0
DA:23,0
DA:24,0
DA:25,0
DA:27,0
DA:33,0
DA:34,0
DA:35,0
DA:37,0
DA:44,0
DA:45,0
DA:47,0
DA:53,0
DA:59,0
DA:61,0
DA:63,0
DA:64,0
DA:68,0
DA:69,0
DA:73,0
DA:79,0
LF:24
LH:0
BRDA:11,0,0,0
BRDA:11,1,0,0
BRDA:11,2,0,0
BRDA:61,3,0,0
BRDA:61,3,1,0
BRF:5
BRH:0
end_of_record
TN:
SF:GPT3.5/ProjectTest/JS/original_fix/synergy/attribute.js
FN:3,(anonymous_0)
FN:4,(anonymous_1)
FN:8,(anonymous_2)
FN:9,(anonymous_3)
FN:13,(anonymous_4)
FN:17,(anonymous_5)
FN:18,(anonymous_6)
FN:28,(anonymous_7)
FN:30,(anonymous_8)
FN:33,(anonymous_9)
FN:34,(anonymous_10)
FN:39,(anonymous_11)
FN:54,(anonymous_12)
FNF:13
FNH:0
FNDA:0,(anonymous_0)
FNDA:0,(anonymous_1)
FNDA:0,(anonymous_2)
FNDA:0,(anonymous_3)
FNDA:0,(anonymous_4)
FNDA:0,(anonymous_5)
FNDA:0,(anonymous_6)
FNDA:0,(anonymous_7)
FNDA:0,(anonymous_8)
FNDA:0,(anonymous_9)
FNDA:0,(anonymous_10)
FNDA:0,(anonymous_11)
FNDA:0,(anonymous_12)
DA:3,0
DA:4,0
DA:5,0
DA:8,0
DA:9,0
DA:10,0
DA:13,0
DA:14,0
DA:16,0
DA:17,0
DA:18,0
DA:19,0
DA:20,0
DA:23,0
DA:25,0
DA:28,0
DA:29,0
DA:30,0
DA:33,0
DA:34,0
DA:35,0
DA:36,0
DA:39,0
DA:40,0
DA:41,0
DA:47,0
DA:48,0
DA:50,0
DA:51,0
DA:53,0
DA:55,0
DA:56,0
DA:59,0
DA:61,0
DA:62,0
DA:65,0
DA:67,0
DA:68,0
DA:69,0
DA:70,0
DA:71,0
DA:75,0
DA:77,0
DA:79,0
DA:80,0
DA:82,0
LF:46
LH:0
BRDA:16,0,0,0
BRDA:16,0,1,0
BRDA:19,1,0,0
BRDA:19,1,1,0
BRDA:23,2,0,0
BRDA:23,2,1,0
BRDA:40,3,0,0
BRDA:40,3,1,0
BRDA:47,4,0,0
BRDA:47,4,1,0
BRDA:48,5,0,0
BRDA:48,5,1,0
BRDA:55,6,0,0
BRDA:55,6,1,0
BRDA:61,7,0,0
BRDA:61,7,1,0
BRDA:67,8,0,0
BRDA:67,8,1,0
BRDA:68,9,0,0
BRDA:68,9,1,0
BRDA:70,10,0,0
BRDA:70,10,1,0
BRDA:77,11,0,0
BRDA:77,11,1,0
BRDA:79,12,0,0
BRDA:79,12,1,0
BRDA:79,13,0,0
BRDA:79,13,1,0
BRF:28
BRH:0
end_of_record
TN:
SF:GPT3.5/ProjectTest/JS/original_fix/synergy/context.js
FN:3,(anonymous_0)
FN:4,(anonymous_1)
FN:31,(anonymous_2)
FN:36,(anonymous_3)
FN:38,(anonymous_4)
FN:48,(anonymous_5)
FN:51,(anonymous_6)
FN:52,(anonymous_7)
FN:53,(anonymous_8)
FN:55,(anonymous_9)
FNF:10
FNH:0
FNDA:0,(anonymous_0)
FNDA:0,(anonymous_1)
FNDA:0,(anonymous_2)
FNDA:0,(anonymous_3)
FNDA:0,(anonymous_4)
FNDA:0,(anonymous_5)
FNDA:0,(anonymous_6)
FNDA:0,(anonymous_7)
FNDA:0,(anonymous_8)
FNDA:0,(anonymous_9)
DA:3,0
DA:5,0
DA:9,0
DA:10,0
DA:11,0
DA:12,0
DA:13,0
DA:15,0
DA:20,0
DA:21,0
DA:22,0
DA:23,0
DA:24,0
DA:26,0
DA:31,0
DA:32,0
DA:34,0
DA:37,0
DA:38,0
DA:39,0
DA:40,0
DA:41,0
DA:44,0
DA:48,0
DA:49,0
DA:50,0
DA:51,0
DA:52,0
DA:54,0
DA:55,0
LF:30
LH:0
BRDA:9,0,0,0
BRDA:9,0,1,0
BRDA:12,1,0,0
BRDA:12,1,1,0
BRDA:13,2,0,0
BRDA:13,2,1,0
BRDA:15,3,0,0
BRDA:15,3,1,0
BRDA:20,4,0,0
BRDA:20,4,1,0
BRDA:23,5,0,0
BRDA:23,5,1,0
BRDA:24,6,0,0
BRDA:24,6,1,0
BRDA:26,7,0,0
BRDA:26,7,1,0
BRDA:31,8,0,0
BRDA:31,8,1,0
BRDA:32,9,0,0
BRDA:32,9,1,0
BRDA:38,10,0,0
BRDA:38,10,1,0
BRDA:39,11,0,0
BRDA:39,11,1,0
BRDA:39,12,0,0
BRDA:39,12,1,0
BRDA:48,13,0,0
BRF:27
BRH:0
end_of_record
TN:
SF:GPT3.5/ProjectTest/JS/original_fix/synergy/css.js
FN:1,nextWord
FN:5,nextOpenBrace
FN:12,prefixSelectors
FN:61,appendStyles
FNF:4
FNH:0
FNDA:0,nextWord
FNDA:0,nextOpenBrace
FNDA:0,prefixSelectors
FNDA:0,appendStyles
DA:2,0
DA:6,0
DA:7,0
DA:8,0
DA:13,0
DA:14,0
DA:15,0
DA:16,0
DA:17,0
DA:19,0
DA:20,0
DA:21,0
DA:24,0
DA:25,0
DA:28,0
DA:29,0
DA:30,0
DA:31,0
DA:32,0
DA:33,0
DA:34,0
DA:35,0
DA:36,0
DA:37,0
DA:41,0
DA:49,0
DA:51,0
DA:54,0
DA:55,0
DA:58,0
DA:62,0
DA:64,0
DA:65,0
DA:66,0
DA:67,0
LF:35
LH:0
BRDA:7,0,0,0
BRDA:7,0,1,0
BRDA:20,1,0,0
BRDA:20,1,1,0
BRDA:20,2,0,0
BRDA:20,2,1,0
BRDA:24,3,0,0
BRDA:24,3,1,0
BRDA:25,4,0,0
BRDA:25,4,1,0
BRDA:28,5,0,0
BRDA:28,5,1,0
BRDA:29,6,0,0
BRDA:29,6,1,0
BRDA:32,7,0,0
BRDA:32,7,1,0
BRDA:34,8,0,0
BRDA:34,8,1,0
BRDA:36,9,0,0
BRDA:36,9,1,0
BRDA:36,10,0,0
BRDA:36,10,1,0
BRDA:36,10,2,0
BRDA:41,11,0,0
BRDA:41,11,1,0
BRDA:42,12,0,0
BRDA:42,12,1,0
BRDA:42,12,2,0
BRDA:42,12,3,0
BRDA:42,12,4,0
BRDA:42,12,5,0
BRDA:62,13,0,0
BRDA:62,13,1,0
BRF:33
BRH:0
end_of_record
TN:
SF:GPT3.5/ProjectTest/JS/original_fix/synergy/helpers.js
FN:1,(anonymous_0)
FN:7,(anonymous_1)
FN:9,(anonymous_2)
FN:13,(anonymous_3)
FN:26,(anonymous_4)
FN:27,(anonymous_5)
FN:28,(anonymous_6)
FN:34,(anonymous_7)
FN:37,(anonymous_8)
FN:47,(anonymous_9)
FN:53,(anonymous_10)
FN:60,(anonymous_11)
FN:65,(anonymous_12)
FN:79,(anonymous_13)
FN:82,(anonymous_14)
FN:88,(anonymous_15)
FN:96,(anonymous_16)
FN:98,(anonymous_17)
FN:101,(anonymous_18)
FN:102,(anonymous_19)
FN:106,(anonymous_20)
FN:107,(anonymous_21)
FN:111,(anonymous_22)
FN:129,(anonymous_23)
FN:142,getDataScript
FN:148,createDataScript
FNF:26
FNH:0
FNDA:0,(anonymous_0)
FNDA:0,(anonymous_1)
FNDA:0,(anonymous_2)
FNDA:0,(anonymous_3)
FNDA:0,(anonymous_4)
FNDA:0,(anonymous_5)
FNDA:0,(anonymous_6)
FNDA:0,(anonymous_7)
FNDA:0,(anonymous_8)
FNDA:0,(anonymous_9)
FNDA:0,(anonymous_10)
FNDA:0,(anonymous_11)
FNDA:0,(anonymous_12)
FNDA:0,(anonymous_13)
FNDA:0,(anonymous_14)
FNDA:0,(anonymous_15)
FNDA:0,(anonymous_16)
FNDA:0,(anonymous_17)
FNDA:0,(anonymous_18)
FNDA:0,(anonymous_19)
FNDA:0,(anonymous_20)
FNDA:0,(anonymous_21)
FNDA:0,(anonymous_22)
FNDA:0,(anonymous_23)
FNDA:0,getDataScript
FNDA:0,createDataScript
DA:1,0
DA:2,0
DA:3,0
DA:4,0
DA:7,0
DA:9,0
DA:10,0
DA:13,0
DA:14,0
DA:17,0
DA:18,0
DA:19,0
DA:20,0
DA:22,0
DA:23,0
DA:26,0
DA:27,0
DA:28,0
DA:29,0
DA:30,0
DA:34,0
DA:35,0
DA:38,0
DA:39,0
DA:40,0
DA:42,0
DA:47,0
DA:48,0
DA:50,0
DA:53,0
DA:54,0
DA:55,0
DA:56,0
DA:57,0
DA:60,0
DA:61,0
DA:62,0
DA:65,0
DA:66,0
DA:67,0
DA:68,0
DA:70,0
DA:71,0
DA:72,0
DA:75,0
DA:76,0
DA:79,0
DA:80,0
DA:81,0
DA:82,0
DA:83,0
DA:84,0
DA:86,0
DA:87,0
DA:88,0
DA:89,0
DA:90,0
DA:96,0
DA:98,0
DA:99,0
DA:101,0
DA:102,0
DA:103,0
DA:106,0
DA:107,0
DA:108,0
DA:111,0
DA:112,0
DA:114,0
DA:115,0
DA:116,0
DA:117,0
DA:118,0
DA:122,0
DA:123,0
DA:125,0
DA:129,0
DA:130,0
DA:131,0
DA:132,0
DA:133,0
DA:134,0
DA:136,0
DA:143,0
DA:149,0
DA:150,0
DA:151,0
DA:152,0
DA:153,0
LF:89
LH:0
BRDA:3,0,0,0
BRDA:3,0,1,0
BRDA:7,1,0,0
BRDA:10,2,0,0
BRDA:10,2,1,0
BRDA:13,3,0,0
BRDA:14,4,0,0
BRDA:14,4,1,0
BRDA:17,5,0,0
BRDA:17,5,1,0
BRDA:19,6,0,0
BRDA:19,6,1,0
BRDA:20,7,0,0
BRDA:20,7,1,0
BRDA:22,8,0,0
BRDA:22,8,1,0
BRDA:26,9,0,0
BRDA:29,10,0,0
BRDA:29,10,1,0
BRDA:38,11,0,0
BRDA:38,11,1,0
BRDA:47,12,0,0
BRDA:47,12,1,0
BRDA:48,13,0,0
BRDA:48,13,1,0
BRDA:56,14,0,0
BRDA:56,14,1,0
BRDA:66,15,0,0
BRDA:66,15,1,0
BRDA:67,16,0,0
BRDA:67,16,1,0
BRDA:75,17,0,0
BRDA:75,17,1,0
BRDA:76,18,0,0
BRDA:76,18,1,0
BRDA:83,19,0,0
BRDA:83,19,1,0
BRDA:89,20,0,0
BRDA:89,20,1,0
BRDA:96,21,0,0
BRDA:96,21,1,0
BRDA:114,22,0,0
BRDA:114,22,1,0
BRDA:115,23,0,0
BRDA:115,23,1,0
BRDA:117,24,0,0
BRDA:117,24,1,0
BRDA:122,25,0,0
BRDA:122,25,1,0
BRDA:122,26,0,0
BRDA:122,26,1,0
BRDA:131,27,0,0
BRDA:131,27,1,0
BRDA:132,28,0,0
BRDA:132,28,1,0
BRDA:133,29,0,0
BRDA:133,29,1,0
BRDA:134,30,0,0
BRDA:134,30,1,0
BRF:59
BRH:0
end_of_record
TN:
SF:GPT3.5/ProjectTest/JS/original_fix/synergy/partial.js
FN:5,(anonymous_0)
FNF:1
FNH:0
FNDA:0,(anonymous_0)
DA:3,0
DA:5,0
DA:6,0
DA:7,0
LF:4
LH:0
BRDA:6,0,0,0
BRDA:6,0,1,0
BRF:2
BRH:0
end_of_record
TN:
SF:GPT3.5/ProjectTest/JS/original_fix/t_test/mean.js
FN:17,mean
FNF:1
FNH:0
FNDA:0,mean
DA:18,0
DA:19,0
DA:22,0
LF:3
LH:0
BRDA:18,0,0,0
BRDA:18,0,1,0
BRF:2
BRH:0
end_of_record
TN:
SF:GPT3.5/ProjectTest/JS/original_fix/t_test/standard_deviation.js
FN:19,standardDeviation
FNF:1
FNH:0
FNDA:0,standardDeviation
DA:20,0
DA:21,0
DA:23,0
DA:24,0
LF:4
LH:0
BRDA:20,0,0,0
BRDA:20,0,1,0
BRF:2
BRH:0
end_of_record
TN:
SF:GPT3.5/ProjectTest/JS/original_fix/t_test/sum.js
FN:19,sum
FNF:1
FNH:0
FNDA:0,sum
DA:21,0
DA:22,0
DA:26,0
DA:29,0
DA:33,0
DA:34,0
DA:37,0
DA:38,0
DA:39,0
DA:41,0
DA:45,0
DA:46,0
DA:48,0
DA:51,0
DA:55,0
LF:15
LH:0
BRDA:21,0,0,0
BRDA:21,0,1,0
BRDA:33,1,0,0
BRDA:33,1,1,0
BRDA:38,2,0,0
BRDA:38,2,1,0
BRDA:45,3,0,0
BRDA:45,3,1,0
BRF:8
BRH:0
end_of_record
TN:
SF:GPT3.5/ProjectTest/JS/original_fix/t_test/sum_nth_power_deviations.js
FN:18,sumNthPowerDeviations
FNF:1
FNH:0
FNDA:0,sumNthPowerDeviations
DA:19,0
DA:20,0
DA:27,0
DA:28,0
DA:29,0
DA:30,0
DA:33,0
DA:34,0
DA:38,0
LF:9
LH:0
BRDA:27,0,0,0
BRDA:27,0,1,0
BRF:2
BRH:0
end_of_record
TN:
SF:GPT3.5/ProjectTest/JS/original_fix/t_test/t_test.js
FN:21,tTest
FNF:1
FNH:0
FNDA:0,tTest
DA:23,0
DA:26,0
DA:29,0
DA:32,0
LF:4
LH:0
BRF:0
BRH:0
end_of_record
TN:
SF:GPT3.5/ProjectTest/JS/original_fix/t_test/variance.js
FN:17,variance
FNF:1
FNH:0
FNDA:0,variance
DA:18,0
DA:19,0
DA:24,0
LF:3
LH:0
BRDA:18,0,0,0
BRDA:18,0,1,0
BRF:2
BRH:0
end_of_record
TN:
SF:GPT3.5/ProjectTest/JS/original_fix/validate/map.js
FNF:0
FNH:0
DA:8,0
DA:11,0
LF:2
LH:0
BRF:0
BRH:0
end_of_record
TN:
SF:GPT3.5/ProjectTest/JS/original_fix/validate/validate.js
FN:14,(anonymous_0)
FNF:1
FNH:0
FNDA:0,(anonymous_0)
DA:14,0
DA:15,0
DA:16,0
DA:19,0
DA:20,0
DA:21,0
LF:6
LH:0
BRDA:15,0,0,0
BRDA:15,0,1,0
BRF:2
BRH:0
end_of_record
TN:
SF:GPT3.5/ProjectTest/JS/original_fix/zone/MathUtil.js
FN:12,(anonymous_0)
FN:16,(anonymous_1)
FN:21,(anonymous_2)
FN:25,(anonymous_3)
FN:29,(anonymous_4)
FN:31,(anonymous_5)
FN:36,(anonymous_6)
FN:40,(anonymous_7)
FNF:8
FNH:0
FNDA:0,(anonymous_0)
FNDA:0,(anonymous_1)
FNDA:0,(anonymous_2)
FNDA:0,(anonymous_3)
FNDA:0,(anonymous_4)
FNDA:0,(anonymous_5)
FNDA:0,(anonymous_6)
FNDA:0,(anonymous_7)
DA:1,0
DA:2,0
DA:4,0
DA:13,0
DA:17,0
DA:18,0
DA:22,0
DA:26,0
DA:32,0
DA:33,0
DA:37,0
DA:41,0
LF:12
LH:0
BRDA:13,0,0,0
BRDA:13,0,1,0
BRDA:16,1,0,0
BRDA:17,2,0,0
BRDA:17,2,1,0
BRDA:31,3,0,0
BRF:6
BRH:0
end_of_record
TN:
SF:GPT3.5/ProjectTest/JS/original_fix/zone/Vector2D.js
FN:4,(anonymous_0)
FN:9,(anonymous_1)
FN:15,(anonymous_2)
FN:20,(anonymous_3)
FN:25,(anonymous_4)
FN:31,(anonymous_5)
FN:38,(anonymous_6)
FN:49,(anonymous_7)
FN:56,(anonymous_8)
FN:63,(anonymous_9)
FN:74,(anonymous_10)
FN:81,(anonymous_11)
FN:92,(anonymous_12)
FN:99,(anonymous_13)
FN:103,(anonymous_14)
FN:107,(anonymous_15)
FN:111,(anonymous_16)
FN:115,(anonymous_17)
FN:119,(anonymous_18)
FN:123,(anonymous_19)
FN:133,(anonymous_20)
FN:140,(anonymous_21)
FN:147,(anonymous_22)
FN:151,(anonymous_23)
FN:157,(anonymous_24)
FNF:25
FNH:0
FNDA:0,(anonymous_0)
FNDA:0,(anonymous_1)
FNDA:0,(anonymous_2)
FNDA:0,(anonymous_3)
FNDA:0,(anonymous_4)
FNDA:0,(anonymous_5)
FNDA:0,(anonymous_6)
FNDA:0,(anonymous_7)
FNDA:0,(anonymous_8)
FNDA:0,(anonymous_9)
FNDA:0,(anonymous_10)
FNDA:0,(anonymous_11)
FNDA:0,(anonymous_12)
FNDA:0,(anonymous_13)
FNDA:0,(anonymous_14)
FNDA:0,(anonymous_15)
FNDA:0,(anonymous_16)
FNDA:0,(anonymous_17)
FNDA:0,(anonymous_18)
FNDA:0,(anonymous_19)
FNDA:0,(anonymous_20)
FNDA:0,(anonymous_21)
FNDA:0,(anonymous_22)
FNDA:0,(anonymous_23)
FNDA:0,(anonymous_24)
DA:5,0
DA:6,0
DA:10,0
DA:11,0
DA:12,0
DA:16,0
DA:17,0
DA:21,0
DA:22,0
DA:26,0
DA:27,0
DA:28,0
DA:32,0
DA:33,0
DA:35,0
DA:39,0
DA:40,0
DA:43,0
DA:44,0
DA:46,0
DA:50,0
DA:51,0
DA:53,0
DA:57,0
DA:58,0
DA:60,0
DA:64,0
DA:65,0
DA:68,0
DA:69,0
DA:71,0
DA:75,0
DA:76,0
DA:78,0
DA:82,0
DA:83,0
DA:84,0
DA:86,0
DA:89,0
DA:93,0
DA:94,0
DA:96,0
DA:100,0
DA:104,0
DA:108,0
DA:112,0
DA:116,0
DA:120,0
DA:124,0
DA:125,0
DA:127,0
DA:128,0
DA:130,0
DA:134,0
DA:135,0
DA:137,0
DA:141,0
DA:142,0
DA:144,0
DA:148,0
DA:152,0
DA:153,0
DA:154,0
DA:158,0
LF:64
LH:0
BRDA:5,0,0,0
BRDA:5,0,1,0
BRDA:6,1,0,0
BRDA:6,1,1,0
BRDA:26,2,0,0
BRDA:26,2,1,0
BRDA:27,3,0,0
BRDA:27,3,1,0
BRDA:28,4,0,0
BRDA:28,4,1,0
BRDA:39,5,0,0
BRDA:39,5,1,0
BRDA:64,6,0,0
BRDA:64,6,1,0
BRDA:82,7,0,0
BRDA:82,7,1,0
BRDA:148,8,0,0
BRDA:148,8,1,0
BRF:18
BRH:0
end_of_record
TN:
SF:GPT3.5/ProjectTest/JS/original_fix/zone/Zone.js
FN:4,(anonymous_0)
FN:11,(anonymous_1)
FN:13,(anonymous_2)
FN:15,(anonymous_3)
FNF:4
FNH:0
FNDA:0,(anonymous_0)
FNDA:0,(anonymous_1)
FNDA:0,(anonymous_2)
FNDA:0,(anonymous_3)
DA:5,0
DA:6,0
DA:7,0
DA:8,0
DA:16,0
LF:5
LH:0
BRF:0
BRH:0
end_of_record
TN:
SF:coverage/lcov-report/block-navigation.js
FN:2,init
FN:24,toggleClass
FN:31,makeCurrent
FN:41,goToPrevious
FN:52,goToNext
FN:65,jump
FNF:6
FNH:0
FNDA:0,init
FNDA:0,toggleClass
FNDA:0,makeCurrent
FNDA:0,goToPrevious
FNDA:0,goToNext
FNDA:0,jump
DA:2,0
DA:4,0
DA:7,0
DA:10,0
DA:14,0
DA:20,0
DA:25,0
DA:28,0
DA:32,0
DA:33,0
DA:34,0
DA:42,0
DA:43,0
DA:44,0
DA:45,0
DA:46,0
DA:49,0
DA:53,0
DA:55,0
DA:59,0
DA:62,0
DA:65,0
DA:66,0
DA:71,0
DA:74,0
DA:77,0
DA:78,0
DA:82,0
DA:83,0
DA:87,0
LF:30
LH:0
BRDA:43,0,0,0
BRDA:43,0,1,0
BRDA:43,1,0,0
BRDA:43,1,1,0
BRDA:45,2,0,0
BRDA:45,2,1,0
BRDA:55,3,0,0
BRDA:55,3,1,0
BRDA:56,4,0,0
BRDA:56,4,1,0
BRDA:66,5,0,0
BRDA:66,5,1,0
BRDA:67,6,0,0
BRDA:67,6,1,0
BRDA:74,7,0,0
BRDA:74,7,1,0
BRDA:74,7,2,0
BRDA:74,7,3,0
BRDA:74,7,4,0
BRF:19
BRH:0
end_of_record
TN:
SF:coverage/lcov-report/prettify.js
FN:2,(anonymous_0)
FN:2,k
FN:2,ab
FN:2,T
FN:2,X
FN:2,(anonymous_5)
FN:2,W
FN:2,(anonymous_7)
FN:2,a
FN:2,aa
FN:2,B
FN:2,o
FN:2,g
FN:2,(anonymous_13)
FN:2,(anonymous_14)
FN:2,i
FN:2,Q
FN:2,ae
FN:2,ad
FN:2,ai
FN:2,D
FN:2,c
FN:2,q
FN:2,d
FN:2,y
FN:2,b
FN:2,Y
FN:2,(anonymous_27)
FN:2,U
FNF:29
FNH:0
FNDA:0,(anonymous_0)
FNDA:0,k
FNDA:0,ab
FNDA:0,T
FNDA:0,X
FNDA:0,(anonymous_5)
FNDA:0,W
FNDA:0,(anonymous_7)
FNDA:0,a
FNDA:0,aa
FNDA:0,B
FNDA:0,o
FNDA:0,g
FNDA:0,(anonymous_13)
FNDA:0,(anonymous_14)
FNDA:0,i
FNDA:0,Q
FNDA:0,ae
FNDA:0,ad
FNDA:0,ai
FNDA:0,D
FNDA:0,c
FNDA:0,q
FNDA:0,d
FNDA:0,y
FNDA:0,b
FNDA:0,Y
FNDA:0,(anonymous_27)
FNDA:0,U
DA:2,0
LF:1
LH:0
BRDA:2,0,0,0
BRDA:2,0,1,0
BRDA:2,1,0,0
BRDA:2,1,1,0
BRDA:2,2,0,0
BRDA:2,2,1,0
BRDA:2,3,0,0
BRDA:2,3,1,0
BRDA:2,4,0,0
BRDA:2,4,1,0
BRDA:2,5,0,0
BRDA:2,5,1,0
BRDA:2,6,0,0
BRDA:2,6,1,0
BRDA:2,7,0,0
BRDA:2,7,1,0
BRDA:2,8,0,0
BRDA:2,8,1,0
BRDA:2,9,0,0
BRDA:2,9,1,0
BRDA:2,10,0,0
BRDA:2,10,1,0
BRDA:2,11,0,0
BRDA:2,11,1,0
BRDA:2,11,2,0
BRDA:2,11,3,0
BRDA:2,12,0,0
BRDA:2,12,1,0
BRDA:2,13,0,0
BRDA:2,13,1,0
BRDA:2,14,0,0
BRDA:2,14,1,0
BRDA:2,15,0,0
BRDA:2,15,1,0
BRDA:2,16,0,0
BRDA:2,16,1,0
BRDA:2,17,0,0
BRDA:2,17,1,0
BRDA:2,18,0,0
BRDA:2,18,1,0
BRDA:2,19,0,0
BRDA:2,19,1,0
BRDA:2,20,0,0
BRDA:2,20,1,0
BRDA:2,21,0,0
BRDA:2,21,1,0
BRDA:2,22,0,0
BRDA:2,22,1,0
BRDA:2,23,0,0
BRDA:2,23,1,0
BRDA:2,24,0,0
BRDA:2,24,1,0
BRDA:2,25,0,0
BRDA:2,25,1,0
BRDA:2,26,0,0
BRDA:2,26,1,0
BRDA:2,27,0,0
BRDA:2,27,1,0
BRDA:2,28,0,0
BRDA:2,28,1,0
BRDA:2,29,0,0
BRDA:2,29,1,0
BRDA:2,30,0,0
BRDA:2,30,1,0
BRDA:2,31,0,0
BRDA:2,31,1,0
BRDA:2,32,0,0
BRDA:2,32,1,0
BRDA:2,33,0,0
BRDA:2,33,1,0
BRDA:2,34,0,0
BRDA:2,34,1,0
BRDA:2,35,0,0
BRDA:2,35,1,0
BRDA:2,36,0,0
BRDA:2,36,1,0
BRDA:2,37,0,0
BRDA:2,37,1,0
BRDA:2,38,0,0
BRDA:2,38,1,0
BRDA:2,39,0,0
BRDA:2,39,1,0
BRDA:2,40,0,0
BRDA:2,40,1,0
BRDA:2,41,0,0
BRDA:2,41,1,0
BRDA:2,42,0,0
BRDA:2,42,1,0
BRDA:2,43,0,0
BRDA:2,43,1,0
BRDA:2,44,0,0
BRDA:2,44,1,0
BRDA:2,45,0,0
BRDA:2,45,1,0
BRDA:2,46,0,0
BRDA:2,46,1,0
BRDA:2,47,0,0
BRDA:2,47,1,0
BRDA:2,48,0,0
BRDA:2,48,1,0
BRDA:2,49,0,0
BRDA:2,49,1,0
BRDA:2,50,0,0
BRDA:2,50,1,0
BRDA:2,50,2,0
BRDA:2,51,0,0
BRDA:2,51,1,0
BRDA:2,52,0,0
BRDA:2,52,1,0
BRDA:2,53,0,0
BRDA:2,53,1,0
BRDA:2,54,0,0
BRDA:2,54,1,0
BRDA:2,55,0,0
BRDA:2,55,1,0
BRDA:2,56,0,0
BRDA:2,56,1,0
BRDA:2,57,0,0
BRDA:2,57,1,0
BRDA:2,58,0,0
BRDA:2,58,1,0
BRDA:2,59,0,0
BRDA:2,59,1,0
BRDA:2,60,0,0
BRDA:2,60,1,0
BRDA:2,61,0,0
BRDA:2,61,1,0
BRDA:2,62,0,0
BRDA:2,62,1,0
BRDA:2,63,0,0
BRDA:2,63,1,0
BRDA:2,64,0,0
BRDA:2,64,1,0
BRDA:2,65,0,0
BRDA:2,65,1,0
BRDA:2,66,0,0
BRDA:2,66,1,0
BRDA:2,67,0,0
BRDA:2,67,1,0
BRDA:2,68,0,0
BRDA:2,68,1,0
BRDA:2,69,0,0
BRDA:2,69,1,0
BRDA:2,70,0,0
BRDA:2,70,1,0
BRDA:2,71,0,0
BRDA:2,71,1,0
BRDA:2,72,0,0
BRDA:2,72,1,0
BRDA:2,73,0,0
BRDA:2,73,1,0
BRDA:2,74,0,0
BRDA:2,74,1,0
BRDA:2,75,0,0
BRDA:2,75,1,0
BRDA:2,76,0,0
BRDA:2,76,1,0
BRDA:2,77,0,0
BRDA:2,77,1,0
BRDA:2,78,0,0
BRDA:2,78,1,0
BRDA:2,79,0,0
BRDA:2,79,1,0
BRDA:2,80,0,0
BRDA:2,80,1,0
BRDA:2,81,0,0
BRDA:2,81,1,0
BRDA:2,82,0,0
BRDA:2,82,1,0
BRDA:2,83,0,0
BRDA:2,83,1,0
BRDA:2,84,0,0
BRDA:2,84,1,0
BRDA:2,85,0,0
BRDA:2,85,1,0
BRDA:2,86,0,0
BRDA:2,86,1,0
BRDA:2,87,0,0
BRDA:2,87,1,0
BRDA:2,88,0,0
BRDA:2,88,1,0
BRDA:2,89,0,0
BRDA:2,89,1,0
BRDA:2,89,2,0
BRDA:2,90,0,0
BRDA:2,90,1,0
BRDA:2,91,0,0
BRDA:2,91,1,0
BRDA:2,92,0,0
BRDA:2,92,1,0
BRDA:2,93,0,0
BRDA:2,93,1,0
BRDA:2,94,0,0
BRDA:2,94,1,0
BRDA:2,95,0,0
BRDA:2,95,1,0
BRDA:2,96,0,0
BRDA:2,96,1,0
BRDA:2,97,0,0
BRDA:2,97,1,0
BRDA:2,98,0,0
BRDA:2,98,1,0
BRDA:2,99,0,0
BRDA:2,99,1,0
BRDA:2,100,0,0
BRDA:2,100,1,0
BRDA:2,101,0,0
BRDA:2,101,1,0
BRDA:2,102,0,0
BRDA:2,102,1,0
BRDA:2,103,0,0
BRDA:2,103,1,0
BRDA:2,104,0,0
BRDA:2,104,1,0
BRDA:2,105,0,0
BRDA:2,105,1,0
BRDA:2,106,0,0
BRDA:2,106,1,0
BRDA:2,107,0,0
BRDA:2,107,1,0
BRDA:2,108,0,0
BRDA:2,108,1,0
BRDA:2,109,0,0
BRDA:2,109,1,0
BRDA:2,110,0,0
BRDA:2,110,1,0
BRDA:2,111,0,0
BRDA:2,111,1,0
BRDA:2,112,0,0
BRDA:2,112,1,0
BRDA:2,113,0,0
BRDA:2,113,1,0
BRDA:2,114,0,0
BRDA:2,114,1,0
BRDA:2,115,0,0
BRDA:2,115,1,0
BRDA:2,116,0,0
BRDA:2,116,1,0
BRDA:2,117,0,0
BRDA:2,117,1,0
BRDA:2,118,0,0
BRDA:2,118,1,0
BRDA:2,119,0,0
BRDA:2,119,1,0
BRDA:2,120,0,0
BRDA:2,120,1,0
BRDA:2,121,0,0
BRDA:2,121,1,0
BRDA:2,122,0,0
BRDA:2,122,1,0
BRDA:2,123,0,0
BRDA:2,123,1,0
BRDA:2,124,0,0
BRDA:2,124,1,0
BRDA:2,125,0,0
BRDA:2,125,1,0
BRDA:2,126,0,0
BRDA:2,126,1,0
BRDA:2,127,0,0
BRDA:2,127,1,0
BRDA:2,128,0,0
BRDA:2,128,1,0
BRDA:2,128,2,0
BRDA:2,129,0,0
BRDA:2,129,1,0
BRDA:2,130,0,0
BRDA:2,130,1,0
BRDA:2,131,0,0
BRDA:2,131,1,0
BRDA:2,131,2,0
BRDA:2,131,3,0
BRDA:2,131,4,0
BRDA:2,132,0,0
BRDA:2,132,1,0
BRDA:2,133,0,0
BRDA:2,133,1,0
BRDA:2,134,0,0
BRDA:2,134,1,0
BRDA:2,135,0,0
BRDA:2,135,1,0
BRDA:2,136,0,0
BRDA:2,136,1,0
BRDA:2,137,0,0
BRDA:2,137,1,0
BRDA:2,138,0,0
BRDA:2,138,1,0
BRF:286
BRH:0
end_of_record
TN:
SF:coverage/lcov-report/sorter.js
FN:2,(anonymous_0)
FN:11,getTable
FN:15,getTableHeader
FN:19,getTableBody
FN:23,getNthColumn
FN:27,onFilterInput
FN:45,addSearchBox
FN:53,loadColumns
FN:78,loadRowData
FN:97,loadData
FN:106,sortByIndex
FN:108,(anonymous_11)
FN:120,(anonymous_12)
FN:137,removeSortIndicators
FN:145,addSortIndicators
FN:151,enableUI
FN:154,ithSorter
FN:157,(anonymous_17)
FN:184,(anonymous_18)
FNF:19
FNH:0
FNDA:0,(anonymous_0)
FNDA:0,getTable
FNDA:0,getTableHeader
FNDA:0,getTableBody
FNDA:0,getNthColumn
FNDA:0,onFilterInput
FNDA:0,addSearchBox
FNDA:0,loadColumns
FNDA:0,loadRowData
FNDA:0,loadData
FNDA:0,sortByIndex
FNDA:0,(anonymous_11)
FNDA:0,(anonymous_12)
FNDA:0,removeSortIndicators
FNDA:0,addSortIndicators
FNDA:0,enableUI
FNDA:0,ithSorter
FNDA:0,(anonymous_17)
FNDA:0,(anonymous_18)
DA:2,0
DA:5,0
DA:12,0
DA:16,0
DA:20,0
DA:24,0
DA:28,0
DA:29,0
DA:30,0
DA:31,0
DA:32,0
DA:37,0
DA:39,0
DA:46,0
DA:47,0
DA:48,0
DA:49,0
DA:54,0
DA:56,0
DA:60,0
DA:61,0
DA:62,0
DA:67,0
DA:68,0
DA:69,0
DA:70,0
DA:74,0
DA:79,0
DA:82,0
DA:85,0
DA:86,0
DA:87,0
DA:88,0
DA:89,0
DA:90,0
DA:92,0
DA:94,0
DA:98,0
DA:101,0
DA:102,0
DA:107,0
DA:108,0
DA:109,0
DA:110,0
DA:111,0
DA:113,0
DA:114,0
DA:115,0
DA:116,0
DA:119,0
DA:120,0
DA:121,0
DA:125,0
DA:126,0
DA:127,0
DA:130,0
DA:132,0
DA:133,0
DA:138,0
DA:139,0
DA:141,0
DA:142,0
DA:146,0
DA:154,0
DA:155,0
DA:157,0
DA:158,0
DA:160,0
DA:161,0
DA:163,0
DA:164,0
DA:165,0
DA:166,0
DA:167,0
DA:170,0
DA:171,0
DA:174,0
DA:175,0
DA:176,0
DA:178,0
DA:184,0
DA:185,0
DA:186,0
DA:188,0
DA:189,0
DA:190,0
DA:191,0
DA:192,0
DA:196,0
LF:89
LH:0
BRDA:32,0,0,0
BRDA:32,0,1,0
BRDA:65,1,0,0
BRDA:65,1,1,0
BRDA:68,2,0,0
BRDA:68,2,1,0
BRDA:89,3,0,0
BRDA:89,3,1,0
BRDA:111,4,0,0
BRDA:111,4,1,0
BRDA:111,5,0,0
BRDA:111,5,1,0
BRDA:119,6,0,0
BRDA:119,6,1,0
BRDA:146,7,0,0
BRDA:146,7,1,0
BRDA:160,8,0,0
BRDA:160,8,1,0
BRDA:171,9,0,0
BRDA:171,9,1,0
BRDA:175,10,0,0
BRDA:175,10,1,0
BRDA:185,11,0,0
BRDA:185,11,1,0
BRF:24
BRH:0
end_of_record
