[[1;34mINFO[m] Scanning for projects...
[[1;34mINFO[m] 
[[1;34mINFO[m] [1m-------< [0;36mspringmicrometerundertow:o1springmicrometerundertow[0;1m >-------[m
[[1;34mINFO[m] [1mBuilding o1springmicrometerundertow 1.0-SNAPSHOT[m
[[1;34mINFO[m] [1m--------------------------------[ jar ]---------------------------------[m
[[1;34mINFO[m] 
[[1;34mINFO[m] [1m--- [0;32mmaven-clean-plugin:3.3.2:clean[m [1m(default-clean)[m @ [36mo1springmicrometerundertow[0;1m ---[m
[[1;34mINFO[m] Deleting /home/yibo/Desktop/TestGeneration/PyUnit/javatest/O1/abcd_without/o1_springmicrometerundertow/target
[[1;34mINFO[m] 
[[1;34mINFO[m] [1m--- [0;32mjacoco-maven-plugin:0.8.8:prepare-agent[m [1m(default-prepare-agent)[m @ [36mo1springmicrometerundertow[0;1m ---[m
[[1;34mINFO[m] argLine set to -javaagent:/home/yibo/.m2/repository/org/jacoco/org.jacoco.agent/0.8.8/org.jacoco.agent-0.8.8-runtime.jar=destfile=/home/yibo/Desktop/TestGeneration/PyUnit/javatest/O1/abcd_without/o1_springmicrometerundertow/target/jacoco.exec
[[1;34mINFO[m] 
[[1;34mINFO[m] [1m--- [0;32mmaven-resources-plugin:3.3.1:resources[m [1m(default-resources)[m @ [36mo1springmicrometerundertow[0;1m ---[m
[[1;34mINFO[m] skip non existing resourceDirectory /home/yibo/Desktop/TestGeneration/PyUnit/javatest/O1/abcd_without/o1_springmicrometerundertow/src/main/resources
[[1;34mINFO[m] skip non existing resourceDirectory /home/yibo/Desktop/TestGeneration/PyUnit/javatest/O1/abcd_without/o1_springmicrometerundertow/src/main/resources
[[1;34mINFO[m] 
[[1;34mINFO[m] [1m--- [0;32mmaven-compiler-plugin:3.11.0:compile[m [1m(default-compile)[m @ [36mo1springmicrometerundertow[0;1m ---[m
[[1;34mINFO[m] Changes detected - recompiling the module! :source
[[1;34mINFO[m] Compiling 3 source files with javac [debug release 17] to target/classes
[[1;34mINFO[m] 
[[1;34mINFO[m] [1m--- [0;32mmaven-resources-plugin:3.3.1:testResources[m [1m(default-testResources)[m @ [36mo1springmicrometerundertow[0;1m ---[m
[[1;34mINFO[m] skip non existing resourceDirectory /home/yibo/Desktop/TestGeneration/PyUnit/javatest/O1/abcd_without/o1_springmicrometerundertow/src/test/resources
[[1;34mINFO[m] 
[[1;34mINFO[m] [1m--- [0;32mmaven-compiler-plugin:3.11.0:testCompile[m [1m(default-testCompile)[m @ [36mo1springmicrometerundertow[0;1m ---[m
[[1;34mINFO[m] Changes detected - recompiling the module! :dependency
[[1;34mINFO[m] Compiling 1 source file with javac [debug release 17] to target/test-classes
[[1;34mINFO[m] Some messages have been simplified; recompile with -Xdiags:verbose to get full output
[[1;34mINFO[m] -------------------------------------------------------------
[[1;31mERROR[m] COMPILATION ERROR : 
[[1;34mINFO[m] -------------------------------------------------------------
[[1;31mERROR[m] /home/yibo/Desktop/TestGeneration/PyUnit/javatest/O1/abcd_without/o1_springmicrometerundertow/src/test/java/projecteval/springmicrometerundertow/springmicrometerundertow0.java:[141,45] method register in class io.micrometer.core.instrument.MeterRegistry cannot be applied to given types;
  required: io.micrometer.core.instrument.Meter.Id,io.micrometer.core.instrument.Meter.Type,java.lang.Iterable<io.micrometer.core.instrument.Measurement>
  found:    io.micrometer.core.instrument.FunctionTimer
  reason: actual and formal argument lists differ in length
[[1;31mERROR[m] /home/yibo/Desktop/TestGeneration/PyUnit/javatest/O1/abcd_without/o1_springmicrometerundertow/src/test/java/projecteval/springmicrometerundertow/springmicrometerundertow0.java:[141,58] incompatible types: inference variable T has incompatible bounds
    equality constraints: io.micrometer.core.instrument.FunctionTimer
    lower bounds: io.micrometer.core.instrument.Meter.Id,java.lang.Object
[[1;31mERROR[m] /home/yibo/Desktop/TestGeneration/PyUnit/javatest/O1/abcd_without/o1_springmicrometerundertow/src/test/java/projecteval/springmicrometerundertow/springmicrometerundertow0.java:[143,45] method register in class io.micrometer.core.instrument.MeterRegistry cannot be applied to given types;
  required: io.micrometer.core.instrument.Meter.Id,io.micrometer.core.instrument.Meter.Type,java.lang.Iterable<io.micrometer.core.instrument.Measurement>
  found:    io.micrometer.core.instrument.TimeGauge
  reason: actual and formal argument lists differ in length
[[1;31mERROR[m] /home/yibo/Desktop/TestGeneration/PyUnit/javatest/O1/abcd_without/o1_springmicrometerundertow/src/test/java/projecteval/springmicrometerundertow/springmicrometerundertow0.java:[143,58] incompatible types: inference variable T has incompatible bounds
    equality constraints: io.micrometer.core.instrument.TimeGauge
    lower bounds: io.micrometer.core.instrument.Meter.Id,java.lang.Object
[[1;31mERROR[m] /home/yibo/Desktop/TestGeneration/PyUnit/javatest/O1/abcd_without/o1_springmicrometerundertow/src/test/java/projecteval/springmicrometerundertow/springmicrometerundertow0.java:[145,45] method register in class io.micrometer.core.instrument.MeterRegistry cannot be applied to given types;
  required: io.micrometer.core.instrument.Meter.Id,io.micrometer.core.instrument.Meter.Type,java.lang.Iterable<io.micrometer.core.instrument.Measurement>
  found:    io.micrometer.core.instrument.FunctionCounter
  reason: actual and formal argument lists differ in length
[[1;31mERROR[m] /home/yibo/Desktop/TestGeneration/PyUnit/javatest/O1/abcd_without/o1_springmicrometerundertow/src/test/java/projecteval/springmicrometerundertow/springmicrometerundertow0.java:[145,58] incompatible types: inference variable T has incompatible bounds
    equality constraints: io.micrometer.core.instrument.FunctionCounter
    lower bounds: io.micrometer.core.instrument.Meter.Id,java.lang.Object
[[1;34mINFO[m] 6 errors 
[[1;34mINFO[m] -------------------------------------------------------------
[[1;34mINFO[m] [1m------------------------------------------------------------------------[m
[[1;34mINFO[m] [1;31mBUILD FAILURE[m
[[1;34mINFO[m] [1m------------------------------------------------------------------------[m
[[1;34mINFO[m] Total time:  1.526 s
[[1;34mINFO[m] Finished at: 2025-02-04T17:57:50-06:00
[[1;34mINFO[m] [1m------------------------------------------------------------------------[m
[[1;31mERROR[m] Failed to execute goal [32morg.apache.maven.plugins:maven-compiler-plugin:3.11.0:testCompile[m [1m(default-testCompile)[m on project [36mo1springmicrometerundertow[m: [1;31mCompilation failure[m: Compilation failure: 
[[1;31mERROR[m] /home/yibo/Desktop/TestGeneration/PyUnit/javatest/O1/abcd_without/o1_springmicrometerundertow/src/test/java/projecteval/springmicrometerundertow/springmicrometerundertow0.java:[141,45] method register in class io.micrometer.core.instrument.MeterRegistry cannot be applied to given types;
[[1;31mERROR[m]   required: io.micrometer.core.instrument.Meter.Id,io.micrometer.core.instrument.Meter.Type,java.lang.Iterable<io.micrometer.core.instrument.Measurement>
[[1;31mERROR[m]   found:    io.micrometer.core.instrument.FunctionTimer
[[1;31mERROR[m]   reason: actual and formal argument lists differ in length
[[1;31mERROR[m] /home/yibo/Desktop/TestGeneration/PyUnit/javatest/O1/abcd_without/o1_springmicrometerundertow/src/test/java/projecteval/springmicrometerundertow/springmicrometerundertow0.java:[141,58] incompatible types: inference variable T has incompatible bounds
[[1;31mERROR[m]     equality constraints: io.micrometer.core.instrument.FunctionTimer
[[1;31mERROR[m]     lower bounds: io.micrometer.core.instrument.Meter.Id,java.lang.Object
[[1;31mERROR[m] /home/yibo/Desktop/TestGeneration/PyUnit/javatest/O1/abcd_without/o1_springmicrometerundertow/src/test/java/projecteval/springmicrometerundertow/springmicrometerundertow0.java:[143,45] method register in class io.micrometer.core.instrument.MeterRegistry cannot be applied to given types;
[[1;31mERROR[m]   required: io.micrometer.core.instrument.Meter.Id,io.micrometer.core.instrument.Meter.Type,java.lang.Iterable<io.micrometer.core.instrument.Measurement>
[[1;31mERROR[m]   found:    io.micrometer.core.instrument.TimeGauge
[[1;31mERROR[m]   reason: actual and formal argument lists differ in length
[[1;31mERROR[m] /home/yibo/Desktop/TestGeneration/PyUnit/javatest/O1/abcd_without/o1_springmicrometerundertow/src/test/java/projecteval/springmicrometerundertow/springmicrometerundertow0.java:[143,58] incompatible types: inference variable T has incompatible bounds
[[1;31mERROR[m]     equality constraints: io.micrometer.core.instrument.TimeGauge
[[1;31mERROR[m]     lower bounds: io.micrometer.core.instrument.Meter.Id,java.lang.Object
[[1;31mERROR[m] /home/yibo/Desktop/TestGeneration/PyUnit/javatest/O1/abcd_without/o1_springmicrometerundertow/src/test/java/projecteval/springmicrometerundertow/springmicrometerundertow0.java:[145,45] method register in class io.micrometer.core.instrument.MeterRegistry cannot be applied to given types;
[[1;31mERROR[m]   required: io.micrometer.core.instrument.Meter.Id,io.micrometer.core.instrument.Meter.Type,java.lang.Iterable<io.micrometer.core.instrument.Measurement>
[[1;31mERROR[m]   found:    io.micrometer.core.instrument.FunctionCounter
[[1;31mERROR[m]   reason: actual and formal argument lists differ in length
[[1;31mERROR[m] /home/yibo/Desktop/TestGeneration/PyUnit/javatest/O1/abcd_without/o1_springmicrometerundertow/src/test/java/projecteval/springmicrometerundertow/springmicrometerundertow0.java:[145,58] incompatible types: inference variable T has incompatible bounds
[[1;31mERROR[m]     equality constraints: io.micrometer.core.instrument.FunctionCounter
[[1;31mERROR[m]     lower bounds: io.micrometer.core.instrument.Meter.Id,java.lang.Object
[[1;31mERROR[m] -> [1m[Help 1][m
[[1;31mERROR[m] 
[[1;31mERROR[m] To see the full stack trace of the errors, re-run Maven with the [1m-e[m switch.
[[1;31mERROR[m] Re-run Maven using the [1m-X[m switch to enable full debug logging.
[[1;31mERROR[m] 
[[1;31mERROR[m] For more information about the errors and possible solutions, please read the following articles:
[[1;31mERROR[m] [1m[Help 1][m http://cwiki.apache.org/confluence/display/MAVEN/MojoFailureException
