-------------------------------------------------------------------------------
Test set: projecteval.springuploads3.service.S3StorageServiceTest$DownloadTests
-------------------------------------------------------------------------------
Tests run: 3, Failures: 2, Errors: 0, Skipped: 0, Time elapsed: 0.113 s <<< FAILURE! - in projecteval.springuploads3.service.S3StorageServiceTest$DownloadTests
projecteval.springuploads3.service.S3StorageServiceTest.testBucketInitialization_CreatesBucketIfNotExist  Time elapsed: 1.063 s  <<< FAILURE!
org.mockito.exceptions.verification.TooManyActualInvocations: 

amazonS3.createBucket("test-bucket");
Wanted 1 time:
-> at projecteval.springuploads3.service.S3StorageServiceTest.testBucketInitialization_CreatesBucketIfNotExist(springuploads30.java:55)
But was 2 times:
-> at projecteval.springuploads3.service.S3StorageService.initializeBucket(S3StorageService.java:64)
-> at projecteval.springuploads3.service.S3StorageService.initializeBucket(S3StorageService.java:64)


	at projecteval.springuploads3.service.S3StorageServiceTest.testBucketInitialization_CreatesBucketIfNotExist(springuploads30.java:55)
	at java.base/java.lang.reflect.Method.invoke(Method.java:569)
	at java.base/java.util.ArrayList.forEach(ArrayList.java:1511)
	at java.base/java.util.ArrayList.forEach(ArrayList.java:1511)

projecteval.springuploads3.service.S3StorageServiceTest.testBucketInitialization_DoesNotCreateBucketIfExist  Time elapsed: 0.003 s  <<< FAILURE!
org.mockito.exceptions.verification.NeverWantedButInvoked: 

amazonS3.createBucket("test-bucket");
Never wanted here:
-> at projecteval.springuploads3.service.S3StorageServiceTest.testBucketInitialization_DoesNotCreateBucketIfExist(springuploads30.java:65)
But invoked here:
-> at projecteval.springuploads3.service.S3StorageService.initializeBucket(S3StorageService.java:64) with arguments: [test-bucket]

	at projecteval.springuploads3.service.S3StorageServiceTest.testBucketInitialization_DoesNotCreateBucketIfExist(springuploads30.java:65)
	at java.base/java.lang.reflect.Method.invoke(Method.java:569)
	at java.base/java.util.ArrayList.forEach(ArrayList.java:1511)
	at java.base/java.util.ArrayList.forEach(ArrayList.java:1511)

