-------------------------------------------------------------------------------
Test set: projecteval.springuploads3.service.S3StorageServiceTest$UploadTests
-------------------------------------------------------------------------------
Tests run: 1, Failures: 0, Errors: 1, Skipped: 0, Time elapsed: 0.009 s <<< FAILURE! - in projecteval.springuploads3.service.S3StorageServiceTest$UploadTests
projecteval.springuploads3.service.S3StorageServiceTest$UploadTests.testUploadSuccess  Time elapsed: 0.009 s  <<< ERROR!
org.mockito.exceptions.misusing.UnnecessaryStubbingException: 

Unnecessary stubbings detected.
Clean & maintainable test code requires zero unnecessary code.
Following stubbings are unnecessary (click to navigate to relevant line of code):
  1. -> at projecteval.springuploads3.service.S3StorageServiceTest$UploadTests.testUploadSuccess(springuploads30.java:79)
Please remove unnecessary stubbings or use 'lenient' strictness. More info: javadoc for UnnecessaryStubbingException class.
	at org.mockito.junit.jupiter.MockitoExtension.afterEach(MockitoExtension.java:197)
	at java.base/java.util.ArrayList.forEach(ArrayList.java:1511)
	at java.base/java.util.ArrayList.forEach(ArrayList.java:1511)
	at java.base/java.util.ArrayList.forEach(ArrayList.java:1511)
	at java.base/java.util.ArrayList.forEach(ArrayList.java:1511)

