[[1;34mINFO[m] Scanning for projects...
[[1;34mINFO[m] 
[[1;34mINFO[m] [1m---------------------< [0;36mSimpleChat:o1SimpleChat[0;1m >---------------------[m
[[1;34mINFO[m] [1mBuilding o1SimpleChat 1.0-SNAPSHOT[m
[[1;34mINFO[m] [1m--------------------------------[ jar ]---------------------------------[m
[[1;34mINFO[m] 
[[1;34mINFO[m] [1m--- [0;32mmaven-clean-plugin:2.5:clean[m [1m(default-clean)[m @ [36mo1SimpleChat[0;1m ---[m
[[1;34mINFO[m] Deleting /home/yibo/Desktop/TestGeneration/PyUnit/javatest/O1/abcd_without/o1_SimpleChat/target
[[1;34mINFO[m] 
[[1;34mINFO[m] [1m--- [0;32mjacoco-maven-plugin:0.8.8:prepare-agent[m [1m(default-prepare-agent)[m @ [36mo1SimpleChat[0;1m ---[m
[[1;34mINFO[m] argLine set to -javaagent:/home/yibo/.m2/repository/org/jacoco/org.jacoco.agent/0.8.8/org.jacoco.agent-0.8.8-runtime.jar=destfile=/home/yibo/Desktop/TestGeneration/PyUnit/javatest/O1/abcd_without/o1_SimpleChat/target/jacoco.exec
[[1;34mINFO[m] 
[[1;34mINFO[m] [1m--- [0;32mmaven-resources-plugin:2.6:resources[m [1m(default-resources)[m @ [36mo1SimpleChat[0;1m ---[m
[[1;34mINFO[m] Using 'UTF-8' encoding to copy filtered resources.
[[1;34mINFO[m] skip non existing resourceDirectory /home/yibo/Desktop/TestGeneration/PyUnit/javatest/O1/abcd_without/o1_SimpleChat/src/main/resources
[[1;34mINFO[m] 
[[1;34mINFO[m] [1m--- [0;32mmaven-compiler-plugin:3.11.0:compile[m [1m(default-compile)[m @ [36mo1SimpleChat[0;1m ---[m
[[1;34mINFO[m] Changes detected - recompiling the module! :source
[[1;34mINFO[m] Compiling 2 source files with javac [debug target 11] to target/classes
[[1;33mWARNING[m] system modules path not set in conjunction with -source 11
[[1;34mINFO[m] /home/yibo/Desktop/TestGeneration/PyUnit/javatest/O1/abcd_without/o1_SimpleChat/src/main/java/projecteval/SimpleChat/Server.java: /home/yibo/Desktop/TestGeneration/PyUnit/javatest/O1/abcd_without/o1_SimpleChat/src/main/java/projecteval/SimpleChat/Server.java uses unchecked or unsafe operations.
[[1;34mINFO[m] /home/yibo/Desktop/TestGeneration/PyUnit/javatest/O1/abcd_without/o1_SimpleChat/src/main/java/projecteval/SimpleChat/Server.java: Recompile with -Xlint:unchecked for details.
[[1;34mINFO[m] 
[[1;34mINFO[m] [1m--- [0;32mmaven-resources-plugin:2.6:testResources[m [1m(default-testResources)[m @ [36mo1SimpleChat[0;1m ---[m
[[1;34mINFO[m] Using 'UTF-8' encoding to copy filtered resources.
[[1;34mINFO[m] skip non existing resourceDirectory /home/yibo/Desktop/TestGeneration/PyUnit/javatest/O1/abcd_without/o1_SimpleChat/src/test/resources
[[1;34mINFO[m] 
[[1;34mINFO[m] [1m--- [0;32mmaven-compiler-plugin:3.11.0:testCompile[m [1m(default-testCompile)[m @ [36mo1SimpleChat[0;1m ---[m
[[1;34mINFO[m] Changes detected - recompiling the module! :dependency
[[1;34mINFO[m] Compiling 2 source files with javac [debug target 11] to target/test-classes
[[1;34mINFO[m] /home/yibo/Desktop/TestGeneration/PyUnit/javatest/O1/abcd_without/o1_SimpleChat/src/test/java/projecteval/SimpleChat/VerySimpleChatServerTest.java: /home/yibo/Desktop/TestGeneration/PyUnit/javatest/O1/abcd_without/o1_SimpleChat/src/test/java/projecteval/SimpleChat/VerySimpleChatServerTest.java uses unchecked or unsafe operations.
[[1;34mINFO[m] /home/yibo/Desktop/TestGeneration/PyUnit/javatest/O1/abcd_without/o1_SimpleChat/src/test/java/projecteval/SimpleChat/VerySimpleChatServerTest.java: Recompile with -Xlint:unchecked for details.
[[1;34mINFO[m] -------------------------------------------------------------
[[1;33mWARNING[m] COMPILATION WARNING : 
[[1;34mINFO[m] -------------------------------------------------------------
[[1;33mWARNING[m] system modules path not set in conjunction with -source 11
[[1;34mINFO[m] 1 warning
[[1;34mINFO[m] -------------------------------------------------------------
[[1;34mINFO[m] -------------------------------------------------------------
[[1;31mERROR[m] COMPILATION ERROR : 
[[1;34mINFO[m] -------------------------------------------------------------
[[1;31mERROR[m] /home/yibo/Desktop/TestGeneration/PyUnit/javatest/O1/abcd_without/o1_SimpleChat/src/test/java/projecteval/SimpleChat/ClientTest.java:[41,45] cannot find symbol
  symbol:   method createSocket(java.lang.String,int)
  location: class projecteval.SimpleChat.Client
[[1;31mERROR[m] /home/yibo/Desktop/TestGeneration/PyUnit/javatest/O1/abcd_without/o1_SimpleChat/src/test/java/projecteval/SimpleChat/ClientTest.java:[45,18] setUpNetworking() has private access in projecteval.SimpleChat.Client
[[1;34mINFO[m] 2 errors 
[[1;34mINFO[m] -------------------------------------------------------------
[[1;34mINFO[m] [1m------------------------------------------------------------------------[m
[[1;34mINFO[m] [1;31mBUILD FAILURE[m
[[1;34mINFO[m] [1m------------------------------------------------------------------------[m
[[1;34mINFO[m] Total time:  0.763 s
[[1;34mINFO[m] Finished at: 2025-02-04T17:57:47-06:00
[[1;34mINFO[m] [1m------------------------------------------------------------------------[m
[[1;31mERROR[m] Failed to execute goal [32morg.apache.maven.plugins:maven-compiler-plugin:3.11.0:testCompile[m [1m(default-testCompile)[m on project [36mo1SimpleChat[m: [1;31mCompilation failure[m: Compilation failure: 
[[1;31mERROR[m] /home/yibo/Desktop/TestGeneration/PyUnit/javatest/O1/abcd_without/o1_SimpleChat/src/test/java/projecteval/SimpleChat/ClientTest.java:[41,45] cannot find symbol
[[1;31mERROR[m]   symbol:   method createSocket(java.lang.String,int)
[[1;31mERROR[m]   location: class projecteval.SimpleChat.Client
[[1;31mERROR[m] /home/yibo/Desktop/TestGeneration/PyUnit/javatest/O1/abcd_without/o1_SimpleChat/src/test/java/projecteval/SimpleChat/ClientTest.java:[45,18] setUpNetworking() has private access in projecteval.SimpleChat.Client
[[1;31mERROR[m] -> [1m[Help 1][m
[[1;31mERROR[m] 
[[1;31mERROR[m] To see the full stack trace of the errors, re-run Maven with the [1m-e[m switch.
[[1;31mERROR[m] Re-run Maven using the [1m-X[m switch to enable full debug logging.
[[1;31mERROR[m] 
[[1;31mERROR[m] For more information about the errors and possible solutions, please read the following articles:
[[1;31mERROR[m] [1m[Help 1][m http://cwiki.apache.org/confluence/display/MAVEN/MojoFailureException
