<?xml version="1.0" encoding="UTF-8"?>
<testsuite xmlns:xsi="http://www.w3.org/2001/XMLSchema-instance" xsi:noNamespaceSchemaLocation="https://maven.apache.org/surefire/maven-surefire-plugin/xsd/surefire-test-report-3.0.xsd" version="3.0" name="projecteval.Actor_relationship_game.tests.ActorGraphTest" time="0.006" tests="6" errors="0" skipped="0" failures="0">
  <properties>
[...]
</properties>
  <testcase name="testFindConnection_NoConnection" classname="projecteval.Actor_relationship_game.tests.ActorGraphTest" time="0"/>
  <testcase name="testAddActor" classname="projecteval.Actor_relationship_game.tests.ActorGraphTest" time="0"/>
  <testcase name="testAddMovie" classname="projecteval.Actor_relationship_game.tests.ActorGraphTest" time="0.001"/>
  <testcase name="testGetAllActorNames" classname="projecteval.Actor_relationship_game.tests.ActorGraphTest" time="0"/>
  <testcase name="testFindConnectionWithPath_IndirectConnection" classname="projecteval.Actor_relationship_game.tests.ActorGraphTest" time="0.001"/>
  <testcase name="testFindConnectionWithPath_DirectConnection" classname="projecteval.Actor_relationship_game.tests.ActorGraphTest" time="0"/>
</testsuite>