[[1;34mINFO[m] Scanning for projects...
[[1;34mINFO[m] 
[[1;34mINFO[m] [1m--------------< [0;36mlibraryManagement:o1libraryManagement[0;1m >--------------[m
[[1;34mINFO[m] [1mBuilding o1libraryManagement 1.0-SNAPSHOT[m
[[1;34mINFO[m] [1m--------------------------------[ jar ]---------------------------------[m
[[1;34mINFO[m] 
[[1;34mINFO[m] [1m--- [0;32mmaven-clean-plugin:2.5:clean[m [1m(default-clean)[m @ [36mo1libraryManagement[0;1m ---[m
[[1;34mINFO[m] Deleting /home/yibo/Desktop/TestGeneration/PyUnit/javatest/O1/abcd_without/o1_libraryManagement/target
[[1;34mINFO[m] 
[[1;34mINFO[m] [1m--- [0;32mjacoco-maven-plugin:0.8.8:prepare-agent[m [1m(default-prepare-agent)[m @ [36mo1libraryManagement[0;1m ---[m
[[1;34mINFO[m] argLine set to -javaagent:/home/yibo/.m2/repository/org/jacoco/org.jacoco.agent/0.8.8/org.jacoco.agent-0.8.8-runtime.jar=destfile=/home/yibo/Desktop/TestGeneration/PyUnit/javatest/O1/abcd_without/o1_libraryManagement/target/jacoco.exec
[[1;34mINFO[m] 
[[1;34mINFO[m] [1m--- [0;32mmaven-resources-plugin:2.6:resources[m [1m(default-resources)[m @ [36mo1libraryManagement[0;1m ---[m
[[1;34mINFO[m] Using 'UTF-8' encoding to copy filtered resources.
[[1;34mINFO[m] skip non existing resourceDirectory /home/yibo/Desktop/TestGeneration/PyUnit/javatest/O1/abcd_without/o1_libraryManagement/src/main/resources
[[1;34mINFO[m] 
[[1;34mINFO[m] [1m--- [0;32mmaven-compiler-plugin:3.11.0:compile[m [1m(default-compile)[m @ [36mo1libraryManagement[0;1m ---[m
[[1;34mINFO[m] Changes detected - recompiling the module! :source
[[1;34mINFO[m] Compiling 7 source files with javac [debug target 11] to target/classes
[[1;33mWARNING[m] system modules path not set in conjunction with -source 11
[[1;34mINFO[m] 
[[1;34mINFO[m] [1m--- [0;32mmaven-resources-plugin:2.6:testResources[m [1m(default-testResources)[m @ [36mo1libraryManagement[0;1m ---[m
[[1;34mINFO[m] Using 'UTF-8' encoding to copy filtered resources.
[[1;34mINFO[m] skip non existing resourceDirectory /home/yibo/Desktop/TestGeneration/PyUnit/javatest/O1/abcd_without/o1_libraryManagement/src/test/resources
[[1;34mINFO[m] 
[[1;34mINFO[m] [1m--- [0;32mmaven-compiler-plugin:3.11.0:testCompile[m [1m(default-testCompile)[m @ [36mo1libraryManagement[0;1m ---[m
[[1;34mINFO[m] Changes detected - recompiling the module! :dependency
[[1;34mINFO[m] Compiling 1 source file with javac [debug target 11] to target/test-classes
[[1;34mINFO[m] -------------------------------------------------------------
[[1;33mWARNING[m] COMPILATION WARNING : 
[[1;34mINFO[m] -------------------------------------------------------------
[[1;33mWARNING[m] system modules path not set in conjunction with -source 11
[[1;34mINFO[m] 1 warning
[[1;34mINFO[m] -------------------------------------------------------------
[[1;34mINFO[m] -------------------------------------------------------------
[[1;31mERROR[m] COMPILATION ERROR : 
[[1;34mINFO[m] -------------------------------------------------------------
[[1;31mERROR[m] /home/yibo/Desktop/TestGeneration/PyUnit/javatest/O1/abcd_without/o1_libraryManagement/src/test/java/projecteval/libraryManagement/libraryManagement0.java:[149,44] unreported exception java.sql.SQLException; must be caught or declared to be thrown
[[1;31mERROR[m] /home/yibo/Desktop/TestGeneration/PyUnit/javatest/O1/abcd_without/o1_libraryManagement/src/test/java/projecteval/libraryManagement/libraryManagement0.java:[150,36] unreported exception java.sql.SQLException; must be caught or declared to be thrown
[[1;31mERROR[m] /home/yibo/Desktop/TestGeneration/PyUnit/javatest/O1/abcd_without/o1_libraryManagement/src/test/java/projecteval/libraryManagement/libraryManagement0.java:[151,45] unreported exception java.sql.SQLException; must be caught or declared to be thrown
[[1;31mERROR[m] /home/yibo/Desktop/TestGeneration/PyUnit/javatest/O1/abcd_without/o1_libraryManagement/src/test/java/projecteval/libraryManagement/libraryManagement0.java:[167,44] unreported exception java.sql.SQLException; must be caught or declared to be thrown
[[1;31mERROR[m] /home/yibo/Desktop/TestGeneration/PyUnit/javatest/O1/abcd_without/o1_libraryManagement/src/test/java/projecteval/libraryManagement/libraryManagement0.java:[168,36] unreported exception java.sql.SQLException; must be caught or declared to be thrown
[[1;31mERROR[m] /home/yibo/Desktop/TestGeneration/PyUnit/javatest/O1/abcd_without/o1_libraryManagement/src/test/java/projecteval/libraryManagement/libraryManagement0.java:[169,38] unreported exception java.sql.SQLException; must be caught or declared to be thrown
[[1;31mERROR[m] /home/yibo/Desktop/TestGeneration/PyUnit/javatest/O1/abcd_without/o1_libraryManagement/src/test/java/projecteval/libraryManagement/libraryManagement0.java:[170,45] unreported exception java.sql.SQLException; must be caught or declared to be thrown
[[1;34mINFO[m] 7 errors 
[[1;34mINFO[m] -------------------------------------------------------------
[[1;34mINFO[m] [1m------------------------------------------------------------------------[m
[[1;34mINFO[m] [1;31mBUILD FAILURE[m
[[1;34mINFO[m] [1m------------------------------------------------------------------------[m
[[1;34mINFO[m] Total time:  0.782 s
[[1;34mINFO[m] Finished at: 2025-02-04T17:54:45-06:00
[[1;34mINFO[m] [1m------------------------------------------------------------------------[m
[[1;31mERROR[m] Failed to execute goal [32morg.apache.maven.plugins:maven-compiler-plugin:3.11.0:testCompile[m [1m(default-testCompile)[m on project [36mo1libraryManagement[m: [1;31mCompilation failure[m: Compilation failure: 
[[1;31mERROR[m] /home/yibo/Desktop/TestGeneration/PyUnit/javatest/O1/abcd_without/o1_libraryManagement/src/test/java/projecteval/libraryManagement/libraryManagement0.java:[149,44] unreported exception java.sql.SQLException; must be caught or declared to be thrown
[[1;31mERROR[m] /home/yibo/Desktop/TestGeneration/PyUnit/javatest/O1/abcd_without/o1_libraryManagement/src/test/java/projecteval/libraryManagement/libraryManagement0.java:[150,36] unreported exception java.sql.SQLException; must be caught or declared to be thrown
[[1;31mERROR[m] /home/yibo/Desktop/TestGeneration/PyUnit/javatest/O1/abcd_without/o1_libraryManagement/src/test/java/projecteval/libraryManagement/libraryManagement0.java:[151,45] unreported exception java.sql.SQLException; must be caught or declared to be thrown
[[1;31mERROR[m] /home/yibo/Desktop/TestGeneration/PyUnit/javatest/O1/abcd_without/o1_libraryManagement/src/test/java/projecteval/libraryManagement/libraryManagement0.java:[167,44] unreported exception java.sql.SQLException; must be caught or declared to be thrown
[[1;31mERROR[m] /home/yibo/Desktop/TestGeneration/PyUnit/javatest/O1/abcd_without/o1_libraryManagement/src/test/java/projecteval/libraryManagement/libraryManagement0.java:[168,36] unreported exception java.sql.SQLException; must be caught or declared to be thrown
[[1;31mERROR[m] /home/yibo/Desktop/TestGeneration/PyUnit/javatest/O1/abcd_without/o1_libraryManagement/src/test/java/projecteval/libraryManagement/libraryManagement0.java:[169,38] unreported exception java.sql.SQLException; must be caught or declared to be thrown
[[1;31mERROR[m] /home/yibo/Desktop/TestGeneration/PyUnit/javatest/O1/abcd_without/o1_libraryManagement/src/test/java/projecteval/libraryManagement/libraryManagement0.java:[170,45] unreported exception java.sql.SQLException; must be caught or declared to be thrown
[[1;31mERROR[m] -> [1m[Help 1][m
[[1;31mERROR[m] 
[[1;31mERROR[m] To see the full stack trace of the errors, re-run Maven with the [1m-e[m switch.
[[1;31mERROR[m] Re-run Maven using the [1m-X[m switch to enable full debug logging.
[[1;31mERROR[m] 
[[1;31mERROR[m] For more information about the errors and possible solutions, please read the following articles:
[[1;31mERROR[m] [1m[Help 1][m http://cwiki.apache.org/confluence/display/MAVEN/MojoFailureException
