[[1;34mINFO[m] Scanning for projects...
[[1;33mWARNING[m] 
[[1;33mWARNING[m] Some problems were encountered while building the effective model for servlet:o1servlet:jar:1.0-SNAPSHOT
[[1;33mWARNING[m] 'dependencies.dependency.(groupId:artifactId:type:classifier)' must be unique: org.junit.jupiter:junit-jupiter-engine:jar -> version 5.9.1 vs 5.8.1 @ line 51, column 17
[[1;33mWARNING[m] 'dependencies.dependency.(groupId:artifactId:type:classifier)' must be unique: org.mockito:mockito-core:jar -> version 5.5.0 vs 5.7.0 @ line 58, column 17
[[1;33mWARNING[m] 
[[1;33mWARNING[m] It is highly recommended to fix these problems because they threaten the stability of your build.
[[1;33mWARNING[m] 
[[1;33mWARNING[m] For this reason, future Maven versions might no longer support building such malformed projects.
[[1;33mWARNING[m] 
[[1;34mINFO[m] 
[[1;34mINFO[m] [1m------------------------< [0;36mservlet:o1servlet[0;1m >------------------------[m
[[1;34mINFO[m] [1mBuilding o1servlet 1.0-SNAPSHOT[m
[[1;34mINFO[m] [1m--------------------------------[ jar ]---------------------------------[m
[[1;34mINFO[m] 
[[1;34mINFO[m] [1m--- [0;32mmaven-clean-plugin:2.5:clean[m [1m(default-clean)[m @ [36mo1servlet[0;1m ---[m
[[1;34mINFO[m] Deleting /home/yibo/Desktop/TestGeneration/PyUnit/javatest/O1/abcd_without/o1_servlet/target
[[1;34mINFO[m] 
[[1;34mINFO[m] [1m--- [0;32mjacoco-maven-plugin:0.8.8:prepare-agent[m [1m(default-prepare-agent)[m @ [36mo1servlet[0;1m ---[m
[[1;34mINFO[m] argLine set to -javaagent:/home/yibo/.m2/repository/org/jacoco/org.jacoco.agent/0.8.8/org.jacoco.agent-0.8.8-runtime.jar=destfile=/home/yibo/Desktop/TestGeneration/PyUnit/javatest/O1/abcd_without/o1_servlet/target/jacoco.exec
[[1;34mINFO[m] 
[[1;34mINFO[m] [1m--- [0;32mmaven-resources-plugin:2.6:resources[m [1m(default-resources)[m @ [36mo1servlet[0;1m ---[m
[[1;34mINFO[m] Using 'UTF-8' encoding to copy filtered resources.
[[1;34mINFO[m] skip non existing resourceDirectory /home/yibo/Desktop/TestGeneration/PyUnit/javatest/O1/abcd_without/o1_servlet/src/main/resources
[[1;34mINFO[m] 
[[1;34mINFO[m] [1m--- [0;32mmaven-compiler-plugin:3.11.0:compile[m [1m(default-compile)[m @ [36mo1servlet[0;1m ---[m
[[1;34mINFO[m] Changes detected - recompiling the module! :source
[[1;34mINFO[m] Compiling 6 source files with javac [debug target 11] to target/classes
[[1;33mWARNING[m] system modules path not set in conjunction with -source 11
[[1;34mINFO[m] 
[[1;34mINFO[m] [1m--- [0;32mmaven-resources-plugin:2.6:testResources[m [1m(default-testResources)[m @ [36mo1servlet[0;1m ---[m
[[1;34mINFO[m] Using 'UTF-8' encoding to copy filtered resources.
[[1;34mINFO[m] skip non existing resourceDirectory /home/yibo/Desktop/TestGeneration/PyUnit/javatest/O1/abcd_without/o1_servlet/src/test/resources
[[1;34mINFO[m] 
[[1;34mINFO[m] [1m--- [0;32mmaven-compiler-plugin:3.11.0:testCompile[m [1m(default-testCompile)[m @ [36mo1servlet[0;1m ---[m
[[1;34mINFO[m] Changes detected - recompiling the module! :dependency
[[1;34mINFO[m] Compiling 6 source files with javac [debug target 11] to target/test-classes
[[1;34mINFO[m] -------------------------------------------------------------
[[1;33mWARNING[m] COMPILATION WARNING : 
[[1;34mINFO[m] -------------------------------------------------------------
[[1;33mWARNING[m] system modules path not set in conjunction with -source 11
[[1;34mINFO[m] 1 warning
[[1;34mINFO[m] -------------------------------------------------------------
[[1;34mINFO[m] -------------------------------------------------------------
[[1;31mERROR[m] COMPILATION ERROR : 
[[1;34mINFO[m] -------------------------------------------------------------
[[1;31mERROR[m] /home/yibo/Desktop/TestGeneration/PyUnit/javatest/O1/abcd_without/o1_servlet/src/test/java/projecteval/servlet/LoginPageTest.java:[78,18] cannot assign a value to final variable con
[[1;31mERROR[m] /home/yibo/Desktop/TestGeneration/PyUnit/javatest/O1/abcd_without/o1_servlet/src/test/java/projecteval/servlet/LoginPageTest.java:[101,18] cannot assign a value to final variable con
[[1;31mERROR[m] /home/yibo/Desktop/TestGeneration/PyUnit/javatest/O1/abcd_without/o1_servlet/src/test/java/projecteval/servlet/LoginPageTest.java:[118,18] cannot assign a value to final variable con
[[1;31mERROR[m] /home/yibo/Desktop/TestGeneration/PyUnit/javatest/O1/abcd_without/o1_servlet/src/test/java/projecteval/servlet/AgainVoteTest.java:[49,25] doGet(jakarta.servlet.http.HttpServletRequest,jakarta.servlet.http.HttpServletResponse) has protected access in jakarta.servlet.http.HttpServlet
[[1;31mERROR[m] /home/yibo/Desktop/TestGeneration/PyUnit/javatest/O1/abcd_without/o1_servlet/src/test/java/projecteval/servlet/VoteTest.java:[79,13] cannot assign a value to final variable con
[[1;31mERROR[m] /home/yibo/Desktop/TestGeneration/PyUnit/javatest/O1/abcd_without/o1_servlet/src/test/java/projecteval/servlet/VoteTest.java:[101,13] cannot assign a value to final variable con
[[1;31mERROR[m] /home/yibo/Desktop/TestGeneration/PyUnit/javatest/O1/abcd_without/o1_servlet/src/test/java/projecteval/servlet/VoteTest.java:[123,13] cannot assign a value to final variable con
[[1;34mINFO[m] 7 errors 
[[1;34mINFO[m] -------------------------------------------------------------
[[1;34mINFO[m] [1m------------------------------------------------------------------------[m
[[1;34mINFO[m] [1;31mBUILD FAILURE[m
[[1;34mINFO[m] [1m------------------------------------------------------------------------[m
[[1;34mINFO[m] Total time:  0.674 s
[[1;34mINFO[m] Finished at: 2025-02-04T17:54:41-06:00
[[1;34mINFO[m] [1m------------------------------------------------------------------------[m
[[1;31mERROR[m] Failed to execute goal [32morg.apache.maven.plugins:maven-compiler-plugin:3.11.0:testCompile[m [1m(default-testCompile)[m on project [36mo1servlet[m: [1;31mCompilation failure[m: Compilation failure: 
[[1;31mERROR[m] /home/yibo/Desktop/TestGeneration/PyUnit/javatest/O1/abcd_without/o1_servlet/src/test/java/projecteval/servlet/LoginPageTest.java:[78,18] cannot assign a value to final variable con
[[1;31mERROR[m] /home/yibo/Desktop/TestGeneration/PyUnit/javatest/O1/abcd_without/o1_servlet/src/test/java/projecteval/servlet/LoginPageTest.java:[101,18] cannot assign a value to final variable con
[[1;31mERROR[m] /home/yibo/Desktop/TestGeneration/PyUnit/javatest/O1/abcd_without/o1_servlet/src/test/java/projecteval/servlet/LoginPageTest.java:[118,18] cannot assign a value to final variable con
[[1;31mERROR[m] /home/yibo/Desktop/TestGeneration/PyUnit/javatest/O1/abcd_without/o1_servlet/src/test/java/projecteval/servlet/AgainVoteTest.java:[49,25] doGet(jakarta.servlet.http.HttpServletRequest,jakarta.servlet.http.HttpServletResponse) has protected access in jakarta.servlet.http.HttpServlet
[[1;31mERROR[m] /home/yibo/Desktop/TestGeneration/PyUnit/javatest/O1/abcd_without/o1_servlet/src/test/java/projecteval/servlet/VoteTest.java:[79,13] cannot assign a value to final variable con
[[1;31mERROR[m] /home/yibo/Desktop/TestGeneration/PyUnit/javatest/O1/abcd_without/o1_servlet/src/test/java/projecteval/servlet/VoteTest.java:[101,13] cannot assign a value to final variable con
[[1;31mERROR[m] /home/yibo/Desktop/TestGeneration/PyUnit/javatest/O1/abcd_without/o1_servlet/src/test/java/projecteval/servlet/VoteTest.java:[123,13] cannot assign a value to final variable con
[[1;31mERROR[m] -> [1m[Help 1][m
[[1;31mERROR[m] 
[[1;31mERROR[m] To see the full stack trace of the errors, re-run Maven with the [1m-e[m switch.
[[1;31mERROR[m] Re-run Maven using the [1m-X[m switch to enable full debug logging.
[[1;31mERROR[m] 
[[1;31mERROR[m] For more information about the errors and possible solutions, please read the following articles:
[[1;31mERROR[m] [1m[Help 1][m http://cwiki.apache.org/confluence/display/MAVEN/MojoFailureException
