<?xml version="1.0" encoding="UTF-8"?>
<testsuite xmlns:xsi="http://www.w3.org/2001/XMLSchema-instance" xsi:noNamespaceSchemaLocation="https://maven.apache.org/surefire/maven-surefire-plugin/xsd/surefire-test-report-3.0.xsd" version="3.0" name="projecteval.EmailAdministrationApplication.EmailTest" time="0.065" tests="9" errors="0" skipped="0" failures="0">
  <properties>
[...]
</properties>
  <testcase name="testConstructorAndDefaults_InvalidDepartment" classname="projecteval.EmailAdministrationApplication.EmailTest" time="0.036">
    <system-out><![CDATA[Email Created: John Doe
Department Codes
1 For Sales
2 for Development
3 for Account
0 for None
Enter Department Code: ]]></system-out>
  </testcase>
  <testcase name="testConstructorAndDefaults_SalesDepartment" classname="projecteval.EmailAdministrationApplication.EmailTest" time="0.002">
    <system-out><![CDATA[Email Created: John Doe
Department Codes
1 For Sales
2 for Development
3 for Account
0 for None
Enter Department Code: ]]></system-out>
  </testcase>
  <testcase name="testConstructorAndDefaults_NoDepartment" classname="projecteval.EmailAdministrationApplication.EmailTest" time="0.003">
    <system-out><![CDATA[Email Created: John Doe
Department Codes
1 For Sales
2 for Development
3 for Account
0 for None
Enter Department Code: ]]></system-out>
  </testcase>
  <testcase name="testConstructorAndDefaults_DevDepartment" classname="projecteval.EmailAdministrationApplication.EmailTest" time="0.001">
    <system-out><![CDATA[Email Created: John Doe
Department Codes
1 For Sales
2 for Development
3 for Account
0 for None
Enter Department Code: ]]></system-out>
  </testcase>
  <testcase name="testConstructorAndDefaults_AccountDepartment" classname="projecteval.EmailAdministrationApplication.EmailTest" time="0.001">
    <system-out><![CDATA[Email Created: John Doe
Department Codes
1 For Sales
2 for Development
3 for Account
0 for None
Enter Department Code: ]]></system-out>
  </testcase>
  <testcase name="testSetMailboxCapacity" classname="projecteval.EmailAdministrationApplication.EmailTest" time="0.001">
    <system-out><![CDATA[Email Created: John Doe
Department Codes
1 For Sales
2 for Development
3 for Account
0 for None
Enter Department Code: ]]></system-out>
  </testcase>
  <testcase name="testShowInfo" classname="projecteval.EmailAdministrationApplication.EmailTest" time="0.001">
    <system-out><![CDATA[Email Created: Jane Smith
Department Codes
1 For Sales
2 for Development
3 for Account
0 for None
Enter Department Code: ]]></system-out>
  </testcase>
  <testcase name="testSetAlternateEmail" classname="projecteval.EmailAdministrationApplication.EmailTest" time="0">
    <system-out><![CDATA[Email Created: John Doe
Department Codes
1 For Sales
2 for Development
3 for Account
0 for None
Enter Department Code: ]]></system-out>
  </testcase>
  <testcase name="testRandomPasswordLength" classname="projecteval.EmailAdministrationApplication.EmailTest" time="0">
    <system-out><![CDATA[Email Created: John Doe
Department Codes
1 For Sales
2 for Development
3 for Account
0 for None
Enter Department Code: ]]></system-out>
  </testcase>
</testsuite>